    {
        "Id":  5379,
        "Version":  0,
        "Qualifiers":  null,
        "Level":  0,
        "Task":  13824,
        "Opcode":  0,
        "Keywords":  -9214364837600034816,
        "RecordId":  459988,
        "ProviderName":  "Microsoft-Windows-Security-Auditing",
        "ProviderId":  "54849625-5478-4994-a5ba-3e3b0328c30d",
        "LogName":  "Security",
        "ProcessId":  1004,
        "ThreadId":  1172,
        "MachineName":  "DESKTOP-0KE1UMC",
        "UserId":  null,
        "TimeCreated":  "\/Date(1788808571446)\/",
        "ActivityId":  "60317226-0f18-0000-6b73-3160180fdd01",
        "RelatedActivityId":  null,
        "ContainerLog":  "Security",
        "MatchedQueryIds":  [

                            ],
        "Bookmark":  {

                     },
        "LevelDisplayName":  "Information",
        "OpcodeDisplayName":  "Info",
        "TaskDisplayName":  "User Account Management",
        "KeywordsDisplayNames":  [
                                     "Audit Success"
                                 ],
        "Properties":  [
                           {
                               "Value":  {
                                             "BinaryLength":  12,
                                             "AccountDomainSid":  null,
                                             "Value":  "S-1-5-19"
                                         }
                           },
                           {
                               "Value":  "LOCAL SERVICE"
                           },
                           {
                               "Value":  "NT AUTHORITY"
                           },
                           {
                               "Value":  997
                           },
                           {
                               "Value":  "MicrosoftAccount:user=02dyxsodxpeeblig"
                           },
                           {
                               "Value":  0
                           },
                           {
                               "Value":  0
                           },
                           {
                               "Value":  "%%8100"
                           },
                           {
                               "Value":  3221226021
                           },
                           {
                               "Value":  "\/Date(1788808565017)\/"
                           },
                           {
                               "Value":  22732
                           }
                       ],
        "Message":  "Credential Manager credentials were read.\r\n\r\nSubject:\r\n\tSecurity ID:\t\tS-1-5-19\r\n\tAccount Name:\t\tLOCAL SERVICE\r\n\tAccount Domain:\t\tNT AUTHORITY\r\n\tLogon ID:\t\t0x3E5\r\n\tRead Operation:\t\tEnumerate Credentials\r\n\r\nThis event occurs when a user performs a read operation on stored credentials in Credential Manager."
    },
    {
        "Id":  5379,
        "Version":  0,
        "Qualifiers":  null,
        "Level":  0,
        "Task":  13824,
        "Opcode":  0,
        "Keywords":  -9214364837600034816,
        "RecordId":  459987,
        "ProviderName":  "Microsoft-Windows-Security-Auditing",
        "ProviderId":  "54849625-5478-4994-a5ba-3e3b0328c30d",
        "LogName":  "Security",
        "ProcessId":  1004,
        "ThreadId":  1172,
        "MachineName":  "DESKTOP-0KE1UMC",
        "UserId":  null,
        "TimeCreated":  "\/Date(1788808571198)\/",
        "ActivityId":  "60317226-0f18-0000-6b73-3160180fdd01",
        "RelatedActivityId":  null,
        "ContainerLog":  "Security",
        "MatchedQueryIds":  [

                            ],
        "Bookmark":  {

                     },
        "LevelDisplayName":  "Information",
        "OpcodeDisplayName":  "Info",
        "TaskDisplayName":  "User Account Management",
        "KeywordsDisplayNames":  [
                                     "Audit Success"
                                 ],
        "Properties":  [
                           {
                               "Value":  {
                                             "BinaryLength":  12,
                                             "AccountDomainSid":  null,
                                             "Value":  "S-1-5-19"
                                         }
                           },
                           {
                               "Value":  "LOCAL SERVICE"
                           },
                           {
                               "Value":  "NT AUTHORITY"
                           },
                           {
                               "Value":  997
                           },
                           {
                               "Value":  "MicrosoftAccount:user=02dyxsodxpeeblig"
                           },
                           {
                               "Value":  0
                           },
                           {
                               "Value":  0
                           },
                           {
                               "Value":  "%%8100"
                           },
                           {
                               "Value":  3221226021
                           },
                           {
                               "Value":  "\/Date(1788808565017)\/"
                           },
                           {
                               "Value":  22732
                           }
                       ],
        "Message":  "Credential Manager credentials were read.\r\n\r\nSubject:\r\n\tSecurity ID:\t\tS-1-5-19\r\n\tAccount Name:\t\tLOCAL SERVICE\r\n\tAccount Domain:\t\tNT AUTHORITY\r\n\tLogon ID:\t\t0x3E5\r\n\tRead Operation:\t\tEnumerate Credentials\r\n\r\nThis event occurs when a user performs a read operation on stored credentials in Credential Manager."
    },
    {
        "Id":  5379,
        "Version":  0,
        "Qualifiers":  null,
        "Level":  0,
        "Task":  13824,
        "Opcode":  0,
        "Keywords":  -9214364837600034816,
        "RecordId":  459986,
        "ProviderName":  "Microsoft-Windows-Security-Auditing",
        "ProviderId":  "54849625-5478-4994-a5ba-3e3b0328c30d",
        "LogName":  "Security",
        "ProcessId":  1004,
        "ThreadId":  1172,
        "MachineName":  "DESKTOP-0KE1UMC",
        "UserId":  null,
        "TimeCreated":  "\/Date(1788808571086)\/",
        "ActivityId":  "60317226-0f18-0000-6b73-3160180fdd01",
        "RelatedActivityId":  null,
        "ContainerLog":  "Security",
        "MatchedQueryIds":  [

                            ],
        "Bookmark":  {

                     },
        "LevelDisplayName":  "Information",
        "OpcodeDisplayName":  "Info",
        "TaskDisplayName":  "User Account Management",
        "KeywordsDisplayNames":  [
                                     "Audit Success"
                                 ],
        "Properties":  [
                           {
                               "Value":  {
                                             "BinaryLength":  12,
                                             "AccountDomainSid":  null,
                                             "Value":  "S-1-5-19"
                                         }
                           },
                           {
                               "Value":  "LOCAL SERVICE"
                           },
                           {
                               "Value":  "NT AUTHORITY"
                           },
                           {
                               "Value":  997
                           },
                           {
                               "Value":  "MicrosoftAccount:user=02dyxsodxpeeblig"
                           },
                           {
                               "Value":  0
                           },
                           {
                               "Value":  0
                           },
                           {
                               "Value":  "%%8100"
                           },
                           {
                               "Value":  3221226021
                           },
                           {
                               "Value":  "\/Date(1788808565017)\/"
                           },
                           {
                               "Value":  22732
                           }
                       ],
        "Message":  "Credential Manager credentials were read.\r\n\r\nSubject:\r\n\tSecurity ID:\t\tS-1-5-19\r\n\tAccount Name:\t\tLOCAL SERVICE\r\n\tAccount Domain:\t\tNT AUTHORITY\r\n\tLogon ID:\t\t0x3E5\r\n\tRead Operation:\t\tEnumerate Credentials\r\n\r\nThis event occurs when a user performs a read operation on stored credentials in Credential Manager."
    },
    {
        "Id":  5379,
        "Version":  0,
        "Qualifiers":  null,
        "Level":  0,
        "Task":  13824,
        "Opcode":  0,
        "Keywords":  -9214364837600034816,
        "RecordId":  459985,
        "ProviderName":  "Microsoft-Windows-Security-Auditing",
        "ProviderId":  "54849625-5478-4994-a5ba-3e3b0328c30d",
        "LogName":  "Security",
        "ProcessId":  1004,
        "ThreadId":  8472,
        "MachineName":  "DESKTOP-0KE1UMC",
        "UserId":  null,
        "TimeCreated":  "\/Date(1788808565809)\/",
        "ActivityId":  "60317226-0f18-0000-6b73-3160180fdd01",
        "RelatedActivityId":  null,
        "ContainerLog":  "Security",
        "MatchedQueryIds":  [

                            ],
        "Bookmark":  {

                     },
        "LevelDisplayName":  "Information",
        "OpcodeDisplayName":  "Info",
        "TaskDisplayName":  "User Account Management",
        "KeywordsDisplayNames":  [
                                     "Audit Success"
                                 ],
        "Properties":  [
                           {
                               "Value":  {
                                             "BinaryLength":  28,
                                             "AccountDomainSid":  {
                                                                      "BinaryLength":  24,
                                                                      "AccountDomainSid":  {
                                                                                               "BinaryLength":  24,
                                                                                               "AccountDomainSid":  {
                                                                                                                        "BinaryLength":  24,
                                                                                                                        "AccountDomainSid":  {
                                                                                                                                                 "BinaryLength":  24,
                                                                                                                                                 "AccountDomainSid":  {
                                                                                                                                                                          "BinaryLength":  24,
                                                                                                                                                                          "AccountDomainSid":  {
                                                                                                                                                                                                   "BinaryLength":  24,
                                                                                                                                                                                                   "AccountDomainSid":  "S-1-5-21-1142061746-2163019219-1645668253",
                                                                                                                                                                                                   "Value":  "S-1-5-21-1142061746-2163019219-1645668253"
                                                                                                                                                                                               },
                                                                                                                                                                          "Value":  "S-1-5-21-1142061746-2163019219-1645668253"
                                                                                                                                                                      },
                                                                                                                                                 "Value":  "S-1-5-21-1142061746-2163019219-1645668253"
                                                                                                                                             },
                                                                                                                        "Value":  "S-1-5-21-1142061746-2163019219-1645668253"
                                                                                                                    },
                                                                                               "Value":  "S-1-5-21-1142061746-2163019219-1645668253"
                                                                                           },
                                                                      "Value":  "S-1-5-21-1142061746-2163019219-1645668253"
                                                                  },
                                             "Value":  "S-1-5-21-1142061746-2163019219-1645668253-1001"
                                         }
                           },
                           {
                               "Value":  "Lenovo"
                           },
                           {
                               "Value":  "DESKTOP-0KE1UMC"
                           },
                           {
                               "Value":  304509497
                           },
                           {
                               "Value":  "WindowsLive:target=virtualapp/didlogical"
                           },
                           {
                               "Value":  0
                           },
                           {
                               "Value":  1
                           },
                           {
                               "Value":  "%%8100"
                           },
                           {
                               "Value":  0
                           },
                           {
                               "Value":  "\/Date(1788808565017)\/"
                           },
                           {
                               "Value":  22732
                           }
                       ],
        "Message":  "Credential Manager credentials were read.\r\n\r\nSubject:\r\n\tSecurity ID:\t\tS-1-5-21-1142061746-2163019219-1645668253-1001\r\n\tAccount Name:\t\tLenovo\r\n\tAccount Domain:\t\tDESKTOP-0KE1UMC\r\n\tLogon ID:\t\t0x12267239\r\n\tRead Operation:\t\tEnumerate Credentials\r\n\r\nThis event occurs when a user performs a read operation on stored credentials in Credential Manager."
    },
    {
        "Id":  5379,
        "Version":  0,
        "Qualifiers":  null,
        "Level":  0,
        "Task":  13824,
        "Opcode":  0,
        "Keywords":  -9214364837600034816,
        "RecordId":  459984,
        "ProviderName":  "Microsoft-Windows-Security-Auditing",
        "ProviderId":  "54849625-5478-4994-a5ba-3e3b0328c30d",
        "LogName":  "Security",
        "ProcessId":  1004,
        "ThreadId":  8472,
        "MachineName":  "DESKTOP-0KE1UMC",
        "UserId":  null,
        "TimeCreated":  "\/Date(1788808565809)\/",
        "ActivityId":  "60317226-0f18-0000-6b73-3160180fdd01",
        "RelatedActivityId":  null,
        "ContainerLog":  "Security",
        "MatchedQueryIds":  [

                            ],
        "Bookmark":  {

                     },
        "LevelDisplayName":  "Information",
        "OpcodeDisplayName":  "Info",
        "TaskDisplayName":  "User Account Management",
        "KeywordsDisplayNames":  [
                                     "Audit Success"
                                 ],
        "Properties":  [
                           {
                               "Value":  {
                                             "BinaryLength":  28,
                                             "AccountDomainSid":  {
                                                                      "BinaryLength":  24,
                                                                      "AccountDomainSid":  {
                                                                                               "BinaryLength":  24,
                                                                                               "AccountDomainSid":  {
                                                                                                                        "BinaryLength":  24,
                                                                                                                        "AccountDomainSid":  {
                                                                                                                                                 "BinaryLength":  24,
                                                                                                                                                 "AccountDomainSid":  {
                                                                                                                                                                          "BinaryLength":  24,
                                                                                                                                                                          "AccountDomainSid":  {
                                                                                                                                                                                                   "BinaryLength":  24,
                                                                                                                                                                                                   "AccountDomainSid":  "S-1-5-21-1142061746-2163019219-1645668253",
                                                                                                                                                                                                   "Value":  "S-1-5-21-1142061746-2163019219-1645668253"
                                                                                                                                                                                               },
                                                                                                                                                                          "Value":  "S-1-5-21-1142061746-2163019219-1645668253"
                                                                                                                                                                      },
                                                                                                                                                 "Value":  "S-1-5-21-1142061746-2163019219-1645668253"
                                                                                                                                             },
                                                                                                                        "Value":  "S-1-5-21-1142061746-2163019219-1645668253"
                                                                                                                    },
                                                                                               "Value":  "S-1-5-21-1142061746-2163019219-1645668253"
                                                                                           },
                                                                      "Value":  "S-1-5-21-1142061746-2163019219-1645668253"
                                                                  },
                                             "Value":  "S-1-5-21-1142061746-2163019219-1645668253-1001"
                                         }
                           },
                           {
                               "Value":  "Lenovo"
                           },
                           {
                               "Value":  "DESKTOP-0KE1UMC"
                           },
                           {
                               "Value":  304509497
                           },
                           {
                               "Value":  "WindowsLive:(cert):name=02nmmtjuryokfimb;serviceuri=*"
                           },
                           {
                               "Value":  0
                           },
                           {
                               "Value":  0
                           },
                           {
                               "Value":  "%%8100"
                           },
                           {
                               "Value":  3221226021
                           },
                           {
                               "Value":  "\/Date(1788808565017)\/"
                           },
                           {
                               "Value":  22732
                           }
                       ],
        "Message":  "Credential Manager credentials were read.\r\n\r\nSubject:\r\n\tSecurity ID:\t\tS-1-5-21-1142061746-2163019219-1645668253-1001\r\n\tAccount Name:\t\tLenovo\r\n\tAccount Domain:\t\tDESKTOP-0KE1UMC\r\n\tLogon ID:\t\t0x12267239\r\n\tRead Operation:\t\tEnumerate Credentials\r\n\r\nThis event occurs when a user performs a read operation on stored credentials in Credential Manager."
    },
    {
        "Id":  5379,
        "Version":  0,
        "Qualifiers":  null,
        "Level":  0,
        "Task":  13824,
        "Opcode":  0,
        "Keywords":  -9214364837600034816,
        "RecordId":  459983,
        "ProviderName":  "Microsoft-Windows-Security-Auditing",
        "ProviderId":  "54849625-5478-4994-a5ba-3e3b0328c30d",
        "LogName":  "Security",
        "ProcessId":  1004,
        "ThreadId":  8472,
        "MachineName":  "DESKTOP-0KE1UMC",
        "UserId":  null,
        "TimeCreated":  "\/Date(1788808565808)\/",
        "ActivityId":  "60317226-0f18-0000-6b73-3160180fdd01",
        "RelatedActivityId":  null,
        "ContainerLog":  "Security",
        "MatchedQueryIds":  [

                            ],
        "Bookmark":  {

                     },
        "LevelDisplayName":  "Information",
        "OpcodeDisplayName":  "Info",
        "TaskDisplayName":  "User Account Management",
        "KeywordsDisplayNames":  [
                                     "Audit Success"
                                 ],
        "Properties":  [
                           {
                               "Value":  {
                                             "BinaryLength":  28,
                                             "AccountDomainSid":  {
                                                                      "BinaryLength":  24,
                                                                      "AccountDomainSid":  {
                                                                                               "BinaryLength":  24,
                                                                                               "AccountDomainSid":  {
                                                                                                                        "BinaryLength":  24,
                                                                                                                        "AccountDomainSid":  {
                                                                                                                                                 "BinaryLength":  24,
                                                                                                                                                 "AccountDomainSid":  {
                                                                                                                                                                          "BinaryLength":  24,
                                                                                                                                                                          "AccountDomainSid":  {
                                                                                                                                                                                                   "BinaryLength":  24,
                                                                                                                                                                                                   "AccountDomainSid":  "S-1-5-21-1142061746-2163019219-1645668253",
                                                                                                                                                                                                   "Value":  "S-1-5-21-1142061746-2163019219-1645668253"
                                                                                                                                                                                               },
                                                                                                                                                                          "Value":  "S-1-5-21-1142061746-2163019219-1645668253"
                                                                                                                                                                      },
                                                                                                                                                 "Value":  "S-1-5-21-1142061746-2163019219-1645668253"
                                                                                                                                             },
                                                                                                                        "Value":  "S-1-5-21-1142061746-2163019219-1645668253"
                                                                                                                    },
                                                                                               "Value":  "S-1-5-21-1142061746-2163019219-1645668253"
                                                                                           },
                                                                      "Value":  "S-1-5-21-1142061746-2163019219-1645668253"
                                                                  },
                                             "Value":  "S-1-5-21-1142061746-2163019219-1645668253-1001"
                                         }
                           },
                           {
                               "Value":  "Lenovo"
                           },
                           {
                               "Value":  "DESKTOP-0KE1UMC"
                           },
                           {
                               "Value":  304509497
                           },
                           {
                               "Value":  "WindowsLive:(token):name=02nmmtjuryokfimb;serviceuri=*"
                           },
                           {
                               "Value":  0
                           },
                           {
                               "Value":  0
                           },
                           {
                               "Value":  "%%8100"
                           },
                           {
                               "Value":  3221226021
                           },
                           {
                               "Value":  "\/Date(1788808565017)\/"
                           },
                           {
                               "Value":  22732
                           }
                       ],
        "Message":  "Credential Manager credentials were read.\r\n\r\nSubject:\r\n\tSecurity ID:\t\tS-1-5-21-1142061746-2163019219-1645668253-1001\r\n\tAccount Name:\t\tLenovo\r\n\tAccount Domain:\t\tDESKTOP-0KE1UMC\r\n\tLogon ID:\t\t0x12267239\r\n\tRead Operation:\t\tEnumerate Credentials\r\n\r\nThis event occurs when a user performs a read operation on stored credentials in Credential Manager."
    },
    {
        "Id":  5379,
        "Version":  0,
        "Qualifiers":  null,
        "Level":  0,
        "Task":  13824,
        "Opcode":  0,
        "Keywords":  -9214364837600034816,
        "RecordId":  459982,
        "ProviderName":  "Microsoft-Windows-Security-Auditing",
        "ProviderId":  "54849625-5478-4994-a5ba-3e3b0328c30d",
        "LogName":  "Security",
        "ProcessId":  1004,
        "ThreadId":  8472,
        "MachineName":  "DESKTOP-0KE1UMC",
        "UserId":  null,
        "TimeCreated":  "\/Date(1788808565750)\/",
        "ActivityId":  "60317226-0f18-0000-6b73-3160180fdd01",
        "RelatedActivityId":  null,
        "ContainerLog":  "Security",
        "MatchedQueryIds":  [

                            ],
        "Bookmark":  {

                     },
        "LevelDisplayName":  "Information",
        "OpcodeDisplayName":  "Info",
        "TaskDisplayName":  "User Account Management",
        "KeywordsDisplayNames":  [
                                     "Audit Success"
                                 ],
        "Properties":  [
                           {
                               "Value":  {
                                             "BinaryLength":  12,
                                             "AccountDomainSid":  null,
                                             "Value":  "S-1-5-19"
                                         }
                           },
                           {
                               "Value":  "LOCAL SERVICE"
                           },
                           {
                               "Value":  "NT AUTHORITY"
                           },
                           {
                               "Value":  997
                           },
                           {
                               "Value":  "WindowsLive:(cert):name=02dyxsodxpeeblig;serviceuri=*"
                           },
                           {
                               "Value":  0
                           },
                           {
                               "Value":  0
                           },
                           {
                               "Value":  "%%8100"
                           },
                           {
                               "Value":  3221226021
                           },
                           {
                               "Value":  "\/Date(1788808565017)\/"
                           },
                           {
                               "Value":  22732
                           }
                       ],
        "Message":  "Credential Manager credentials were read.\r\n\r\nSubject:\r\n\tSecurity ID:\t\tS-1-5-19\r\n\tAccount Name:\t\tLOCAL SERVICE\r\n\tAccount Domain:\t\tNT AUTHORITY\r\n\tLogon ID:\t\t0x3E5\r\n\tRead Operation:\t\tEnumerate Credentials\r\n\r\nThis event occurs when a user performs a read operation on stored credentials in Credential Manager."
    },
    {
        "Id":  5379,
        "Version":  0,
        "Qualifiers":  null,
        "Level":  0,
        "Task":  13824,
        "Opcode":  0,
        "Keywords":  -9214364837600034816,
        "RecordId":  459981,
        "ProviderName":  "Microsoft-Windows-Security-Auditing",
        "ProviderId":  "54849625-5478-4994-a5ba-3e3b0328c30d",
        "LogName":  "Security",
        "ProcessId":  1004,
        "ThreadId":  8472,
        "MachineName":  "DESKTOP-0KE1UMC",
        "UserId":  null,
        "TimeCreated":  "\/Date(1788808565749)\/",
        "ActivityId":  "60317226-0f18-0000-6b73-3160180fdd01",
        "RelatedActivityId":  null,
        "ContainerLog":  "Security",
        "MatchedQueryIds":  [

                            ],
        "Bookmark":  {

                     },
        "LevelDisplayName":  "Information",
        "OpcodeDisplayName":  "Info",
        "TaskDisplayName":  "User Account Management",
        "KeywordsDisplayNames":  [
                                     "Audit Success"
                                 ],
        "Properties":  [
                           {
                               "Value":  {
                                             "BinaryLength":  12,
                                             "AccountDomainSid":  null,
                                             "Value":  "S-1-5-19"
                                         }
                           },
                           {
                               "Value":  "LOCAL SERVICE"
                           },
                           {
                               "Value":  "NT AUTHORITY"
                           },
                           {
                               "Value":  997
                           },
                           {
                               "Value":  "WindowsLive:(token):name=02dyxsodxpeeblig;serviceuri=*"
                           },
                           {
                               "Value":  0
                           },
                           {
                               "Value":  0
                           },
                           {
                               "Value":  "%%8100"
                           },
                           {
                               "Value":  3221226021
                           },
                           {
                               "Value":  "\/Date(1788808565017)\/"
                           },
                           {
                               "Value":  22732
                           }
                       ],
        "Message":  "Credential Manager credentials were read.\r\n\r\nSubject:\r\n\tSecurity ID:\t\tS-1-5-19\r\n\tAccount Name:\t\tLOCAL SERVICE\r\n\tAccount Domain:\t\tNT AUTHORITY\r\n\tLogon ID:\t\t0x3E5\r\n\tRead Operation:\t\tEnumerate Credentials\r\n\r\nThis event occurs when a user performs a read operation on stored credentials in Credential Manager."
    },
    {
        "Id":  5379,
        "Version":  0,
        "Qualifiers":  null,
        "Level":  0,
        "Task":  13824,
        "Opcode":  0,
        "Keywords":  -9214364837600034816,
        "RecordId":  459980,
        "ProviderName":  "Microsoft-Windows-Security-Auditing",
        "ProviderId":  "54849625-5478-4994-a5ba-3e3b0328c30d",
        "LogName":  "Security",
        "ProcessId":  1004,
        "ThreadId":  8472,
        "MachineName":  "DESKTOP-0KE1UMC",
        "UserId":  null,
        "TimeCreated":  "\/Date(1788808565749)\/",
        "ActivityId":  "60317226-0f18-0000-6b73-3160180fdd01",
        "RelatedActivityId":  null,
        "ContainerLog":  "Security",
        "MatchedQueryIds":  [

                            ],
        "Bookmark":  {

                     },
        "LevelDisplayName":  "Information",
        "OpcodeDisplayName":  "Info",
        "TaskDisplayName":  "User Account Management",
        "KeywordsDisplayNames":  [
                                     "Audit Success"
                                 ],
        "Properties":  [
                           {
                               "Value":  {
                                             "BinaryLength":  12,
                                             "AccountDomainSid":  null,
                                             "Value":  "S-1-5-19"
                                         }
                           },
                           {
                               "Value":  "LOCAL SERVICE"
                           },
                           {
                               "Value":  "NT AUTHORITY"
                           },
                           {
                               "Value":  997
                           },
                           {
                               "Value":  "MicrosoftAccount:user=02dyxsodxpeeblig"
                           },
                           {
                               "Value":  0
                           },
                           {
                               "Value":  0
                           },
                           {
                               "Value":  "%%8100"
                           },
                           {
                               "Value":  3221226021
                           },
                           {
                               "Value":  "\/Date(1788808565017)\/"
                           },
                           {
                               "Value":  22732
                           }
                       ],
        "Message":  "Credential Manager credentials were read.\r\n\r\nSubject:\r\n\tSecurity ID:\t\tS-1-5-19\r\n\tAccount Name:\t\tLOCAL SERVICE\r\n\tAccount Domain:\t\tNT AUTHORITY\r\n\tLogon ID:\t\t0x3E5\r\n\tRead Operation:\t\tEnumerate Credentials\r\n\r\nThis event occurs when a user performs a read operation on stored credentials in Credential Manager."
    },
    {
        "Id":  5379,
        "Version":  0,
        "Qualifiers":  null,
        "Level":  0,
        "Task":  13824,
        "Opcode":  0,
        "Keywords":  -9214364837600034816,
        "RecordId":  459979,
        "ProviderName":  "Microsoft-Windows-Security-Auditing",
        "ProviderId":  "54849625-5478-4994-a5ba-3e3b0328c30d",
        "LogName":  "Security",
        "ProcessId":  1004,
        "ThreadId":  8472,
        "MachineName":  "DESKTOP-0KE1UMC",
        "UserId":  null,
        "TimeCreated":  "\/Date(1788808565733)\/",
        "ActivityId":  "60317226-0f18-0000-6b73-3160180fdd01",
        "RelatedActivityId":  null,
        "ContainerLog":  "Security",
        "MatchedQueryIds":  [

                            ],
        "Bookmark":  {

                     },
        "LevelDisplayName":  "Information",
        "OpcodeDisplayName":  "Info",
        "TaskDisplayName":  "User Account Management",
        "KeywordsDisplayNames":  [
                                     "Audit Success"
                                 ],
        "Properties":  [
                           {
                               "Value":  {
                                             "BinaryLength":  12,
                                             "AccountDomainSid":  null,
                                             "Value":  "S-1-5-19"
                                         }
                           },
                           {
                               "Value":  "LOCAL SERVICE"
                           },
                           {
                               "Value":  "NT AUTHORITY"
                           },
                           {
                               "Value":  997
                           },
                           {
                               "Value":  "WindowsLive:target=virtualapp/didlogical"
                           },
                           {
                               "Value":  0
                           },
                           {
                               "Value":  1
                           },
                           {
                               "Value":  "%%8100"
                           },
                           {
                               "Value":  0
                           },
                           {
                               "Value":  "\/Date(1788808565017)\/"
                           },
                           {
                               "Value":  22732
                           }
                       ],
        "Message":  "Credential Manager credentials were read.\r\n\r\nSubject:\r\n\tSecurity ID:\t\tS-1-5-19\r\n\tAccount Name:\t\tLOCAL SERVICE\r\n\tAccount Domain:\t\tNT AUTHORITY\r\n\tLogon ID:\t\t0x3E5\r\n\tRead Operation:\t\tEnumerate Credentials\r\n\r\nThis event occurs when a user performs a read operation on stored credentials in Credential Manager."
    },
    {
        "Id":  5379,
        "Version":  0,
        "Qualifiers":  null,
        "Level":  0,
        "Task":  13824,
        "Opcode":  0,
        "Keywords":  -9214364837600034816,
        "RecordId":  459978,
        "ProviderName":  "Microsoft-Windows-Security-Auditing",
        "ProviderId":  "54849625-5478-4994-a5ba-3e3b0328c30d",
        "LogName":  "Security",
        "ProcessId":  1004,
        "ThreadId":  8472,
        "MachineName":  "DESKTOP-0KE1UMC",
        "UserId":  null,
        "TimeCreated":  "\/Date(1788808565733)\/",
        "ActivityId":  "60317226-0f18-0000-6b73-3160180fdd01",
        "RelatedActivityId":  null,
        "ContainerLog":  "Security",
        "MatchedQueryIds":  [

                            ],
        "Bookmark":  {

                     },
        "LevelDisplayName":  "Information",
        "OpcodeDisplayName":  "Info",
        "TaskDisplayName":  "User Account Management",
        "KeywordsDisplayNames":  [
                                     "Audit Success"
                                 ],
        "Properties":  [
                           {
                               "Value":  {
                                             "BinaryLength":  12,
                                             "AccountDomainSid":  null,
                                             "Value":  "S-1-5-19"
                                         }
                           },
                           {
                               "Value":  "LOCAL SERVICE"
                           },
                           {
                               "Value":  "NT AUTHORITY"
                           },
                           {
                               "Value":  997
                           },
                           {
                               "Value":  "WindowsLive:(cert):name=02dyxsodxpeeblig;serviceuri=*"
                           },
                           {
                               "Value":  0
                           },
                           {
                               "Value":  0
                           },
                           {
                               "Value":  "%%8100"
                           },
                           {
                               "Value":  3221226021
                           },
                           {
                               "Value":  "\/Date(1788808565017)\/"
                           },
                           {
                               "Value":  22732
                           }
                       ],
        "Message":  "Credential Manager credentials were read.\r\n\r\nSubject:\r\n\tSecurity ID:\t\tS-1-5-19\r\n\tAccount Name:\t\tLOCAL SERVICE\r\n\tAccount Domain:\t\tNT AUTHORITY\r\n\tLogon ID:\t\t0x3E5\r\n\tRead Operation:\t\tEnumerate Credentials\r\n\r\nThis event occurs when a user performs a read operation on stored credentials in Credential Manager."
    },
    {
        "Id":  5379,
        "Version":  0,
        "Qualifiers":  null,
        "Level":  0,
        "Task":  13824,
        "Opcode":  0,
        "Keywords":  -9214364837600034816,
        "RecordId":  459977,
        "ProviderName":  "Microsoft-Windows-Security-Auditing",
        "ProviderId":  "54849625-5478-4994-a5ba-3e3b0328c30d",
        "LogName":  "Security",
        "ProcessId":  1004,
        "ThreadId":  8472,
        "MachineName":  "DESKTOP-0KE1UMC",
        "UserId":  null,
        "TimeCreated":  "\/Date(1788808565732)\/",
        "ActivityId":  "60317226-0f18-0000-6b73-3160180fdd01",
        "RelatedActivityId":  null,
        "ContainerLog":  "Security",
        "MatchedQueryIds":  [

                            ],
        "Bookmark":  {

                     },
        "LevelDisplayName":  "Information",
        "OpcodeDisplayName":  "Info",
        "TaskDisplayName":  "User Account Management",
        "KeywordsDisplayNames":  [
                                     "Audit Success"
                                 ],
        "Properties":  [
                           {
                               "Value":  {
                                             "BinaryLength":  12,
                                             "AccountDomainSid":  null,
                                             "Value":  "S-1-5-19"
                                         }
                           },
                           {
                               "Value":  "LOCAL SERVICE"
                           },
                           {
                               "Value":  "NT AUTHORITY"
                           },
                           {
                               "Value":  997
                           },
                           {
                               "Value":  "WindowsLive:(token):name=02dyxsodxpeeblig;serviceuri=*"
                           },
                           {
                               "Value":  0
                           },
                           {
                               "Value":  0
                           },
                           {
                               "Value":  "%%8100"
                           },
                           {
                               "Value":  3221226021
                           },
                           {
                               "Value":  "\/Date(1788808565017)\/"
                           },
                           {
                               "Value":  22732
                           }
                       ],
        "Message":  "Credential Manager credentials were read.\r\n\r\nSubject:\r\n\tSecurity ID:\t\tS-1-5-19\r\n\tAccount Name:\t\tLOCAL SERVICE\r\n\tAccount Domain:\t\tNT AUTHORITY\r\n\tLogon ID:\t\t0x3E5\r\n\tRead Operation:\t\tEnumerate Credentials\r\n\r\nThis event occurs when a user performs a read operation on stored credentials in Credential Manager."
    },
