    {
        "Id":  4798,
        "Version":  0,
        "Qualifiers":  null,
        "Level":  0,
        "Task":  13824,
        "Opcode":  0,
        "Keywords":  -9214364837600034816,
        "RecordId":  460030,
        "ProviderName":  "Microsoft-Windows-Security-Auditing",
        "ProviderId":  "54849625-5478-4994-a5ba-3e3b0328c30d",
        "LogName":  "Security",
        "ProcessId":  1004,
        "ThreadId":  1172,
        "MachineName":  "DESKTOP-0KE1UMC",
        "UserId":  null,
        "TimeCreated":  "\/Date(1788810729287)\/",
        "ActivityId":  "60317226-0f18-0000-6b73-3160180fdd01",
        "RelatedActivityId":  null,
        "ContainerLog":  "Security",
        "MatchedQueryIds":  [

                            ],
        "Bookmark":  {

                     },
        "LevelDisplayName":  "Information",
        "OpcodeDisplayName":  "Info",
        "TaskDisplayName":  "User Account Management",
        "KeywordsDisplayNames":  [
                                     "Audit Success"
                                 ],
        "Properties":  [
                           {
                               "Value":  "Lenovo"
                           },
                           {
                               "Value":  "DESKTOP-0KE1UMC"
                           },
                           {
                               "Value":  {
                                             "BinaryLength":  28,
                                             "AccountDomainSid":  {
                                                                      "BinaryLength":  24,
                                                                      "AccountDomainSid":  {
                                                                                               "BinaryLength":  24,
                                                                                               "AccountDomainSid":  {
                                                                                                                        "BinaryLength":  24,
                                                                                                                        "AccountDomainSid":  {
                                                                                                                                                 "BinaryLength":  24,
                                                                                                                                                 "AccountDomainSid":  {
                                                                                                                                                                          "BinaryLength":  24,
                                                                                                                                                                          "AccountDomainSid":  {
                                                                                                                                                                                                   "BinaryLength":  24,
                                                                                                                                                                                                   "AccountDomainSid":  "S-1-5-21-1142061746-2163019219-1645668253",
                                                                                                                                                                                                   "Value":  "S-1-5-21-1142061746-2163019219-1645668253"
                                                                                                                                                                                               },
                                                                                                                                                                          "Value":  "S-1-5-21-1142061746-2163019219-1645668253"
                                                                                                                                                                      },
                                                                                                                                                 "Value":  "S-1-5-21-1142061746-2163019219-1645668253"
                                                                                                                                             },
                                                                                                                        "Value":  "S-1-5-21-1142061746-2163019219-1645668253"
                                                                                                                    },
                                                                                               "Value":  "S-1-5-21-1142061746-2163019219-1645668253"
                                                                                           },
                                                                      "Value":  "S-1-5-21-1142061746-2163019219-1645668253"
                                                                  },
                                             "Value":  "S-1-5-21-1142061746-2163019219-1645668253-1001"
                                         }
                           },
                           {
                               "Value":  {
                                             "BinaryLength":  28,
                                             "AccountDomainSid":  {
                                                                      "BinaryLength":  24,
                                                                      "AccountDomainSid":  {
                                                                                               "BinaryLength":  24,
                                                                                               "AccountDomainSid":  {
                                                                                                                        "BinaryLength":  24,
                                                                                                                        "AccountDomainSid":  {
                                                                                                                                                 "BinaryLength":  24,
                                                                                                                                                 "AccountDomainSid":  {
                                                                                                                                                                          "BinaryLength":  24,
                                                                                                                                                                          "AccountDomainSid":  {
                                                                                                                                                                                                   "BinaryLength":  24,
                                                                                                                                                                                                   "AccountDomainSid":  "S-1-5-21-1142061746-2163019219-1645668253",
                                                                                                                                                                                                   "Value":  "S-1-5-21-1142061746-2163019219-1645668253"
                                                                                                                                                                                               },
                                                                                                                                                                          "Value":  "S-1-5-21-1142061746-2163019219-1645668253"
                                                                                                                                                                      },
                                                                                                                                                 "Value":  "S-1-5-21-1142061746-2163019219-1645668253"
                                                                                                                                             },
                                                                                                                        "Value":  "S-1-5-21-1142061746-2163019219-1645668253"
                                                                                                                    },
                                                                                               "Value":  "S-1-5-21-1142061746-2163019219-1645668253"
                                                                                           },
                                                                      "Value":  "S-1-5-21-1142061746-2163019219-1645668253"
                                                                  },
                                             "Value":  "S-1-5-21-1142061746-2163019219-1645668253-1001"
                                         }
                           },
                           {
                               "Value":  "Lenovo"
                           },
                           {
                               "Value":  "DESKTOP-0KE1UMC"
                           },
                           {
                               "Value":  304509497
                           },
                           {
                               "Value":  19260
                           },
                           {
                               "Value":  "C:\\Program Files\\Git\\usr\\bin\\ssh.exe"
                           }
                       ],
        "Message":  "A user\u0027s local group membership was enumerated.\r\n\r\nSubject:\r\n\tSecurity ID:\t\tS-1-5-21-1142061746-2163019219-1645668253-1001\r\n\tAccount Name:\t\tLenovo\r\n\tAccount Domain:\t\tDESKTOP-0KE1UMC\r\n\tLogon ID:\t\t0x12267239\r\n\r\nUser:\r\n\tSecurity ID:\t\tS-1-5-21-1142061746-2163019219-1645668253-1001\r\n\tAccount Name:\t\tLenovo\r\n\tAccount Domain:\t\tDESKTOP-0KE1UMC\r\n\r\nProcess Information:\r\n\tProcess ID:\t\t0x4b3c\r\n\tProcess Name:\t\tC:\\Program Files\\Git\\usr\\bin\\ssh.exe"
    },
    {
        "Id":  4672,
        "Version":  0,
        "Qualifiers":  null,
        "Level":  0,
        "Task":  12548,
        "Opcode":  0,
        "Keywords":  -9214364837600034816,
        "RecordId":  460029,
        "ProviderName":  "Microsoft-Windows-Security-Auditing",
        "ProviderId":  "54849625-5478-4994-a5ba-3e3b0328c30d",
        "LogName":  "Security",
        "ProcessId":  1004,
        "ThreadId":  1172,
        "MachineName":  "DESKTOP-0KE1UMC",
        "UserId":  null,
        "TimeCreated":  "\/Date(1788810536684)\/",
        "ActivityId":  "60317226-0f18-0000-6b73-3160180fdd01",
        "RelatedActivityId":  null,
        "ContainerLog":  "Security",
        "MatchedQueryIds":  [

                            ],
        "Bookmark":  {

                     },
        "LevelDisplayName":  "Information",
        "OpcodeDisplayName":  "Info",
        "TaskDisplayName":  "Special Logon",
        "KeywordsDisplayNames":  [
                                     "Audit Success"
                                 ],
        "Properties":  [
                           {
                               "Value":  {
                                             "BinaryLength":  12,
                                             "AccountDomainSid":  null,
                                             "Value":  "S-1-5-18"
                                         }
                           },
                           {
                               "Value":  "SYSTEM"
                           },
                           {
                               "Value":  "NT AUTHORITY"
                           },
                           {
                               "Value":  999
                           },
                           {
                               "Value":  "SeAssignPrimaryTokenPrivilege\r\n\t\t\tSeTcbPrivilege\r\n\t\t\tSeSecurityPrivilege\r\n\t\t\tSeTakeOwnershipPrivilege\r\n\t\t\tSeLoadDriverPrivilege\r\n\t\t\tSeBackupPrivilege\r\n\t\t\tSeRestorePrivilege\r\n\t\t\tSeDebugPrivilege\r\n\t\t\tSeAuditPrivilege\r\n\t\t\tSeSystemEnvironmentPrivilege\r\n\t\t\tSeImpersonatePrivilege\r\n\t\t\tSeDelegateSessionUserImpersonatePrivilege"
                           }
                       ],
        "Message":  "Special privileges assigned to new logon.\r\n\r\nSubject:\r\n\tSecurity ID:\t\tS-1-5-18\r\n\tAccount Name:\t\tSYSTEM\r\n\tAccount Domain:\t\tNT AUTHORITY\r\n\tLogon ID:\t\t0x3E7\r\n\r\nPrivileges:\t\tSeAssignPrimaryTokenPrivilege\r\n\t\t\tSeTcbPrivilege\r\n\t\t\tSeSecurityPrivilege\r\n\t\t\tSeTakeOwnershipPrivilege\r\n\t\t\tSeLoadDriverPrivilege\r\n\t\t\tSeBackupPrivilege\r\n\t\t\tSeRestorePrivilege\r\n\t\t\tSeDebugPrivilege\r\n\t\t\tSeAuditPrivilege\r\n\t\t\tSeSystemEnvironmentPrivilege\r\n\t\t\tSeImpersonatePrivilege\r\n\t\t\tSeDelegateSessionUserImpersonatePrivilege"
    },
    {
        "Id":  4624,
        "Version":  2,
        "Qualifiers":  null,
        "Level":  0,
        "Task":  12544,
        "Opcode":  0,
        "Keywords":  -9214364837600034816,
        "RecordId":  460028,
        "ProviderName":  "Microsoft-Windows-Security-Auditing",
        "ProviderId":  "54849625-5478-4994-a5ba-3e3b0328c30d",
        "LogName":  "Security",
        "ProcessId":  1004,
        "ThreadId":  1172,
        "MachineName":  "DESKTOP-0KE1UMC",
        "UserId":  null,
        "TimeCreated":  "\/Date(1788810536684)\/",
        "ActivityId":  "60317226-0f18-0000-6b73-3160180fdd01",
        "RelatedActivityId":  null,
        "ContainerLog":  "Security",
        "MatchedQueryIds":  [

                            ],
        "Bookmark":  {

                     },
        "LevelDisplayName":  "Information",
        "OpcodeDisplayName":  "Info",
        "TaskDisplayName":  "Logon",
        "KeywordsDisplayNames":  [
                                     "Audit Success"
                                 ],
        "Properties":  [
                           {
                               "Value":  {
                                             "BinaryLength":  12,
                                             "AccountDomainSid":  null,
                                             "Value":  "S-1-5-18"
                                         }
                           },
                           {
                               "Value":  "DESKTOP-0KE1UMC$"
                           },
                           {
                               "Value":  "WORKGROUP"
                           },
                           {
                               "Value":  999
                           },
                           {
                               "Value":  {
                                             "BinaryLength":  12,
                                             "AccountDomainSid":  null,
                                             "Value":  "S-1-5-18"
                                         }
                           },
                           {
                               "Value":  "SYSTEM"
                           },
                           {
                               "Value":  "NT AUTHORITY"
                           },
                           {
                               "Value":  999
                           },
                           {
                               "Value":  5
                           },
                           {
                               "Value":  "Advapi  "
                           },
                           {
                               "Value":  "Negotiate"
                           },
                           {
                               "Value":  "-"
                           },
                           {
                               "Value":  "00000000-0000-0000-0000-000000000000"
                           },
                           {
                               "Value":  "-"
                           },
                           {
                               "Value":  "-"
                           },
                           {
                               "Value":  0
                           },
                           {
                               "Value":  932
                           },
                           {
                               "Value":  "C:\\Windows\\System32\\services.exe"
                           },
                           {
                               "Value":  "-"
                           },
                           {
                               "Value":  "-"
                           },
                           {
                               "Value":  "%%1833"
                           },
                           {
                               "Value":  "-"
                           },
                           {
                               "Value":  "-"
                           },
                           {
                               "Value":  "-"
                           },
                           {
                               "Value":  "%%1843"
                           },
                           {
                               "Value":  0
                           },
                           {
                               "Value":  "%%1842"
                           }
                       ],
        "Message":  "An account was successfully logged on.\r\n\r\nSubject:\r\n\tSecurity ID:\t\tS-1-5-18\r\n\tAccount Name:\t\tDESKTOP-0KE1UMC$\r\n\tAccount Domain:\t\tWORKGROUP\r\n\tLogon ID:\t\t0x3E7\r\n\r\nLogon Information:\r\n\tLogon Type:\t\t5\r\n\tRestricted Admin Mode:\t-\r\n\tVirtual Account:\t\tNo\r\n\tElevated Token:\t\tYes\r\n\r\nImpersonation Level:\t\tImpersonation\r\n\r\nNew Logon:\r\n\tSecurity ID:\t\tS-1-5-18\r\n\tAccount Name:\t\tSYSTEM\r\n\tAccount Domain:\t\tNT AUTHORITY\r\n\tLogon ID:\t\t0x3E7\r\n\tLinked Logon ID:\t\t0x0\r\n\tNetwork Account Name:\t-\r\n\tNetwork Account Domain:\t-\r\n\tLogon GUID:\t\t{00000000-0000-0000-0000-000000000000}\r\n\r\nProcess Information:\r\n\tProcess ID:\t\t0x3a4\r\n\tProcess Name:\t\tC:\\Windows\\System32\\services.exe\r\n\r\nNetwork Information:\r\n\tWorkstation Name:\t-\r\n\tSource Network Address:\t-\r\n\tSource Port:\t\t-\r\n\r\nDetailed Authentication Information:\r\n\tLogon Process:\t\tAdvapi  \r\n\tAuthentication Package:\tNegotiate\r\n\tTransited Services:\t-\r\n\tPackage Name (NTLM only):\t-\r\n\tKey Length:\t\t0\r\n\r\nThis event is generated when a logon session is created. It is generated on the computer that was accessed.\r\n\r\nThe subject fields indicate the account on the local system which requested the logon. This is most commonly a service such as the Server service, or a local process such as Winlogon.exe or Services.exe.\r\n\r\nThe logon type field indicates the kind of logon that occurred. The most common types are 2 (interactive) and 3 (network).\r\n\r\nThe New Logon fields indicate the account for whom the new logon was created, i.e. the account that was logged on.\r\n\r\nThe network fields indicate where a remote logon request originated. Workstation name is not always available and may be left blank in some cases.\r\n\r\nThe impersonation level field indicates the extent to which a process in the logon session can impersonate.\r\n\r\nThe authentication information fields provide detailed information about this specific logon request.\r\n\t- Logon GUID is a unique identifier that can be used to correlate this event with a KDC event.\r\n\t- Transited services indicate which intermediate services have participated in this logon request.\r\n\t- Package name indicates which sub-protocol was used among the NTLM protocols.\r\n\t- Key length indicates the length of the generated session key. This will be 0 if no session key was requested."
    },
    {
        "Id":  4672,
        "Version":  0,
        "Qualifiers":  null,
        "Level":  0,
        "Task":  12548,
        "Opcode":  0,
        "Keywords":  -9214364837600034816,
        "RecordId":  460027,
        "ProviderName":  "Microsoft-Windows-Security-Auditing",
        "ProviderId":  "54849625-5478-4994-a5ba-3e3b0328c30d",
        "LogName":  "Security",
        "ProcessId":  1004,
        "ThreadId":  8472,
        "MachineName":  "DESKTOP-0KE1UMC",
        "UserId":  null,
        "TimeCreated":  "\/Date(1788810024146)\/",
        "ActivityId":  "60317226-0f18-0000-6b73-3160180fdd01",
        "RelatedActivityId":  null,
        "ContainerLog":  "Security",
        "MatchedQueryIds":  [

                            ],
        "Bookmark":  {

                     },
        "LevelDisplayName":  "Information",
        "OpcodeDisplayName":  "Info",
        "TaskDisplayName":  "Special Logon",
        "KeywordsDisplayNames":  [
                                     "Audit Success"
                                 ],
        "Properties":  [
                           {
                               "Value":  {
                                             "BinaryLength":  12,
                                             "AccountDomainSid":  null,
                                             "Value":  "S-1-5-18"
                                         }
                           },
                           {
                               "Value":  "SYSTEM"
                           },
                           {
                               "Value":  "NT AUTHORITY"
                           },
                           {
                               "Value":  999
                           },
                           {
                               "Value":  "SeAssignPrimaryTokenPrivilege\r\n\t\t\tSeTcbPrivilege\r\n\t\t\tSeSecurityPrivilege\r\n\t\t\tSeTakeOwnershipPrivilege\r\n\t\t\tSeLoadDriverPrivilege\r\n\t\t\tSeBackupPrivilege\r\n\t\t\tSeRestorePrivilege\r\n\t\t\tSeDebugPrivilege\r\n\t\t\tSeAuditPrivilege\r\n\t\t\tSeSystemEnvironmentPrivilege\r\n\t\t\tSeImpersonatePrivilege\r\n\t\t\tSeDelegateSessionUserImpersonatePrivilege"
                           }
                       ],
        "Message":  "Special privileges assigned to new logon.\r\n\r\nSubject:\r\n\tSecurity ID:\t\tS-1-5-18\r\n\tAccount Name:\t\tSYSTEM\r\n\tAccount Domain:\t\tNT AUTHORITY\r\n\tLogon ID:\t\t0x3E7\r\n\r\nPrivileges:\t\tSeAssignPrimaryTokenPrivilege\r\n\t\t\tSeTcbPrivilege\r\n\t\t\tSeSecurityPrivilege\r\n\t\t\tSeTakeOwnershipPrivilege\r\n\t\t\tSeLoadDriverPrivilege\r\n\t\t\tSeBackupPrivilege\r\n\t\t\tSeRestorePrivilege\r\n\t\t\tSeDebugPrivilege\r\n\t\t\tSeAuditPrivilege\r\n\t\t\tSeSystemEnvironmentPrivilege\r\n\t\t\tSeImpersonatePrivilege\r\n\t\t\tSeDelegateSessionUserImpersonatePrivilege"
    },
    {
        "Id":  4624,
        "Version":  2,
        "Qualifiers":  null,
        "Level":  0,
        "Task":  12544,
        "Opcode":  0,
        "Keywords":  -9214364837600034816,
        "RecordId":  460026,
        "ProviderName":  "Microsoft-Windows-Security-Auditing",
        "ProviderId":  "54849625-5478-4994-a5ba-3e3b0328c30d",
        "LogName":  "Security",
        "ProcessId":  1004,
        "ThreadId":  8472,
        "MachineName":  "DESKTOP-0KE1UMC",
        "UserId":  null,
        "TimeCreated":  "\/Date(1788810024146)\/",
        "ActivityId":  "60317226-0f18-0000-6b73-3160180fdd01",
        "RelatedActivityId":  null,
        "ContainerLog":  "Security",
        "MatchedQueryIds":  [

                            ],
        "Bookmark":  {

                     },
        "LevelDisplayName":  "Information",
        "OpcodeDisplayName":  "Info",
        "TaskDisplayName":  "Logon",
        "KeywordsDisplayNames":  [
                                     "Audit Success"
                                 ],
        "Properties":  [
                           {
                               "Value":  {
                                             "BinaryLength":  12,
                                             "AccountDomainSid":  null,
                                             "Value":  "S-1-5-18"
                                         }
                           },
                           {
                               "Value":  "DESKTOP-0KE1UMC$"
                           },
                           {
                               "Value":  "WORKGROUP"
                           },
                           {
                               "Value":  999
                           },
                           {
                               "Value":  {
                                             "BinaryLength":  12,
                                             "AccountDomainSid":  null,
                                             "Value":  "S-1-5-18"
                                         }
                           },
                           {
                               "Value":  "SYSTEM"
                           },
                           {
                               "Value":  "NT AUTHORITY"
                           },
                           {
                               "Value":  999
                           },
                           {
                               "Value":  5
                           },
                           {
                               "Value":  "Advapi  "
                           },
                           {
                               "Value":  "Negotiate"
                           },
                           {
                               "Value":  "-"
                           },
                           {
                               "Value":  "00000000-0000-0000-0000-000000000000"
                           },
                           {
                               "Value":  "-"
                           },
                           {
                               "Value":  "-"
                           },
                           {
                               "Value":  0
                           },
                           {
                               "Value":  932
                           },
                           {
                               "Value":  "C:\\Windows\\System32\\services.exe"
                           },
                           {
                               "Value":  "-"
                           },
                           {
                               "Value":  "-"
                           },
                           {
                               "Value":  "%%1833"
                           },
                           {
                               "Value":  "-"
                           },
                           {
                               "Value":  "-"
                           },
                           {
                               "Value":  "-"
                           },
                           {
                               "Value":  "%%1843"
                           },
                           {
                               "Value":  0
                           },
                           {
                               "Value":  "%%1842"
                           }
                       ],
        "Message":  "An account was successfully logged on.\r\n\r\nSubject:\r\n\tSecurity ID:\t\tS-1-5-18\r\n\tAccount Name:\t\tDESKTOP-0KE1UMC$\r\n\tAccount Domain:\t\tWORKGROUP\r\n\tLogon ID:\t\t0x3E7\r\n\r\nLogon Information:\r\n\tLogon Type:\t\t5\r\n\tRestricted Admin Mode:\t-\r\n\tVirtual Account:\t\tNo\r\n\tElevated Token:\t\tYes\r\n\r\nImpersonation Level:\t\tImpersonation\r\n\r\nNew Logon:\r\n\tSecurity ID:\t\tS-1-5-18\r\n\tAccount Name:\t\tSYSTEM\r\n\tAccount Domain:\t\tNT AUTHORITY\r\n\tLogon ID:\t\t0x3E7\r\n\tLinked Logon ID:\t\t0x0\r\n\tNetwork Account Name:\t-\r\n\tNetwork Account Domain:\t-\r\n\tLogon GUID:\t\t{00000000-0000-0000-0000-000000000000}\r\n\r\nProcess Information:\r\n\tProcess ID:\t\t0x3a4\r\n\tProcess Name:\t\tC:\\Windows\\System32\\services.exe\r\n\r\nNetwork Information:\r\n\tWorkstation Name:\t-\r\n\tSource Network Address:\t-\r\n\tSource Port:\t\t-\r\n\r\nDetailed Authentication Information:\r\n\tLogon Process:\t\tAdvapi  \r\n\tAuthentication Package:\tNegotiate\r\n\tTransited Services:\t-\r\n\tPackage Name (NTLM only):\t-\r\n\tKey Length:\t\t0\r\n\r\nThis event is generated when a logon session is created. It is generated on the computer that was accessed.\r\n\r\nThe subject fields indicate the account on the local system which requested the logon. This is most commonly a service such as the Server service, or a local process such as Winlogon.exe or Services.exe.\r\n\r\nThe logon type field indicates the kind of logon that occurred. The most common types are 2 (interactive) and 3 (network).\r\n\r\nThe New Logon fields indicate the account for whom the new logon was created, i.e. the account that was logged on.\r\n\r\nThe network fields indicate where a remote logon request originated. Workstation name is not always available and may be left blank in some cases.\r\n\r\nThe impersonation level field indicates the extent to which a process in the logon session can impersonate.\r\n\r\nThe authentication information fields provide detailed information about this specific logon request.\r\n\t- Logon GUID is a unique identifier that can be used to correlate this event with a KDC event.\r\n\t- Transited services indicate which intermediate services have participated in this logon request.\r\n\t- Package name indicates which sub-protocol was used among the NTLM protocols.\r\n\t- Key length indicates the length of the generated session key. This will be 0 if no session key was requested."
    },
    {
        "Id":  5061,
        "Version":  0,
        "Qualifiers":  null,
        "Level":  0,
        "Task":  12290,
        "Opcode":  0,
        "Keywords":  -9214364837600034816,
        "RecordId":  460025,
        "ProviderName":  "Microsoft-Windows-Security-Auditing",
        "ProviderId":  "54849625-5478-4994-a5ba-3e3b0328c30d",
        "LogName":  "Security",
        "ProcessId":  1004,
        "ThreadId":  1172,
        "MachineName":  "DESKTOP-0KE1UMC",
        "UserId":  null,
        "TimeCreated":  "\/Date(1788809958532)\/",
        "ActivityId":  "60317226-0f18-0000-6b73-3160180fdd01",
        "RelatedActivityId":  null,
        "ContainerLog":  "Security",
        "MatchedQueryIds":  [

                            ],
        "Bookmark":  {

                     },
        "LevelDisplayName":  "Information",
        "OpcodeDisplayName":  "Info",
        "TaskDisplayName":  "System Integrity",
        "KeywordsDisplayNames":  [
                                     "Audit Success"
                                 ],
        "Properties":  [
                           {
                               "Value":  {
                                             "BinaryLength":  12,
                                             "AccountDomainSid":  null,
                                             "Value":  "S-1-5-18"
                                         }
                           },
                           {
                               "Value":  "DESKTOP-0KE1UMC$"
                           },
                           {
                               "Value":  "WORKGROUP"
                           },
                           {
                               "Value":  999
                           },
                           {
                               "Value":  "Microsoft Software Key Storage Provider"
                           },
                           {
                               "Value":  "RSA"
                           },
                           {
                               "Value":  "ESET encryption key"
                           },
                           {
                               "Value":  "%%2499"
                           },
                           {
                               "Value":  "%%2480"
                           },
                           {
                               "Value":  0
                           }
                       ],
        "Message":  "Cryptographic operation.\r\n\r\nSubject:\r\n\tSecurity ID:\t\tS-1-5-18\r\n\tAccount Name:\t\tDESKTOP-0KE1UMC$\r\n\tAccount Domain:\t\tWORKGROUP\r\n\tLogon ID:\t\t0x3E7\r\n\r\nCryptographic Parameters:\r\n\tProvider Name:\tMicrosoft Software Key Storage Provider\r\n\tAlgorithm Name:\tRSA\r\n\tKey Name:\tESET encryption key\r\n\tKey Type:\tMachine key.\r\n\r\nCryptographic Operation:\r\n\tOperation:\tOpen Key.\r\n\tReturn Code:\t0x0"
    },
    {
        "Id":  5058,
        "Version":  1,
        "Qualifiers":  null,
        "Level":  0,
        "Task":  12292,
        "Opcode":  0,
        "Keywords":  -9214364837600034816,
        "RecordId":  460024,
        "ProviderName":  "Microsoft-Windows-Security-Auditing",
        "ProviderId":  "54849625-5478-4994-a5ba-3e3b0328c30d",
        "LogName":  "Security",
        "ProcessId":  1004,
        "ThreadId":  1172,
        "MachineName":  "DESKTOP-0KE1UMC",
        "UserId":  null,
        "TimeCreated":  "\/Date(1788809958531)\/",
        "ActivityId":  "60317226-0f18-0000-6b73-3160180fdd01",
        "RelatedActivityId":  null,
        "ContainerLog":  "Security",
        "MatchedQueryIds":  [

                            ],
        "Bookmark":  {

                     },
        "LevelDisplayName":  "Information",
        "OpcodeDisplayName":  "Info",
        "TaskDisplayName":  "Other System Events",
        "KeywordsDisplayNames":  [
                                     "Audit Success"
                                 ],
        "Properties":  [
                           {
                               "Value":  {
                                             "BinaryLength":  12,
                                             "AccountDomainSid":  null,
                                             "Value":  "S-1-5-18"
                                         }
                           },
                           {
                               "Value":  "DESKTOP-0KE1UMC$"
                           },
                           {
                               "Value":  "WORKGROUP"
                           },
                           {
                               "Value":  999
                           },
                           {
                               "Value":  2584
                           },
                           {
                               "Value":  "\/Date(1783542598387)\/"
                           },
                           {
                               "Value":  "Microsoft Software Key Storage Provider"
                           },
                           {
                               "Value":  "UNKNOWN"
                           },
                           {
                               "Value":  "ESET encryption key"
                           },
                           {
                               "Value":  "%%2499"
                           },
                           {
                               "Value":  "C:\\ProgramData\\Microsoft\\Crypto\\Keys\\05bfb2b62daf9420edc8c71057ae114c_b6518706-73e4-4cf9-92d8-5bc9e30e1c04"
                           },
                           {
                               "Value":  "%%2458"
                           },
                           {
                               "Value":  0
                           }
                       ],
        "Message":  "Key file operation.\r\n\r\nSubject:\r\n\tSecurity ID:\t\tS-1-5-18\r\n\tAccount Name:\t\tDESKTOP-0KE1UMC$\r\n\tAccount Domain:\t\tWORKGROUP\r\n\tLogon ID:\t\t0x3E7\r\n\r\nProcess Information:\r\n\tProcess ID:\t\t2584\r\n\tProcess Creation Time:\t‎2026‎-‎07‎-‎08T20:29:58.387109400Z\r\n\r\nCryptographic Parameters:\r\n\tProvider Name:\tMicrosoft Software Key Storage Provider\r\n\tAlgorithm Name:\tUNKNOWN\r\n\tKey Name:\tESET encryption key\r\n\tKey Type:\tMachine key.\r\n\r\nKey File Operation Information:\r\n\tFile Path:\tC:\\ProgramData\\Microsoft\\Crypto\\Keys\\05bfb2b62daf9420edc8c71057ae114c_b6518706-73e4-4cf9-92d8-5bc9e30e1c04\r\n\tOperation:\tRead persisted key from file.\r\n\tReturn Code:\t0x0"
    },
    {
        "Id":  5061,
        "Version":  0,
        "Qualifiers":  null,
        "Level":  0,
        "Task":  12290,
        "Opcode":  0,
        "Keywords":  -9214364837600034816,
        "RecordId":  460023,
        "ProviderName":  "Microsoft-Windows-Security-Auditing",
        "ProviderId":  "54849625-5478-4994-a5ba-3e3b0328c30d",
        "LogName":  "Security",
        "ProcessId":  1004,
        "ThreadId":  8472,
        "MachineName":  "DESKTOP-0KE1UMC",
        "UserId":  null,
        "TimeCreated":  "\/Date(1788809678247)\/",
        "ActivityId":  "60317226-0f18-0000-6b73-3160180fdd01",
        "RelatedActivityId":  null,
        "ContainerLog":  "Security",
        "MatchedQueryIds":  [

                            ],
        "Bookmark":  {

                     },
        "LevelDisplayName":  "Information",
        "OpcodeDisplayName":  "Info",
        "TaskDisplayName":  "System Integrity",
        "KeywordsDisplayNames":  [
                                     "Audit Success"
                                 ],
        "Properties":  [
                           {
                               "Value":  {
                                             "BinaryLength":  12,
                                             "AccountDomainSid":  null,
                                             "Value":  "S-1-5-18"
                                         }
                           },
                           {
                               "Value":  "DESKTOP-0KE1UMC$"
                           },
                           {
                               "Value":  "WORKGROUP"
                           },
                           {
                               "Value":  999
                           },
                           {
                               "Value":  "Microsoft Software Key Storage Provider"
                           },
                           {
                               "Value":  "RSA"
                           },
                           {
                               "Value":  "ESET encryption key"
                           },
                           {
                               "Value":  "%%2499"
                           },
                           {
                               "Value":  "%%2480"
                           },
                           {
                               "Value":  0
                           }
                       ],
        "Message":  "Cryptographic operation.\r\n\r\nSubject:\r\n\tSecurity ID:\t\tS-1-5-18\r\n\tAccount Name:\t\tDESKTOP-0KE1UMC$\r\n\tAccount Domain:\t\tWORKGROUP\r\n\tLogon ID:\t\t0x3E7\r\n\r\nCryptographic Parameters:\r\n\tProvider Name:\tMicrosoft Software Key Storage Provider\r\n\tAlgorithm Name:\tRSA\r\n\tKey Name:\tESET encryption key\r\n\tKey Type:\tMachine key.\r\n\r\nCryptographic Operation:\r\n\tOperation:\tOpen Key.\r\n\tReturn Code:\t0x0"
    },
    {
        "Id":  5058,
        "Version":  1,
        "Qualifiers":  null,
        "Level":  0,
        "Task":  12292,
        "Opcode":  0,
        "Keywords":  -9214364837600034816,
        "RecordId":  460022,
        "ProviderName":  "Microsoft-Windows-Security-Auditing",
        "ProviderId":  "54849625-5478-4994-a5ba-3e3b0328c30d",
        "LogName":  "Security",
        "ProcessId":  1004,
        "ThreadId":  8472,
        "MachineName":  "DESKTOP-0KE1UMC",
        "UserId":  null,
        "TimeCreated":  "\/Date(1788809678246)\/",
        "ActivityId":  "60317226-0f18-0000-6b73-3160180fdd01",
        "RelatedActivityId":  null,
        "ContainerLog":  "Security",
        "MatchedQueryIds":  [

                            ],
        "Bookmark":  {

                     },
        "LevelDisplayName":  "Information",
        "OpcodeDisplayName":  "Info",
        "TaskDisplayName":  "Other System Events",
        "KeywordsDisplayNames":  [
                                     "Audit Success"
                                 ],
        "Properties":  [
                           {
                               "Value":  {
                                             "BinaryLength":  12,
                                             "AccountDomainSid":  null,
                                             "Value":  "S-1-5-18"
                                         }
                           },
                           {
                               "Value":  "DESKTOP-0KE1UMC$"
                           },
                           {
                               "Value":  "WORKGROUP"
                           },
                           {
                               "Value":  999
                           },
                           {
                               "Value":  2584
                           },
                           {
                               "Value":  "\/Date(1783542598387)\/"
                           },
                           {
                               "Value":  "Microsoft Software Key Storage Provider"
                           },
                           {
                               "Value":  "UNKNOWN"
                           },
                           {
                               "Value":  "ESET encryption key"
                           },
                           {
                               "Value":  "%%2499"
                           },
                           {
                               "Value":  "C:\\ProgramData\\Microsoft\\Crypto\\Keys\\05bfb2b62daf9420edc8c71057ae114c_b6518706-73e4-4cf9-92d8-5bc9e30e1c04"
                           },
                           {
                               "Value":  "%%2458"
                           },
                           {
                               "Value":  0
                           }
                       ],
        "Message":  "Key file operation.\r\n\r\nSubject:\r\n\tSecurity ID:\t\tS-1-5-18\r\n\tAccount Name:\t\tDESKTOP-0KE1UMC$\r\n\tAccount Domain:\t\tWORKGROUP\r\n\tLogon ID:\t\t0x3E7\r\n\r\nProcess Information:\r\n\tProcess ID:\t\t2584\r\n\tProcess Creation Time:\t‎2026‎-‎07‎-‎08T20:29:58.387109400Z\r\n\r\nCryptographic Parameters:\r\n\tProvider Name:\tMicrosoft Software Key Storage Provider\r\n\tAlgorithm Name:\tUNKNOWN\r\n\tKey Name:\tESET encryption key\r\n\tKey Type:\tMachine key.\r\n\r\nKey File Operation Information:\r\n\tFile Path:\tC:\\ProgramData\\Microsoft\\Crypto\\Keys\\05bfb2b62daf9420edc8c71057ae114c_b6518706-73e4-4cf9-92d8-5bc9e30e1c04\r\n\tOperation:\tRead persisted key from file.\r\n\tReturn Code:\t0x0"
    },
    {
        "Id":  5061,
        "Version":  0,
        "Qualifiers":  null,
        "Level":  0,
        "Task":  12290,
        "Opcode":  0,
        "Keywords":  -9214364837600034816,
        "RecordId":  460021,
        "ProviderName":  "Microsoft-Windows-Security-Auditing",
        "ProviderId":  "54849625-5478-4994-a5ba-3e3b0328c30d",
        "LogName":  "Security",
        "ProcessId":  1004,
        "ThreadId":  8472,
        "MachineName":  "DESKTOP-0KE1UMC",
        "UserId":  null,
        "TimeCreated":  "\/Date(1788809657948)\/",
        "ActivityId":  "60317226-0f18-0000-6b73-3160180fdd01",
        "RelatedActivityId":  null,
        "ContainerLog":  "Security",
        "MatchedQueryIds":  [

                            ],
        "Bookmark":  {

                     },
        "LevelDisplayName":  "Information",
        "OpcodeDisplayName":  "Info",
        "TaskDisplayName":  "System Integrity",
        "KeywordsDisplayNames":  [
                                     "Audit Success"
                                 ],
        "Properties":  [
                           {
                               "Value":  {
                                             "BinaryLength":  12,
                                             "AccountDomainSid":  null,
                                             "Value":  "S-1-5-18"
                                         }
                           },
                           {
                               "Value":  "DESKTOP-0KE1UMC$"
                           },
                           {
                               "Value":  "WORKGROUP"
                           },
                           {
                               "Value":  999
                           },
                           {
                               "Value":  "Microsoft Software Key Storage Provider"
                           },
                           {
                               "Value":  "RSA"
                           },
                           {
                               "Value":  "ESET encryption key"
                           },
                           {
                               "Value":  "%%2499"
                           },
                           {
                               "Value":  "%%2480"
                           },
                           {
                               "Value":  0
                           }
                       ],
        "Message":  "Cryptographic operation.\r\n\r\nSubject:\r\n\tSecurity ID:\t\tS-1-5-18\r\n\tAccount Name:\t\tDESKTOP-0KE1UMC$\r\n\tAccount Domain:\t\tWORKGROUP\r\n\tLogon ID:\t\t0x3E7\r\n\r\nCryptographic Parameters:\r\n\tProvider Name:\tMicrosoft Software Key Storage Provider\r\n\tAlgorithm Name:\tRSA\r\n\tKey Name:\tESET encryption key\r\n\tKey Type:\tMachine key.\r\n\r\nCryptographic Operation:\r\n\tOperation:\tOpen Key.\r\n\tReturn Code:\t0x0"
    },
