    {
        "Id":  5058,
        "Version":  1,
        "Qualifiers":  null,
        "Level":  0,
        "Task":  12292,
        "Opcode":  0,
        "Keywords":  -9214364837600034816,
        "RecordId":  459729,
        "ProviderName":  "Microsoft-Windows-Security-Auditing",
        "ProviderId":  "54849625-5478-4994-a5ba-3e3b0328c30d",
        "LogName":  "Security",
        "ProcessId":  1004,
        "ThreadId":  16880,
        "MachineName":  "DESKTOP-0KE1UMC",
        "UserId":  null,
        "TimeCreated":  "\/Date(1788802242978)\/",
        "ActivityId":  "60317226-0f18-0000-6b73-3160180fdd01",
        "RelatedActivityId":  null,
        "ContainerLog":  "Security",
        "MatchedQueryIds":  [

                            ],
        "Bookmark":  {

                     },
        "LevelDisplayName":  "Information",
        "OpcodeDisplayName":  "Info",
        "TaskDisplayName":  "Other System Events",
        "KeywordsDisplayNames":  [
                                     "Audit Success"
                                 ],
        "Properties":  [
                           {
                               "Value":  {
                                             "BinaryLength":  12,
                                             "AccountDomainSid":  null,
                                             "Value":  "S-1-5-18"
                                         }
                           },
                           {
                               "Value":  "DESKTOP-0KE1UMC$"
                           },
                           {
                               "Value":  "WORKGROUP"
                           },
                           {
                               "Value":  999
                           },
                           {
                               "Value":  2584
                           },
                           {
                               "Value":  "\/Date(1783542598387)\/"
                           },
                           {
                               "Value":  "Microsoft Software Key Storage Provider"
                           },
                           {
                               "Value":  "UNKNOWN"
                           },
                           {
                               "Value":  "ESET encryption key"
                           },
                           {
                               "Value":  "%%2499"
                           },
                           {
                               "Value":  "C:\\ProgramData\\Microsoft\\Crypto\\Keys\\05bfb2b62daf9420edc8c71057ae114c_b6518706-73e4-4cf9-92d8-5bc9e30e1c04"
                           },
                           {
                               "Value":  "%%2458"
                           },
                           {
                               "Value":  0
                           }
                       ],
        "Message":  "Key file operation.\r\n\r\nSubject:\r\n\tSecurity ID:\t\tS-1-5-18\r\n\tAccount Name:\t\tDESKTOP-0KE1UMC$\r\n\tAccount Domain:\t\tWORKGROUP\r\n\tLogon ID:\t\t0x3E7\r\n\r\nProcess Information:\r\n\tProcess ID:\t\t2584\r\n\tProcess Creation Time:\t‎2026‎-‎07‎-‎08T20:29:58.387109400Z\r\n\r\nCryptographic Parameters:\r\n\tProvider Name:\tMicrosoft Software Key Storage Provider\r\n\tAlgorithm Name:\tUNKNOWN\r\n\tKey Name:\tESET encryption key\r\n\tKey Type:\tMachine key.\r\n\r\nKey File Operation Information:\r\n\tFile Path:\tC:\\ProgramData\\Microsoft\\Crypto\\Keys\\05bfb2b62daf9420edc8c71057ae114c_b6518706-73e4-4cf9-92d8-5bc9e30e1c04\r\n\tOperation:\tRead persisted key from file.\r\n\tReturn Code:\t0x0"
    },
    {
        "Id":  5061,
        "Version":  0,
        "Qualifiers":  null,
        "Level":  0,
        "Task":  12290,
        "Opcode":  0,
        "Keywords":  -9214364837600034816,
        "RecordId":  459728,
        "ProviderName":  "Microsoft-Windows-Security-Auditing",
        "ProviderId":  "54849625-5478-4994-a5ba-3e3b0328c30d",
        "LogName":  "Security",
        "ProcessId":  1004,
        "ThreadId":  11796,
        "MachineName":  "DESKTOP-0KE1UMC",
        "UserId":  null,
        "TimeCreated":  "\/Date(1788802223662)\/",
        "ActivityId":  "60317226-0f18-0000-6b73-3160180fdd01",
        "RelatedActivityId":  null,
        "ContainerLog":  "Security",
        "MatchedQueryIds":  [

                            ],
        "Bookmark":  {

                     },
        "LevelDisplayName":  "Information",
        "OpcodeDisplayName":  "Info",
        "TaskDisplayName":  "System Integrity",
        "KeywordsDisplayNames":  [
                                     "Audit Success"
                                 ],
        "Properties":  [
                           {
                               "Value":  {
                                             "BinaryLength":  12,
                                             "AccountDomainSid":  null,
                                             "Value":  "S-1-5-18"
                                         }
                           },
                           {
                               "Value":  "DESKTOP-0KE1UMC$"
                           },
                           {
                               "Value":  "WORKGROUP"
                           },
                           {
                               "Value":  999
                           },
                           {
                               "Value":  "Microsoft Software Key Storage Provider"
                           },
                           {
                               "Value":  "RSA"
                           },
                           {
                               "Value":  "ESET encryption key"
                           },
                           {
                               "Value":  "%%2499"
                           },
                           {
                               "Value":  "%%2480"
                           },
                           {
                               "Value":  0
                           }
                       ],
        "Message":  "Cryptographic operation.\r\n\r\nSubject:\r\n\tSecurity ID:\t\tS-1-5-18\r\n\tAccount Name:\t\tDESKTOP-0KE1UMC$\r\n\tAccount Domain:\t\tWORKGROUP\r\n\tLogon ID:\t\t0x3E7\r\n\r\nCryptographic Parameters:\r\n\tProvider Name:\tMicrosoft Software Key Storage Provider\r\n\tAlgorithm Name:\tRSA\r\n\tKey Name:\tESET encryption key\r\n\tKey Type:\tMachine key.\r\n\r\nCryptographic Operation:\r\n\tOperation:\tOpen Key.\r\n\tReturn Code:\t0x0"
    },
    {
        "Id":  5058,
        "Version":  1,
        "Qualifiers":  null,
        "Level":  0,
        "Task":  12292,
        "Opcode":  0,
        "Keywords":  -9214364837600034816,
        "RecordId":  459727,
        "ProviderName":  "Microsoft-Windows-Security-Auditing",
        "ProviderId":  "54849625-5478-4994-a5ba-3e3b0328c30d",
        "LogName":  "Security",
        "ProcessId":  1004,
        "ThreadId":  11796,
        "MachineName":  "DESKTOP-0KE1UMC",
        "UserId":  null,
        "TimeCreated":  "\/Date(1788802223658)\/",
        "ActivityId":  "60317226-0f18-0000-6b73-3160180fdd01",
        "RelatedActivityId":  null,
        "ContainerLog":  "Security",
        "MatchedQueryIds":  [

                            ],
        "Bookmark":  {

                     },
        "LevelDisplayName":  "Information",
        "OpcodeDisplayName":  "Info",
        "TaskDisplayName":  "Other System Events",
        "KeywordsDisplayNames":  [
                                     "Audit Success"
                                 ],
        "Properties":  [
                           {
                               "Value":  {
                                             "BinaryLength":  12,
                                             "AccountDomainSid":  null,
                                             "Value":  "S-1-5-18"
                                         }
                           },
                           {
                               "Value":  "DESKTOP-0KE1UMC$"
                           },
                           {
                               "Value":  "WORKGROUP"
                           },
                           {
                               "Value":  999
                           },
                           {
                               "Value":  2584
                           },
                           {
                               "Value":  "\/Date(1783542598387)\/"
                           },
                           {
                               "Value":  "Microsoft Software Key Storage Provider"
                           },
                           {
                               "Value":  "UNKNOWN"
                           },
                           {
                               "Value":  "ESET encryption key"
                           },
                           {
                               "Value":  "%%2499"
                           },
                           {
                               "Value":  "C:\\ProgramData\\Microsoft\\Crypto\\Keys\\05bfb2b62daf9420edc8c71057ae114c_b6518706-73e4-4cf9-92d8-5bc9e30e1c04"
                           },
                           {
                               "Value":  "%%2458"
                           },
                           {
                               "Value":  0
                           }
                       ],
        "Message":  "Key file operation.\r\n\r\nSubject:\r\n\tSecurity ID:\t\tS-1-5-18\r\n\tAccount Name:\t\tDESKTOP-0KE1UMC$\r\n\tAccount Domain:\t\tWORKGROUP\r\n\tLogon ID:\t\t0x3E7\r\n\r\nProcess Information:\r\n\tProcess ID:\t\t2584\r\n\tProcess Creation Time:\t‎2026‎-‎07‎-‎08T20:29:58.387109400Z\r\n\r\nCryptographic Parameters:\r\n\tProvider Name:\tMicrosoft Software Key Storage Provider\r\n\tAlgorithm Name:\tUNKNOWN\r\n\tKey Name:\tESET encryption key\r\n\tKey Type:\tMachine key.\r\n\r\nKey File Operation Information:\r\n\tFile Path:\tC:\\ProgramData\\Microsoft\\Crypto\\Keys\\05bfb2b62daf9420edc8c71057ae114c_b6518706-73e4-4cf9-92d8-5bc9e30e1c04\r\n\tOperation:\tRead persisted key from file.\r\n\tReturn Code:\t0x0"
    },
    {
        "Id":  5061,
        "Version":  0,
        "Qualifiers":  null,
        "Level":  0,
        "Task":  12290,
        "Opcode":  0,
        "Keywords":  -9214364837600034816,
        "RecordId":  459726,
        "ProviderName":  "Microsoft-Windows-Security-Auditing",
        "ProviderId":  "54849625-5478-4994-a5ba-3e3b0328c30d",
        "LogName":  "Security",
        "ProcessId":  1004,
        "ThreadId":  16880,
        "MachineName":  "DESKTOP-0KE1UMC",
        "UserId":  null,
        "TimeCreated":  "\/Date(1788802216175)\/",
        "ActivityId":  "60317226-0f18-0000-6b73-3160180fdd01",
        "RelatedActivityId":  null,
        "ContainerLog":  "Security",
        "MatchedQueryIds":  [

                            ],
        "Bookmark":  {

                     },
        "LevelDisplayName":  "Information",
        "OpcodeDisplayName":  "Info",
        "TaskDisplayName":  "System Integrity",
        "KeywordsDisplayNames":  [
                                     "Audit Success"
                                 ],
        "Properties":  [
                           {
                               "Value":  {
                                             "BinaryLength":  12,
                                             "AccountDomainSid":  null,
                                             "Value":  "S-1-5-18"
                                         }
                           },
                           {
                               "Value":  "DESKTOP-0KE1UMC$"
                           },
                           {
                               "Value":  "WORKGROUP"
                           },
                           {
                               "Value":  999
                           },
                           {
                               "Value":  "Microsoft Software Key Storage Provider"
                           },
                           {
                               "Value":  "RSA"
                           },
                           {
                               "Value":  "ESET encryption key"
                           },
                           {
                               "Value":  "%%2499"
                           },
                           {
                               "Value":  "%%2480"
                           },
                           {
                               "Value":  0
                           }
                       ],
        "Message":  "Cryptographic operation.\r\n\r\nSubject:\r\n\tSecurity ID:\t\tS-1-5-18\r\n\tAccount Name:\t\tDESKTOP-0KE1UMC$\r\n\tAccount Domain:\t\tWORKGROUP\r\n\tLogon ID:\t\t0x3E7\r\n\r\nCryptographic Parameters:\r\n\tProvider Name:\tMicrosoft Software Key Storage Provider\r\n\tAlgorithm Name:\tRSA\r\n\tKey Name:\tESET encryption key\r\n\tKey Type:\tMachine key.\r\n\r\nCryptographic Operation:\r\n\tOperation:\tOpen Key.\r\n\tReturn Code:\t0x0"
    },
    {
        "Id":  5058,
        "Version":  1,
        "Qualifiers":  null,
        "Level":  0,
        "Task":  12292,
        "Opcode":  0,
        "Keywords":  -9214364837600034816,
        "RecordId":  459725,
        "ProviderName":  "Microsoft-Windows-Security-Auditing",
        "ProviderId":  "54849625-5478-4994-a5ba-3e3b0328c30d",
        "LogName":  "Security",
        "ProcessId":  1004,
        "ThreadId":  16880,
        "MachineName":  "DESKTOP-0KE1UMC",
        "UserId":  null,
        "TimeCreated":  "\/Date(1788802216175)\/",
        "ActivityId":  "60317226-0f18-0000-6b73-3160180fdd01",
        "RelatedActivityId":  null,
        "ContainerLog":  "Security",
        "MatchedQueryIds":  [

                            ],
        "Bookmark":  {

                     },
        "LevelDisplayName":  "Information",
        "OpcodeDisplayName":  "Info",
        "TaskDisplayName":  "Other System Events",
        "KeywordsDisplayNames":  [
                                     "Audit Success"
                                 ],
        "Properties":  [
                           {
                               "Value":  {
                                             "BinaryLength":  12,
                                             "AccountDomainSid":  null,
                                             "Value":  "S-1-5-18"
                                         }
                           },
                           {
                               "Value":  "DESKTOP-0KE1UMC$"
                           },
                           {
                               "Value":  "WORKGROUP"
                           },
                           {
                               "Value":  999
                           },
                           {
                               "Value":  2584
                           },
                           {
                               "Value":  "\/Date(1783542598387)\/"
                           },
                           {
                               "Value":  "Microsoft Software Key Storage Provider"
                           },
                           {
                               "Value":  "UNKNOWN"
                           },
                           {
                               "Value":  "ESET encryption key"
                           },
                           {
                               "Value":  "%%2499"
                           },
                           {
                               "Value":  "C:\\ProgramData\\Microsoft\\Crypto\\Keys\\05bfb2b62daf9420edc8c71057ae114c_b6518706-73e4-4cf9-92d8-5bc9e30e1c04"
                           },
                           {
                               "Value":  "%%2458"
                           },
                           {
                               "Value":  0
                           }
                       ],
        "Message":  "Key file operation.\r\n\r\nSubject:\r\n\tSecurity ID:\t\tS-1-5-18\r\n\tAccount Name:\t\tDESKTOP-0KE1UMC$\r\n\tAccount Domain:\t\tWORKGROUP\r\n\tLogon ID:\t\t0x3E7\r\n\r\nProcess Information:\r\n\tProcess ID:\t\t2584\r\n\tProcess Creation Time:\t‎2026‎-‎07‎-‎08T20:29:58.387109400Z\r\n\r\nCryptographic Parameters:\r\n\tProvider Name:\tMicrosoft Software Key Storage Provider\r\n\tAlgorithm Name:\tUNKNOWN\r\n\tKey Name:\tESET encryption key\r\n\tKey Type:\tMachine key.\r\n\r\nKey File Operation Information:\r\n\tFile Path:\tC:\\ProgramData\\Microsoft\\Crypto\\Keys\\05bfb2b62daf9420edc8c71057ae114c_b6518706-73e4-4cf9-92d8-5bc9e30e1c04\r\n\tOperation:\tRead persisted key from file.\r\n\tReturn Code:\t0x0"
    },
    {
        "Id":  5061,
        "Version":  0,
        "Qualifiers":  null,
        "Level":  0,
        "Task":  12290,
        "Opcode":  0,
        "Keywords":  -9214364837600034816,
        "RecordId":  459724,
        "ProviderName":  "Microsoft-Windows-Security-Auditing",
        "ProviderId":  "54849625-5478-4994-a5ba-3e3b0328c30d",
        "LogName":  "Security",
        "ProcessId":  1004,
        "ThreadId":  16880,
        "MachineName":  "DESKTOP-0KE1UMC",
        "UserId":  null,
        "TimeCreated":  "\/Date(1788802216161)\/",
        "ActivityId":  "60317226-0f18-0000-6b73-3160180fdd01",
        "RelatedActivityId":  null,
        "ContainerLog":  "Security",
        "MatchedQueryIds":  [

                            ],
        "Bookmark":  {

                     },
        "LevelDisplayName":  "Information",
        "OpcodeDisplayName":  "Info",
        "TaskDisplayName":  "System Integrity",
        "KeywordsDisplayNames":  [
                                     "Audit Success"
                                 ],
        "Properties":  [
                           {
                               "Value":  {
                                             "BinaryLength":  12,
                                             "AccountDomainSid":  null,
                                             "Value":  "S-1-5-18"
                                         }
                           },
                           {
                               "Value":  "DESKTOP-0KE1UMC$"
                           },
                           {
                               "Value":  "WORKGROUP"
                           },
                           {
                               "Value":  999
                           },
                           {
                               "Value":  "Microsoft Software Key Storage Provider"
                           },
                           {
                               "Value":  "RSA"
                           },
                           {
                               "Value":  "ESET encryption key"
                           },
                           {
                               "Value":  "%%2499"
                           },
                           {
                               "Value":  "%%2480"
                           },
                           {
                               "Value":  0
                           }
                       ],
        "Message":  "Cryptographic operation.\r\n\r\nSubject:\r\n\tSecurity ID:\t\tS-1-5-18\r\n\tAccount Name:\t\tDESKTOP-0KE1UMC$\r\n\tAccount Domain:\t\tWORKGROUP\r\n\tLogon ID:\t\t0x3E7\r\n\r\nCryptographic Parameters:\r\n\tProvider Name:\tMicrosoft Software Key Storage Provider\r\n\tAlgorithm Name:\tRSA\r\n\tKey Name:\tESET encryption key\r\n\tKey Type:\tMachine key.\r\n\r\nCryptographic Operation:\r\n\tOperation:\tOpen Key.\r\n\tReturn Code:\t0x0"
    },
    {
        "Id":  5058,
        "Version":  1,
        "Qualifiers":  null,
        "Level":  0,
        "Task":  12292,
        "Opcode":  0,
        "Keywords":  -9214364837600034816,
        "RecordId":  459723,
        "ProviderName":  "Microsoft-Windows-Security-Auditing",
        "ProviderId":  "54849625-5478-4994-a5ba-3e3b0328c30d",
        "LogName":  "Security",
        "ProcessId":  1004,
        "ThreadId":  16880,
        "MachineName":  "DESKTOP-0KE1UMC",
        "UserId":  null,
        "TimeCreated":  "\/Date(1788802216160)\/",
        "ActivityId":  "60317226-0f18-0000-6b73-3160180fdd01",
        "RelatedActivityId":  null,
        "ContainerLog":  "Security",
        "MatchedQueryIds":  [

                            ],
        "Bookmark":  {

                     },
        "LevelDisplayName":  "Information",
        "OpcodeDisplayName":  "Info",
        "TaskDisplayName":  "Other System Events",
        "KeywordsDisplayNames":  [
                                     "Audit Success"
                                 ],
        "Properties":  [
                           {
                               "Value":  {
                                             "BinaryLength":  12,
                                             "AccountDomainSid":  null,
                                             "Value":  "S-1-5-18"
                                         }
                           },
                           {
                               "Value":  "DESKTOP-0KE1UMC$"
                           },
                           {
                               "Value":  "WORKGROUP"
                           },
                           {
                               "Value":  999
                           },
                           {
                               "Value":  2584
                           },
                           {
                               "Value":  "\/Date(1783542598387)\/"
                           },
                           {
                               "Value":  "Microsoft Software Key Storage Provider"
                           },
                           {
                               "Value":  "UNKNOWN"
                           },
                           {
                               "Value":  "ESET encryption key"
                           },
                           {
                               "Value":  "%%2499"
                           },
                           {
                               "Value":  "C:\\ProgramData\\Microsoft\\Crypto\\Keys\\05bfb2b62daf9420edc8c71057ae114c_b6518706-73e4-4cf9-92d8-5bc9e30e1c04"
                           },
                           {
                               "Value":  "%%2458"
                           },
                           {
                               "Value":  0
                           }
                       ],
        "Message":  "Key file operation.\r\n\r\nSubject:\r\n\tSecurity ID:\t\tS-1-5-18\r\n\tAccount Name:\t\tDESKTOP-0KE1UMC$\r\n\tAccount Domain:\t\tWORKGROUP\r\n\tLogon ID:\t\t0x3E7\r\n\r\nProcess Information:\r\n\tProcess ID:\t\t2584\r\n\tProcess Creation Time:\t‎2026‎-‎07‎-‎08T20:29:58.387109400Z\r\n\r\nCryptographic Parameters:\r\n\tProvider Name:\tMicrosoft Software Key Storage Provider\r\n\tAlgorithm Name:\tUNKNOWN\r\n\tKey Name:\tESET encryption key\r\n\tKey Type:\tMachine key.\r\n\r\nKey File Operation Information:\r\n\tFile Path:\tC:\\ProgramData\\Microsoft\\Crypto\\Keys\\05bfb2b62daf9420edc8c71057ae114c_b6518706-73e4-4cf9-92d8-5bc9e30e1c04\r\n\tOperation:\tRead persisted key from file.\r\n\tReturn Code:\t0x0"
    },
    {
        "Id":  5061,
        "Version":  0,
        "Qualifiers":  null,
        "Level":  0,
        "Task":  12290,
        "Opcode":  0,
        "Keywords":  -9214364837600034816,
        "RecordId":  459722,
        "ProviderName":  "Microsoft-Windows-Security-Auditing",
        "ProviderId":  "54849625-5478-4994-a5ba-3e3b0328c30d",
        "LogName":  "Security",
        "ProcessId":  1004,
        "ThreadId":  16880,
        "MachineName":  "DESKTOP-0KE1UMC",
        "UserId":  null,
        "TimeCreated":  "\/Date(1788802216153)\/",
        "ActivityId":  "60317226-0f18-0000-6b73-3160180fdd01",
        "RelatedActivityId":  null,
        "ContainerLog":  "Security",
        "MatchedQueryIds":  [

                            ],
        "Bookmark":  {

                     },
        "LevelDisplayName":  "Information",
        "OpcodeDisplayName":  "Info",
        "TaskDisplayName":  "System Integrity",
        "KeywordsDisplayNames":  [
                                     "Audit Success"
                                 ],
        "Properties":  [
                           {
                               "Value":  {
                                             "BinaryLength":  12,
                                             "AccountDomainSid":  null,
                                             "Value":  "S-1-5-18"
                                         }
                           },
                           {
                               "Value":  "DESKTOP-0KE1UMC$"
                           },
                           {
                               "Value":  "WORKGROUP"
                           },
                           {
                               "Value":  999
                           },
                           {
                               "Value":  "Microsoft Software Key Storage Provider"
                           },
                           {
                               "Value":  "RSA"
                           },
                           {
                               "Value":  "ESET encryption key"
                           },
                           {
                               "Value":  "%%2499"
                           },
                           {
                               "Value":  "%%2480"
                           },
                           {
                               "Value":  0
                           }
                       ],
        "Message":  "Cryptographic operation.\r\n\r\nSubject:\r\n\tSecurity ID:\t\tS-1-5-18\r\n\tAccount Name:\t\tDESKTOP-0KE1UMC$\r\n\tAccount Domain:\t\tWORKGROUP\r\n\tLogon ID:\t\t0x3E7\r\n\r\nCryptographic Parameters:\r\n\tProvider Name:\tMicrosoft Software Key Storage Provider\r\n\tAlgorithm Name:\tRSA\r\n\tKey Name:\tESET encryption key\r\n\tKey Type:\tMachine key.\r\n\r\nCryptographic Operation:\r\n\tOperation:\tOpen Key.\r\n\tReturn Code:\t0x0"
    },
    {
        "Id":  5058,
        "Version":  1,
        "Qualifiers":  null,
        "Level":  0,
        "Task":  12292,
        "Opcode":  0,
        "Keywords":  -9214364837600034816,
        "RecordId":  459721,
        "ProviderName":  "Microsoft-Windows-Security-Auditing",
        "ProviderId":  "54849625-5478-4994-a5ba-3e3b0328c30d",
        "LogName":  "Security",
        "ProcessId":  1004,
        "ThreadId":  16880,
        "MachineName":  "DESKTOP-0KE1UMC",
        "UserId":  null,
        "TimeCreated":  "\/Date(1788802216151)\/",
        "ActivityId":  "60317226-0f18-0000-6b73-3160180fdd01",
        "RelatedActivityId":  null,
        "ContainerLog":  "Security",
        "MatchedQueryIds":  [

                            ],
        "Bookmark":  {

                     },
        "LevelDisplayName":  "Information",
        "OpcodeDisplayName":  "Info",
        "TaskDisplayName":  "Other System Events",
        "KeywordsDisplayNames":  [
                                     "Audit Success"
                                 ],
        "Properties":  [
                           {
                               "Value":  {
                                             "BinaryLength":  12,
                                             "AccountDomainSid":  null,
                                             "Value":  "S-1-5-18"
                                         }
                           },
                           {
                               "Value":  "DESKTOP-0KE1UMC$"
                           },
                           {
                               "Value":  "WORKGROUP"
                           },
                           {
                               "Value":  999
                           },
                           {
                               "Value":  2584
                           },
                           {
                               "Value":  "\/Date(1783542598387)\/"
                           },
                           {
                               "Value":  "Microsoft Software Key Storage Provider"
                           },
                           {
                               "Value":  "UNKNOWN"
                           },
                           {
                               "Value":  "ESET encryption key"
                           },
                           {
                               "Value":  "%%2499"
                           },
                           {
                               "Value":  "C:\\ProgramData\\Microsoft\\Crypto\\Keys\\05bfb2b62daf9420edc8c71057ae114c_b6518706-73e4-4cf9-92d8-5bc9e30e1c04"
                           },
                           {
                               "Value":  "%%2458"
                           },
                           {
                               "Value":  0
                           }
                       ],
        "Message":  "Key file operation.\r\n\r\nSubject:\r\n\tSecurity ID:\t\tS-1-5-18\r\n\tAccount Name:\t\tDESKTOP-0KE1UMC$\r\n\tAccount Domain:\t\tWORKGROUP\r\n\tLogon ID:\t\t0x3E7\r\n\r\nProcess Information:\r\n\tProcess ID:\t\t2584\r\n\tProcess Creation Time:\t‎2026‎-‎07‎-‎08T20:29:58.387109400Z\r\n\r\nCryptographic Parameters:\r\n\tProvider Name:\tMicrosoft Software Key Storage Provider\r\n\tAlgorithm Name:\tUNKNOWN\r\n\tKey Name:\tESET encryption key\r\n\tKey Type:\tMachine key.\r\n\r\nKey File Operation Information:\r\n\tFile Path:\tC:\\ProgramData\\Microsoft\\Crypto\\Keys\\05bfb2b62daf9420edc8c71057ae114c_b6518706-73e4-4cf9-92d8-5bc9e30e1c04\r\n\tOperation:\tRead persisted key from file.\r\n\tReturn Code:\t0x0"
    },
    {
        "Id":  5061,
        "Version":  0,
        "Qualifiers":  null,
        "Level":  0,
        "Task":  12290,
        "Opcode":  0,
        "Keywords":  -9214364837600034816,
        "RecordId":  459720,
        "ProviderName":  "Microsoft-Windows-Security-Auditing",
        "ProviderId":  "54849625-5478-4994-a5ba-3e3b0328c30d",
        "LogName":  "Security",
        "ProcessId":  1004,
        "ThreadId":  16880,
        "MachineName":  "DESKTOP-0KE1UMC",
        "UserId":  null,
        "TimeCreated":  "\/Date(1788802216046)\/",
        "ActivityId":  "60317226-0f18-0000-6b73-3160180fdd01",
        "RelatedActivityId":  null,
        "ContainerLog":  "Security",
        "MatchedQueryIds":  [

                            ],
        "Bookmark":  {

                     },
        "LevelDisplayName":  "Information",
        "OpcodeDisplayName":  "Info",
        "TaskDisplayName":  "System Integrity",
        "KeywordsDisplayNames":  [
                                     "Audit Success"
                                 ],
        "Properties":  [
                           {
                               "Value":  {
                                             "BinaryLength":  12,
                                             "AccountDomainSid":  null,
                                             "Value":  "S-1-5-18"
                                         }
                           },
                           {
                               "Value":  "DESKTOP-0KE1UMC$"
                           },
                           {
                               "Value":  "WORKGROUP"
                           },
                           {
                               "Value":  999
                           },
                           {
                               "Value":  "Microsoft Software Key Storage Provider"
                           },
                           {
                               "Value":  "RSA"
                           },
                           {
                               "Value":  "ESET encryption key"
                           },
                           {
                               "Value":  "%%2499"
                           },
                           {
                               "Value":  "%%2480"
                           },
                           {
                               "Value":  0
                           }
                       ],
        "Message":  "Cryptographic operation.\r\n\r\nSubject:\r\n\tSecurity ID:\t\tS-1-5-18\r\n\tAccount Name:\t\tDESKTOP-0KE1UMC$\r\n\tAccount Domain:\t\tWORKGROUP\r\n\tLogon ID:\t\t0x3E7\r\n\r\nCryptographic Parameters:\r\n\tProvider Name:\tMicrosoft Software Key Storage Provider\r\n\tAlgorithm Name:\tRSA\r\n\tKey Name:\tESET encryption key\r\n\tKey Type:\tMachine key.\r\n\r\nCryptographic Operation:\r\n\tOperation:\tOpen Key.\r\n\tReturn Code:\t0x0"
    },
    {
        "Id":  5058,
        "Version":  1,
        "Qualifiers":  null,
        "Level":  0,
        "Task":  12292,
        "Opcode":  0,
        "Keywords":  -9214364837600034816,
        "RecordId":  459719,
        "ProviderName":  "Microsoft-Windows-Security-Auditing",
        "ProviderId":  "54849625-5478-4994-a5ba-3e3b0328c30d",
        "LogName":  "Security",
        "ProcessId":  1004,
        "ThreadId":  16880,
        "MachineName":  "DESKTOP-0KE1UMC",
        "UserId":  null,
        "TimeCreated":  "\/Date(1788802216046)\/",
        "ActivityId":  "60317226-0f18-0000-6b73-3160180fdd01",
        "RelatedActivityId":  null,
        "ContainerLog":  "Security",
        "MatchedQueryIds":  [

                            ],
        "Bookmark":  {

                     },
        "LevelDisplayName":  "Information",
        "OpcodeDisplayName":  "Info",
        "TaskDisplayName":  "Other System Events",
        "KeywordsDisplayNames":  [
                                     "Audit Success"
                                 ],
        "Properties":  [
                           {
                               "Value":  {
                                             "BinaryLength":  12,
                                             "AccountDomainSid":  null,
                                             "Value":  "S-1-5-18"
                                         }
                           },
                           {
                               "Value":  "DESKTOP-0KE1UMC$"
                           },
                           {
                               "Value":  "WORKGROUP"
                           },
                           {
                               "Value":  999
                           },
                           {
                               "Value":  2584
                           },
                           {
                               "Value":  "\/Date(1783542598387)\/"
                           },
                           {
                               "Value":  "Microsoft Software Key Storage Provider"
                           },
                           {
                               "Value":  "UNKNOWN"
                           },
                           {
                               "Value":  "ESET encryption key"
                           },
                           {
                               "Value":  "%%2499"
                           },
                           {
                               "Value":  "C:\\ProgramData\\Microsoft\\Crypto\\Keys\\05bfb2b62daf9420edc8c71057ae114c_b6518706-73e4-4cf9-92d8-5bc9e30e1c04"
                           },
                           {
                               "Value":  "%%2458"
                           },
                           {
                               "Value":  0
                           }
                       ],
        "Message":  "Key file operation.\r\n\r\nSubject:\r\n\tSecurity ID:\t\tS-1-5-18\r\n\tAccount Name:\t\tDESKTOP-0KE1UMC$\r\n\tAccount Domain:\t\tWORKGROUP\r\n\tLogon ID:\t\t0x3E7\r\n\r\nProcess Information:\r\n\tProcess ID:\t\t2584\r\n\tProcess Creation Time:\t‎2026‎-‎07‎-‎08T20:29:58.387109400Z\r\n\r\nCryptographic Parameters:\r\n\tProvider Name:\tMicrosoft Software Key Storage Provider\r\n\tAlgorithm Name:\tUNKNOWN\r\n\tKey Name:\tESET encryption key\r\n\tKey Type:\tMachine key.\r\n\r\nKey File Operation Information:\r\n\tFile Path:\tC:\\ProgramData\\Microsoft\\Crypto\\Keys\\05bfb2b62daf9420edc8c71057ae114c_b6518706-73e4-4cf9-92d8-5bc9e30e1c04\r\n\tOperation:\tRead persisted key from file.\r\n\tReturn Code:\t0x0"
    },
    {
        "Id":  5061,
        "Version":  0,
        "Qualifiers":  null,
        "Level":  0,
        "Task":  12290,
        "Opcode":  0,
        "Keywords":  -9214364837600034816,
        "RecordId":  459718,
        "ProviderName":  "Microsoft-Windows-Security-Auditing",
        "ProviderId":  "54849625-5478-4994-a5ba-3e3b0328c30d",
        "LogName":  "Security",
        "ProcessId":  1004,
        "ThreadId":  16880,
        "MachineName":  "DESKTOP-0KE1UMC",
        "UserId":  null,
        "TimeCreated":  "\/Date(1788802216029)\/",
        "ActivityId":  "60317226-0f18-0000-6b73-3160180fdd01",
        "RelatedActivityId":  null,
        "ContainerLog":  "Security",
        "MatchedQueryIds":  [

                            ],
        "Bookmark":  {

                     },
        "LevelDisplayName":  "Information",
        "OpcodeDisplayName":  "Info",
        "TaskDisplayName":  "System Integrity",
        "KeywordsDisplayNames":  [
                                     "Audit Success"
                                 ],
        "Properties":  [
                           {
                               "Value":  {
                                             "BinaryLength":  12,
                                             "AccountDomainSid":  null,
                                             "Value":  "S-1-5-18"
                                         }
                           },
                           {
                               "Value":  "DESKTOP-0KE1UMC$"
                           },
                           {
                               "Value":  "WORKGROUP"
                           },
                           {
                               "Value":  999
                           },
                           {
                               "Value":  "Microsoft Software Key Storage Provider"
                           },
                           {
                               "Value":  "RSA"
                           },
                           {
                               "Value":  "ESET encryption key"
                           },
                           {
                               "Value":  "%%2499"
                           },
                           {
                               "Value":  "%%2480"
                           },
                           {
                               "Value":  0
                           }
                       ],
        "Message":  "Cryptographic operation.\r\n\r\nSubject:\r\n\tSecurity ID:\t\tS-1-5-18\r\n\tAccount Name:\t\tDESKTOP-0KE1UMC$\r\n\tAccount Domain:\t\tWORKGROUP\r\n\tLogon ID:\t\t0x3E7\r\n\r\nCryptographic Parameters:\r\n\tProvider Name:\tMicrosoft Software Key Storage Provider\r\n\tAlgorithm Name:\tRSA\r\n\tKey Name:\tESET encryption key\r\n\tKey Type:\tMachine key.\r\n\r\nCryptographic Operation:\r\n\tOperation:\tOpen Key.\r\n\tReturn Code:\t0x0"
    },
    {
        "Id":  5058,
        "Version":  1,
        "Qualifiers":  null,
        "Level":  0,
        "Task":  12292,
        "Opcode":  0,
        "Keywords":  -9214364837600034816,
        "RecordId":  459717,
        "ProviderName":  "Microsoft-Windows-Security-Auditing",
        "ProviderId":  "54849625-5478-4994-a5ba-3e3b0328c30d",
        "LogName":  "Security",
        "ProcessId":  1004,
        "ThreadId":  16880,
        "MachineName":  "DESKTOP-0KE1UMC",
        "UserId":  null,
        "TimeCreated":  "\/Date(1788802216029)\/",
        "ActivityId":  "60317226-0f18-0000-6b73-3160180fdd01",
        "RelatedActivityId":  null,
        "ContainerLog":  "Security",
        "MatchedQueryIds":  [

                            ],
        "Bookmark":  {

                     },
        "LevelDisplayName":  "Information",
        "OpcodeDisplayName":  "Info",
        "TaskDisplayName":  "Other System Events",
        "KeywordsDisplayNames":  [
                                     "Audit Success"
                                 ],
        "Properties":  [
                           {
                               "Value":  {
                                             "BinaryLength":  12,
                                             "AccountDomainSid":  null,
                                             "Value":  "S-1-5-18"
                                         }
                           },
                           {
                               "Value":  "DESKTOP-0KE1UMC$"
                           },
                           {
                               "Value":  "WORKGROUP"
                           },
                           {
                               "Value":  999
                           },
                           {
                               "Value":  2584
                           },
                           {
                               "Value":  "\/Date(1783542598387)\/"
                           },
                           {
                               "Value":  "Microsoft Software Key Storage Provider"
                           },
                           {
                               "Value":  "UNKNOWN"
                           },
                           {
                               "Value":  "ESET encryption key"
                           },
                           {
                               "Value":  "%%2499"
                           },
                           {
                               "Value":  "C:\\ProgramData\\Microsoft\\Crypto\\Keys\\05bfb2b62daf9420edc8c71057ae114c_b6518706-73e4-4cf9-92d8-5bc9e30e1c04"
                           },
                           {
                               "Value":  "%%2458"
                           },
                           {
                               "Value":  0
                           }
                       ],
        "Message":  "Key file operation.\r\n\r\nSubject:\r\n\tSecurity ID:\t\tS-1-5-18\r\n\tAccount Name:\t\tDESKTOP-0KE1UMC$\r\n\tAccount Domain:\t\tWORKGROUP\r\n\tLogon ID:\t\t0x3E7\r\n\r\nProcess Information:\r\n\tProcess ID:\t\t2584\r\n\tProcess Creation Time:\t‎2026‎-‎07‎-‎08T20:29:58.387109400Z\r\n\r\nCryptographic Parameters:\r\n\tProvider Name:\tMicrosoft Software Key Storage Provider\r\n\tAlgorithm Name:\tUNKNOWN\r\n\tKey Name:\tESET encryption key\r\n\tKey Type:\tMachine key.\r\n\r\nKey File Operation Information:\r\n\tFile Path:\tC:\\ProgramData\\Microsoft\\Crypto\\Keys\\05bfb2b62daf9420edc8c71057ae114c_b6518706-73e4-4cf9-92d8-5bc9e30e1c04\r\n\tOperation:\tRead persisted key from file.\r\n\tReturn Code:\t0x0"
    },
    {
        "Id":  5061,
        "Version":  0,
        "Qualifiers":  null,
        "Level":  0,
        "Task":  12290,
        "Opcode":  0,
        "Keywords":  -9214364837600034816,
        "RecordId":  459716,
        "ProviderName":  "Microsoft-Windows-Security-Auditing",
        "ProviderId":  "54849625-5478-4994-a5ba-3e3b0328c30d",
        "LogName":  "Security",
        "ProcessId":  1004,
        "ThreadId":  11796,
        "MachineName":  "DESKTOP-0KE1UMC",
        "UserId":  null,
        "TimeCreated":  "\/Date(1788802216027)\/",
        "ActivityId":  "60317226-0f18-0000-6b73-3160180fdd01",
        "RelatedActivityId":  null,
        "ContainerLog":  "Security",
        "MatchedQueryIds":  [

                            ],
        "Bookmark":  {

                     },
        "LevelDisplayName":  "Information",
        "OpcodeDisplayName":  "Info",
        "TaskDisplayName":  "System Integrity",
        "KeywordsDisplayNames":  [
                                     "Audit Success"
                                 ],
        "Properties":  [
                           {
                               "Value":  {
                                             "BinaryLength":  12,
                                             "AccountDomainSid":  null,
                                             "Value":  "S-1-5-18"
                                         }
                           },
                           {
                               "Value":  "DESKTOP-0KE1UMC$"
                           },
                           {
                               "Value":  "WORKGROUP"
                           },
                           {
                               "Value":  999
                           },
                           {
                               "Value":  "Microsoft Software Key Storage Provider"
                           },
                           {
                               "Value":  "RSA"
                           },
                           {
                               "Value":  "ESET encryption key"
                           },
                           {
                               "Value":  "%%2499"
                           },
                           {
                               "Value":  "%%2480"
                           },
                           {
                               "Value":  0
                           }
                       ],
        "Message":  "Cryptographic operation.\r\n\r\nSubject:\r\n\tSecurity ID:\t\tS-1-5-18\r\n\tAccount Name:\t\tDESKTOP-0KE1UMC$\r\n\tAccount Domain:\t\tWORKGROUP\r\n\tLogon ID:\t\t0x3E7\r\n\r\nCryptographic Parameters:\r\n\tProvider Name:\tMicrosoft Software Key Storage Provider\r\n\tAlgorithm Name:\tRSA\r\n\tKey Name:\tESET encryption key\r\n\tKey Type:\tMachine key.\r\n\r\nCryptographic Operation:\r\n\tOperation:\tOpen Key.\r\n\tReturn Code:\t0x0"
    },
    {
        "Id":  5058,
        "Version":  1,
        "Qualifiers":  null,
        "Level":  0,
        "Task":  12292,
        "Opcode":  0,
        "Keywords":  -9214364837600034816,
        "RecordId":  459715,
        "ProviderName":  "Microsoft-Windows-Security-Auditing",
        "ProviderId":  "54849625-5478-4994-a5ba-3e3b0328c30d",
        "LogName":  "Security",
        "ProcessId":  1004,
        "ThreadId":  11796,
        "MachineName":  "DESKTOP-0KE1UMC",
        "UserId":  null,
        "TimeCreated":  "\/Date(1788802216026)\/",
        "ActivityId":  "60317226-0f18-0000-6b73-3160180fdd01",
        "RelatedActivityId":  null,
        "ContainerLog":  "Security",
        "MatchedQueryIds":  [

                            ],
        "Bookmark":  {

                     },
        "LevelDisplayName":  "Information",
        "OpcodeDisplayName":  "Info",
        "TaskDisplayName":  "Other System Events",
        "KeywordsDisplayNames":  [
                                     "Audit Success"
                                 ],
        "Properties":  [
                           {
                               "Value":  {
                                             "BinaryLength":  12,
                                             "AccountDomainSid":  null,
                                             "Value":  "S-1-5-18"
                                         }
                           },
                           {
                               "Value":  "DESKTOP-0KE1UMC$"
                           },
                           {
                               "Value":  "WORKGROUP"
                           },
                           {
                               "Value":  999
                           },
                           {
                               "Value":  2584
                           },
                           {
                               "Value":  "\/Date(1783542598387)\/"
                           },
                           {
                               "Value":  "Microsoft Software Key Storage Provider"
                           },
                           {
                               "Value":  "UNKNOWN"
                           },
                           {
                               "Value":  "ESET encryption key"
                           },
                           {
                               "Value":  "%%2499"
                           },
                           {
                               "Value":  "C:\\ProgramData\\Microsoft\\Crypto\\Keys\\05bfb2b62daf9420edc8c71057ae114c_b6518706-73e4-4cf9-92d8-5bc9e30e1c04"
                           },
                           {
                               "Value":  "%%2458"
                           },
                           {
                               "Value":  0
                           }
                       ],
        "Message":  "Key file operation.\r\n\r\nSubject:\r\n\tSecurity ID:\t\tS-1-5-18\r\n\tAccount Name:\t\tDESKTOP-0KE1UMC$\r\n\tAccount Domain:\t\tWORKGROUP\r\n\tLogon ID:\t\t0x3E7\r\n\r\nProcess Information:\r\n\tProcess ID:\t\t2584\r\n\tProcess Creation Time:\t‎2026‎-‎07‎-‎08T20:29:58.387109400Z\r\n\r\nCryptographic Parameters:\r\n\tProvider Name:\tMicrosoft Software Key Storage Provider\r\n\tAlgorithm Name:\tUNKNOWN\r\n\tKey Name:\tESET encryption key\r\n\tKey Type:\tMachine key.\r\n\r\nKey File Operation Information:\r\n\tFile Path:\tC:\\ProgramData\\Microsoft\\Crypto\\Keys\\05bfb2b62daf9420edc8c71057ae114c_b6518706-73e4-4cf9-92d8-5bc9e30e1c04\r\n\tOperation:\tRead persisted key from file.\r\n\tReturn Code:\t0x0"
    },
