    {
        "Id":  5379,
        "Version":  0,
        "Qualifiers":  null,
        "Level":  0,
        "Task":  13824,
        "Opcode":  0,
        "Keywords":  -9214364837600034816,
        "RecordId":  459882,
        "ProviderName":  "Microsoft-Windows-Security-Auditing",
        "ProviderId":  "54849625-5478-4994-a5ba-3e3b0328c30d",
        "LogName":  "Security",
        "ProcessId":  1004,
        "ThreadId":  8472,
        "MachineName":  "DESKTOP-0KE1UMC",
        "UserId":  null,
        "TimeCreated":  "\/Date(1788806605284)\/",
        "ActivityId":  "60317226-0f18-0000-6b73-3160180fdd01",
        "RelatedActivityId":  null,
        "ContainerLog":  "Security",
        "MatchedQueryIds":  [

                            ],
        "Bookmark":  {

                     },
        "LevelDisplayName":  "Information",
        "OpcodeDisplayName":  "Info",
        "TaskDisplayName":  "User Account Management",
        "KeywordsDisplayNames":  [
                                     "Audit Success"
                                 ],
        "Properties":  [
                           {
                               "Value":  {
                                             "BinaryLength":  28,
                                             "AccountDomainSid":  {
                                                                      "BinaryLength":  24,
                                                                      "AccountDomainSid":  {
                                                                                               "BinaryLength":  24,
                                                                                               "AccountDomainSid":  {
                                                                                                                        "BinaryLength":  24,
                                                                                                                        "AccountDomainSid":  {
                                                                                                                                                 "BinaryLength":  24,
                                                                                                                                                 "AccountDomainSid":  {
                                                                                                                                                                          "BinaryLength":  24,
                                                                                                                                                                          "AccountDomainSid":  {
                                                                                                                                                                                                   "BinaryLength":  24,
                                                                                                                                                                                                   "AccountDomainSid":  "S-1-5-21-1142061746-2163019219-1645668253",
                                                                                                                                                                                                   "Value":  "S-1-5-21-1142061746-2163019219-1645668253"
                                                                                                                                                                                               },
                                                                                                                                                                          "Value":  "S-1-5-21-1142061746-2163019219-1645668253"
                                                                                                                                                                      },
                                                                                                                                                 "Value":  "S-1-5-21-1142061746-2163019219-1645668253"
                                                                                                                                             },
                                                                                                                        "Value":  "S-1-5-21-1142061746-2163019219-1645668253"
                                                                                                                    },
                                                                                               "Value":  "S-1-5-21-1142061746-2163019219-1645668253"
                                                                                           },
                                                                      "Value":  "S-1-5-21-1142061746-2163019219-1645668253"
                                                                  },
                                             "Value":  "S-1-5-21-1142061746-2163019219-1645668253-1001"
                                         }
                           },
                           {
                               "Value":  "Lenovo"
                           },
                           {
                               "Value":  "DESKTOP-0KE1UMC"
                           },
                           {
                               "Value":  79047277
                           },
                           {
                               "Value":  "MicrosoftAccount:user=02nmmtjuryokfimb"
                           },
                           {
                               "Value":  0
                           },
                           {
                               "Value":  0
                           },
                           {
                               "Value":  "%%8100"
                           },
                           {
                               "Value":  3221226021
                           },
                           {
                               "Value":  "\/Date(1788806575462)\/"
                           },
                           {
                               "Value":  23896
                           }
                       ],
        "Message":  "Credential Manager credentials were read.\r\n\r\nSubject:\r\n\tSecurity ID:\t\tS-1-5-21-1142061746-2163019219-1645668253-1001\r\n\tAccount Name:\t\tLenovo\r\n\tAccount Domain:\t\tDESKTOP-0KE1UMC\r\n\tLogon ID:\t\t0x4B62A6D\r\n\tRead Operation:\t\tEnumerate Credentials\r\n\r\nThis event occurs when a user performs a read operation on stored credentials in Credential Manager."
    },
    {
        "Id":  5379,
        "Version":  0,
        "Qualifiers":  null,
        "Level":  0,
        "Task":  13824,
        "Opcode":  0,
        "Keywords":  -9214364837600034816,
        "RecordId":  459881,
        "ProviderName":  "Microsoft-Windows-Security-Auditing",
        "ProviderId":  "54849625-5478-4994-a5ba-3e3b0328c30d",
        "LogName":  "Security",
        "ProcessId":  1004,
        "ThreadId":  11796,
        "MachineName":  "DESKTOP-0KE1UMC",
        "UserId":  null,
        "TimeCreated":  "\/Date(1788806605224)\/",
        "ActivityId":  "60317226-0f18-0000-6b73-3160180fdd01",
        "RelatedActivityId":  null,
        "ContainerLog":  "Security",
        "MatchedQueryIds":  [

                            ],
        "Bookmark":  {

                     },
        "LevelDisplayName":  "Information",
        "OpcodeDisplayName":  "Info",
        "TaskDisplayName":  "User Account Management",
        "KeywordsDisplayNames":  [
                                     "Audit Success"
                                 ],
        "Properties":  [
                           {
                               "Value":  {
                                             "BinaryLength":  28,
                                             "AccountDomainSid":  {
                                                                      "BinaryLength":  24,
                                                                      "AccountDomainSid":  {
                                                                                               "BinaryLength":  24,
                                                                                               "AccountDomainSid":  {
                                                                                                                        "BinaryLength":  24,
                                                                                                                        "AccountDomainSid":  {
                                                                                                                                                 "BinaryLength":  24,
                                                                                                                                                 "AccountDomainSid":  {
                                                                                                                                                                          "BinaryLength":  24,
                                                                                                                                                                          "AccountDomainSid":  {
                                                                                                                                                                                                   "BinaryLength":  24,
                                                                                                                                                                                                   "AccountDomainSid":  "S-1-5-21-1142061746-2163019219-1645668253",
                                                                                                                                                                                                   "Value":  "S-1-5-21-1142061746-2163019219-1645668253"
                                                                                                                                                                                               },
                                                                                                                                                                          "Value":  "S-1-5-21-1142061746-2163019219-1645668253"
                                                                                                                                                                      },
                                                                                                                                                 "Value":  "S-1-5-21-1142061746-2163019219-1645668253"
                                                                                                                                             },
                                                                                                                        "Value":  "S-1-5-21-1142061746-2163019219-1645668253"
                                                                                                                    },
                                                                                               "Value":  "S-1-5-21-1142061746-2163019219-1645668253"
                                                                                           },
                                                                      "Value":  "S-1-5-21-1142061746-2163019219-1645668253"
                                                                  },
                                             "Value":  "S-1-5-21-1142061746-2163019219-1645668253-1001"
                                         }
                           },
                           {
                               "Value":  "Lenovo"
                           },
                           {
                               "Value":  "DESKTOP-0KE1UMC"
                           },
                           {
                               "Value":  79047277
                           },
                           {
                               "Value":  "WindowsLive:(cert):name=02nmmtjuryokfimb;serviceuri=*"
                           },
                           {
                               "Value":  0
                           },
                           {
                               "Value":  0
                           },
                           {
                               "Value":  "%%8100"
                           },
                           {
                               "Value":  3221226021
                           },
                           {
                               "Value":  "\/Date(1788806575462)\/"
                           },
                           {
                               "Value":  23896
                           }
                       ],
        "Message":  "Credential Manager credentials were read.\r\n\r\nSubject:\r\n\tSecurity ID:\t\tS-1-5-21-1142061746-2163019219-1645668253-1001\r\n\tAccount Name:\t\tLenovo\r\n\tAccount Domain:\t\tDESKTOP-0KE1UMC\r\n\tLogon ID:\t\t0x4B62A6D\r\n\tRead Operation:\t\tEnumerate Credentials\r\n\r\nThis event occurs when a user performs a read operation on stored credentials in Credential Manager."
    },
    {
        "Id":  5379,
        "Version":  0,
        "Qualifiers":  null,
        "Level":  0,
        "Task":  13824,
        "Opcode":  0,
        "Keywords":  -9214364837600034816,
        "RecordId":  459880,
        "ProviderName":  "Microsoft-Windows-Security-Auditing",
        "ProviderId":  "54849625-5478-4994-a5ba-3e3b0328c30d",
        "LogName":  "Security",
        "ProcessId":  1004,
        "ThreadId":  11796,
        "MachineName":  "DESKTOP-0KE1UMC",
        "UserId":  null,
        "TimeCreated":  "\/Date(1788806605223)\/",
        "ActivityId":  "60317226-0f18-0000-6b73-3160180fdd01",
        "RelatedActivityId":  null,
        "ContainerLog":  "Security",
        "MatchedQueryIds":  [

                            ],
        "Bookmark":  {

                     },
        "LevelDisplayName":  "Information",
        "OpcodeDisplayName":  "Info",
        "TaskDisplayName":  "User Account Management",
        "KeywordsDisplayNames":  [
                                     "Audit Success"
                                 ],
        "Properties":  [
                           {
                               "Value":  {
                                             "BinaryLength":  28,
                                             "AccountDomainSid":  {
                                                                      "BinaryLength":  24,
                                                                      "AccountDomainSid":  {
                                                                                               "BinaryLength":  24,
                                                                                               "AccountDomainSid":  {
                                                                                                                        "BinaryLength":  24,
                                                                                                                        "AccountDomainSid":  {
                                                                                                                                                 "BinaryLength":  24,
                                                                                                                                                 "AccountDomainSid":  {
                                                                                                                                                                          "BinaryLength":  24,
                                                                                                                                                                          "AccountDomainSid":  {
                                                                                                                                                                                                   "BinaryLength":  24,
                                                                                                                                                                                                   "AccountDomainSid":  "S-1-5-21-1142061746-2163019219-1645668253",
                                                                                                                                                                                                   "Value":  "S-1-5-21-1142061746-2163019219-1645668253"
                                                                                                                                                                                               },
                                                                                                                                                                          "Value":  "S-1-5-21-1142061746-2163019219-1645668253"
                                                                                                                                                                      },
                                                                                                                                                 "Value":  "S-1-5-21-1142061746-2163019219-1645668253"
                                                                                                                                             },
                                                                                                                        "Value":  "S-1-5-21-1142061746-2163019219-1645668253"
                                                                                                                    },
                                                                                               "Value":  "S-1-5-21-1142061746-2163019219-1645668253"
                                                                                           },
                                                                      "Value":  "S-1-5-21-1142061746-2163019219-1645668253"
                                                                  },
                                             "Value":  "S-1-5-21-1142061746-2163019219-1645668253-1001"
                                         }
                           },
                           {
                               "Value":  "Lenovo"
                           },
                           {
                               "Value":  "DESKTOP-0KE1UMC"
                           },
                           {
                               "Value":  79047277
                           },
                           {
                               "Value":  "WindowsLive:(token):name=02nmmtjuryokfimb;serviceuri=*"
                           },
                           {
                               "Value":  0
                           },
                           {
                               "Value":  0
                           },
                           {
                               "Value":  "%%8100"
                           },
                           {
                               "Value":  3221226021
                           },
                           {
                               "Value":  "\/Date(1788806575462)\/"
                           },
                           {
                               "Value":  23896
                           }
                       ],
        "Message":  "Credential Manager credentials were read.\r\n\r\nSubject:\r\n\tSecurity ID:\t\tS-1-5-21-1142061746-2163019219-1645668253-1001\r\n\tAccount Name:\t\tLenovo\r\n\tAccount Domain:\t\tDESKTOP-0KE1UMC\r\n\tLogon ID:\t\t0x4B62A6D\r\n\tRead Operation:\t\tEnumerate Credentials\r\n\r\nThis event occurs when a user performs a read operation on stored credentials in Credential Manager."
    },
    {
        "Id":  5379,
        "Version":  0,
        "Qualifiers":  null,
        "Level":  0,
        "Task":  13824,
        "Opcode":  0,
        "Keywords":  -9214364837600034816,
        "RecordId":  459879,
        "ProviderName":  "Microsoft-Windows-Security-Auditing",
        "ProviderId":  "54849625-5478-4994-a5ba-3e3b0328c30d",
        "LogName":  "Security",
        "ProcessId":  1004,
        "ThreadId":  11796,
        "MachineName":  "DESKTOP-0KE1UMC",
        "UserId":  null,
        "TimeCreated":  "\/Date(1788806605222)\/",
        "ActivityId":  "60317226-0f18-0000-6b73-3160180fdd01",
        "RelatedActivityId":  null,
        "ContainerLog":  "Security",
        "MatchedQueryIds":  [

                            ],
        "Bookmark":  {

                     },
        "LevelDisplayName":  "Information",
        "OpcodeDisplayName":  "Info",
        "TaskDisplayName":  "User Account Management",
        "KeywordsDisplayNames":  [
                                     "Audit Success"
                                 ],
        "Properties":  [
                           {
                               "Value":  {
                                             "BinaryLength":  28,
                                             "AccountDomainSid":  {
                                                                      "BinaryLength":  24,
                                                                      "AccountDomainSid":  {
                                                                                               "BinaryLength":  24,
                                                                                               "AccountDomainSid":  {
                                                                                                                        "BinaryLength":  24,
                                                                                                                        "AccountDomainSid":  {
                                                                                                                                                 "BinaryLength":  24,
                                                                                                                                                 "AccountDomainSid":  {
                                                                                                                                                                          "BinaryLength":  24,
                                                                                                                                                                          "AccountDomainSid":  {
                                                                                                                                                                                                   "BinaryLength":  24,
                                                                                                                                                                                                   "AccountDomainSid":  "S-1-5-21-1142061746-2163019219-1645668253",
                                                                                                                                                                                                   "Value":  "S-1-5-21-1142061746-2163019219-1645668253"
                                                                                                                                                                                               },
                                                                                                                                                                          "Value":  "S-1-5-21-1142061746-2163019219-1645668253"
                                                                                                                                                                      },
                                                                                                                                                 "Value":  "S-1-5-21-1142061746-2163019219-1645668253"
                                                                                                                                             },
                                                                                                                        "Value":  "S-1-5-21-1142061746-2163019219-1645668253"
                                                                                                                    },
                                                                                               "Value":  "S-1-5-21-1142061746-2163019219-1645668253"
                                                                                           },
                                                                      "Value":  "S-1-5-21-1142061746-2163019219-1645668253"
                                                                  },
                                             "Value":  "S-1-5-21-1142061746-2163019219-1645668253-1001"
                                         }
                           },
                           {
                               "Value":  "Lenovo"
                           },
                           {
                               "Value":  "DESKTOP-0KE1UMC"
                           },
                           {
                               "Value":  79047277
                           },
                           {
                               "Value":  "MicrosoftAccount:user=02nmmtjuryokfimb"
                           },
                           {
                               "Value":  0
                           },
                           {
                               "Value":  0
                           },
                           {
                               "Value":  "%%8100"
                           },
                           {
                               "Value":  3221226021
                           },
                           {
                               "Value":  "\/Date(1788806575462)\/"
                           },
                           {
                               "Value":  23896
                           }
                       ],
        "Message":  "Credential Manager credentials were read.\r\n\r\nSubject:\r\n\tSecurity ID:\t\tS-1-5-21-1142061746-2163019219-1645668253-1001\r\n\tAccount Name:\t\tLenovo\r\n\tAccount Domain:\t\tDESKTOP-0KE1UMC\r\n\tLogon ID:\t\t0x4B62A6D\r\n\tRead Operation:\t\tEnumerate Credentials\r\n\r\nThis event occurs when a user performs a read operation on stored credentials in Credential Manager."
    },
    {
        "Id":  5379,
        "Version":  0,
        "Qualifiers":  null,
        "Level":  0,
        "Task":  13824,
        "Opcode":  0,
        "Keywords":  -9214364837600034816,
        "RecordId":  459878,
        "ProviderName":  "Microsoft-Windows-Security-Auditing",
        "ProviderId":  "54849625-5478-4994-a5ba-3e3b0328c30d",
        "LogName":  "Security",
        "ProcessId":  1004,
        "ThreadId":  8472,
        "MachineName":  "DESKTOP-0KE1UMC",
        "UserId":  null,
        "TimeCreated":  "\/Date(1788806605219)\/",
        "ActivityId":  "60317226-0f18-0000-6b73-3160180fdd01",
        "RelatedActivityId":  null,
        "ContainerLog":  "Security",
        "MatchedQueryIds":  [

                            ],
        "Bookmark":  {

                     },
        "LevelDisplayName":  "Information",
        "OpcodeDisplayName":  "Info",
        "TaskDisplayName":  "User Account Management",
        "KeywordsDisplayNames":  [
                                     "Audit Success"
                                 ],
        "Properties":  [
                           {
                               "Value":  {
                                             "BinaryLength":  12,
                                             "AccountDomainSid":  null,
                                             "Value":  "S-1-5-19"
                                         }
                           },
                           {
                               "Value":  "LOCAL SERVICE"
                           },
                           {
                               "Value":  "NT AUTHORITY"
                           },
                           {
                               "Value":  997
                           },
                           {
                               "Value":  "MicrosoftAccount:user=02dyxsodxpeeblig"
                           },
                           {
                               "Value":  0
                           },
                           {
                               "Value":  0
                           },
                           {
                               "Value":  "%%8100"
                           },
                           {
                               "Value":  3221226021
                           },
                           {
                               "Value":  "\/Date(1788806575462)\/"
                           },
                           {
                               "Value":  23896
                           }
                       ],
        "Message":  "Credential Manager credentials were read.\r\n\r\nSubject:\r\n\tSecurity ID:\t\tS-1-5-19\r\n\tAccount Name:\t\tLOCAL SERVICE\r\n\tAccount Domain:\t\tNT AUTHORITY\r\n\tLogon ID:\t\t0x3E5\r\n\tRead Operation:\t\tEnumerate Credentials\r\n\r\nThis event occurs when a user performs a read operation on stored credentials in Credential Manager."
    },
    {
        "Id":  5379,
        "Version":  0,
        "Qualifiers":  null,
        "Level":  0,
        "Task":  13824,
        "Opcode":  0,
        "Keywords":  -9214364837600034816,
        "RecordId":  459877,
        "ProviderName":  "Microsoft-Windows-Security-Auditing",
        "ProviderId":  "54849625-5478-4994-a5ba-3e3b0328c30d",
        "LogName":  "Security",
        "ProcessId":  1004,
        "ThreadId":  8472,
        "MachineName":  "DESKTOP-0KE1UMC",
        "UserId":  null,
        "TimeCreated":  "\/Date(1788806605150)\/",
        "ActivityId":  "60317226-0f18-0000-6b73-3160180fdd01",
        "RelatedActivityId":  null,
        "ContainerLog":  "Security",
        "MatchedQueryIds":  [

                            ],
        "Bookmark":  {

                     },
        "LevelDisplayName":  "Information",
        "OpcodeDisplayName":  "Info",
        "TaskDisplayName":  "User Account Management",
        "KeywordsDisplayNames":  [
                                     "Audit Success"
                                 ],
        "Properties":  [
                           {
                               "Value":  {
                                             "BinaryLength":  12,
                                             "AccountDomainSid":  null,
                                             "Value":  "S-1-5-19"
                                         }
                           },
                           {
                               "Value":  "LOCAL SERVICE"
                           },
                           {
                               "Value":  "NT AUTHORITY"
                           },
                           {
                               "Value":  997
                           },
                           {
                               "Value":  "WindowsLive:(cert):name=02dyxsodxpeeblig;serviceuri=*"
                           },
                           {
                               "Value":  0
                           },
                           {
                               "Value":  0
                           },
                           {
                               "Value":  "%%8100"
                           },
                           {
                               "Value":  3221226021
                           },
                           {
                               "Value":  "\/Date(1788806575462)\/"
                           },
                           {
                               "Value":  23896
                           }
                       ],
        "Message":  "Credential Manager credentials were read.\r\n\r\nSubject:\r\n\tSecurity ID:\t\tS-1-5-19\r\n\tAccount Name:\t\tLOCAL SERVICE\r\n\tAccount Domain:\t\tNT AUTHORITY\r\n\tLogon ID:\t\t0x3E5\r\n\tRead Operation:\t\tEnumerate Credentials\r\n\r\nThis event occurs when a user performs a read operation on stored credentials in Credential Manager."
    },
    {
        "Id":  5379,
        "Version":  0,
        "Qualifiers":  null,
        "Level":  0,
        "Task":  13824,
        "Opcode":  0,
        "Keywords":  -9214364837600034816,
        "RecordId":  459876,
        "ProviderName":  "Microsoft-Windows-Security-Auditing",
        "ProviderId":  "54849625-5478-4994-a5ba-3e3b0328c30d",
        "LogName":  "Security",
        "ProcessId":  1004,
        "ThreadId":  8472,
        "MachineName":  "DESKTOP-0KE1UMC",
        "UserId":  null,
        "TimeCreated":  "\/Date(1788806605149)\/",
        "ActivityId":  "60317226-0f18-0000-6b73-3160180fdd01",
        "RelatedActivityId":  null,
        "ContainerLog":  "Security",
        "MatchedQueryIds":  [

                            ],
        "Bookmark":  {

                     },
        "LevelDisplayName":  "Information",
        "OpcodeDisplayName":  "Info",
        "TaskDisplayName":  "User Account Management",
        "KeywordsDisplayNames":  [
                                     "Audit Success"
                                 ],
        "Properties":  [
                           {
                               "Value":  {
                                             "BinaryLength":  12,
                                             "AccountDomainSid":  null,
                                             "Value":  "S-1-5-19"
                                         }
                           },
                           {
                               "Value":  "LOCAL SERVICE"
                           },
                           {
                               "Value":  "NT AUTHORITY"
                           },
                           {
                               "Value":  997
                           },
                           {
                               "Value":  "WindowsLive:(token):name=02dyxsodxpeeblig;serviceuri=*"
                           },
                           {
                               "Value":  0
                           },
                           {
                               "Value":  0
                           },
                           {
                               "Value":  "%%8100"
                           },
                           {
                               "Value":  3221226021
                           },
                           {
                               "Value":  "\/Date(1788806575462)\/"
                           },
                           {
                               "Value":  23896
                           }
                       ],
        "Message":  "Credential Manager credentials were read.\r\n\r\nSubject:\r\n\tSecurity ID:\t\tS-1-5-19\r\n\tAccount Name:\t\tLOCAL SERVICE\r\n\tAccount Domain:\t\tNT AUTHORITY\r\n\tLogon ID:\t\t0x3E5\r\n\tRead Operation:\t\tEnumerate Credentials\r\n\r\nThis event occurs when a user performs a read operation on stored credentials in Credential Manager."
    },
    {
        "Id":  5379,
        "Version":  0,
        "Qualifiers":  null,
        "Level":  0,
        "Task":  13824,
        "Opcode":  0,
        "Keywords":  -9214364837600034816,
        "RecordId":  459875,
        "ProviderName":  "Microsoft-Windows-Security-Auditing",
        "ProviderId":  "54849625-5478-4994-a5ba-3e3b0328c30d",
        "LogName":  "Security",
        "ProcessId":  1004,
        "ThreadId":  8472,
        "MachineName":  "DESKTOP-0KE1UMC",
        "UserId":  null,
        "TimeCreated":  "\/Date(1788806605149)\/",
        "ActivityId":  "60317226-0f18-0000-6b73-3160180fdd01",
        "RelatedActivityId":  null,
        "ContainerLog":  "Security",
        "MatchedQueryIds":  [

                            ],
        "Bookmark":  {

                     },
        "LevelDisplayName":  "Information",
        "OpcodeDisplayName":  "Info",
        "TaskDisplayName":  "User Account Management",
        "KeywordsDisplayNames":  [
                                     "Audit Success"
                                 ],
        "Properties":  [
                           {
                               "Value":  {
                                             "BinaryLength":  12,
                                             "AccountDomainSid":  null,
                                             "Value":  "S-1-5-19"
                                         }
                           },
                           {
                               "Value":  "LOCAL SERVICE"
                           },
                           {
                               "Value":  "NT AUTHORITY"
                           },
                           {
                               "Value":  997
                           },
                           {
                               "Value":  "MicrosoftAccount:user=02dyxsodxpeeblig"
                           },
                           {
                               "Value":  0
                           },
                           {
                               "Value":  0
                           },
                           {
                               "Value":  "%%8100"
                           },
                           {
                               "Value":  3221226021
                           },
                           {
                               "Value":  "\/Date(1788806575462)\/"
                           },
                           {
                               "Value":  23896
                           }
                       ],
        "Message":  "Credential Manager credentials were read.\r\n\r\nSubject:\r\n\tSecurity ID:\t\tS-1-5-19\r\n\tAccount Name:\t\tLOCAL SERVICE\r\n\tAccount Domain:\t\tNT AUTHORITY\r\n\tLogon ID:\t\t0x3E5\r\n\tRead Operation:\t\tEnumerate Credentials\r\n\r\nThis event occurs when a user performs a read operation on stored credentials in Credential Manager."
    },
    {
        "Id":  5379,
        "Version":  0,
        "Qualifiers":  null,
        "Level":  0,
        "Task":  13824,
        "Opcode":  0,
        "Keywords":  -9214364837600034816,
        "RecordId":  459874,
        "ProviderName":  "Microsoft-Windows-Security-Auditing",
        "ProviderId":  "54849625-5478-4994-a5ba-3e3b0328c30d",
        "LogName":  "Security",
        "ProcessId":  1004,
        "ThreadId":  8472,
        "MachineName":  "DESKTOP-0KE1UMC",
        "UserId":  null,
        "TimeCreated":  "\/Date(1788806605121)\/",
        "ActivityId":  "60317226-0f18-0000-6b73-3160180fdd01",
        "RelatedActivityId":  null,
        "ContainerLog":  "Security",
        "MatchedQueryIds":  [

                            ],
        "Bookmark":  {

                     },
        "LevelDisplayName":  "Information",
        "OpcodeDisplayName":  "Info",
        "TaskDisplayName":  "User Account Management",
        "KeywordsDisplayNames":  [
                                     "Audit Success"
                                 ],
        "Properties":  [
                           {
                               "Value":  {
                                             "BinaryLength":  28,
                                             "AccountDomainSid":  {
                                                                      "BinaryLength":  24,
                                                                      "AccountDomainSid":  {
                                                                                               "BinaryLength":  24,
                                                                                               "AccountDomainSid":  {
                                                                                                                        "BinaryLength":  24,
                                                                                                                        "AccountDomainSid":  {
                                                                                                                                                 "BinaryLength":  24,
                                                                                                                                                 "AccountDomainSid":  {
                                                                                                                                                                          "BinaryLength":  24,
                                                                                                                                                                          "AccountDomainSid":  {
                                                                                                                                                                                                   "BinaryLength":  24,
                                                                                                                                                                                                   "AccountDomainSid":  "S-1-5-21-1142061746-2163019219-1645668253",
                                                                                                                                                                                                   "Value":  "S-1-5-21-1142061746-2163019219-1645668253"
                                                                                                                                                                                               },
                                                                                                                                                                          "Value":  "S-1-5-21-1142061746-2163019219-1645668253"
                                                                                                                                                                      },
                                                                                                                                                 "Value":  "S-1-5-21-1142061746-2163019219-1645668253"
                                                                                                                                             },
                                                                                                                        "Value":  "S-1-5-21-1142061746-2163019219-1645668253"
                                                                                                                    },
                                                                                               "Value":  "S-1-5-21-1142061746-2163019219-1645668253"
                                                                                           },
                                                                      "Value":  "S-1-5-21-1142061746-2163019219-1645668253"
                                                                  },
                                             "Value":  "S-1-5-21-1142061746-2163019219-1645668253-1001"
                                         }
                           },
                           {
                               "Value":  "Lenovo"
                           },
                           {
                               "Value":  "DESKTOP-0KE1UMC"
                           },
                           {
                               "Value":  15983444
                           },
                           {
                               "Value":  "MicrosoftAccount:user=02nmmtjuryokfimb"
                           },
                           {
                               "Value":  0
                           },
                           {
                               "Value":  0
                           },
                           {
                               "Value":  "%%8100"
                           },
                           {
                               "Value":  3221226021
                           },
                           {
                               "Value":  "\/Date(1788806575462)\/"
                           },
                           {
                               "Value":  23896
                           }
                       ],
        "Message":  "Credential Manager credentials were read.\r\n\r\nSubject:\r\n\tSecurity ID:\t\tS-1-5-21-1142061746-2163019219-1645668253-1001\r\n\tAccount Name:\t\tLenovo\r\n\tAccount Domain:\t\tDESKTOP-0KE1UMC\r\n\tLogon ID:\t\t0xF3E354\r\n\tRead Operation:\t\tEnumerate Credentials\r\n\r\nThis event occurs when a user performs a read operation on stored credentials in Credential Manager."
    },
    {
        "Id":  5379,
        "Version":  0,
        "Qualifiers":  null,
        "Level":  0,
        "Task":  13824,
        "Opcode":  0,
        "Keywords":  -9214364837600034816,
        "RecordId":  459873,
        "ProviderName":  "Microsoft-Windows-Security-Auditing",
        "ProviderId":  "54849625-5478-4994-a5ba-3e3b0328c30d",
        "LogName":  "Security",
        "ProcessId":  1004,
        "ThreadId":  11796,
        "MachineName":  "DESKTOP-0KE1UMC",
        "UserId":  null,
        "TimeCreated":  "\/Date(1788806605121)\/",
        "ActivityId":  "60317226-0f18-0000-6b73-3160180fdd01",
        "RelatedActivityId":  null,
        "ContainerLog":  "Security",
        "MatchedQueryIds":  [

                            ],
        "Bookmark":  {

                     },
        "LevelDisplayName":  "Information",
        "OpcodeDisplayName":  "Info",
        "TaskDisplayName":  "User Account Management",
        "KeywordsDisplayNames":  [
                                     "Audit Success"
                                 ],
        "Properties":  [
                           {
                               "Value":  {
                                             "BinaryLength":  12,
                                             "AccountDomainSid":  null,
                                             "Value":  "S-1-5-18"
                                         }
                           },
                           {
                               "Value":  "DESKTOP-0KE1UMC$"
                           },
                           {
                               "Value":  "WORKGROUP"
                           },
                           {
                               "Value":  999
                           },
                           {
                               "Value":  "MicrosoftAccount:user=02dqiexmmdqeubav"
                           },
                           {
                               "Value":  0
                           },
                           {
                               "Value":  0
                           },
                           {
                               "Value":  "%%8100"
                           },
                           {
                               "Value":  3221226021
                           },
                           {
                               "Value":  "\/Date(1788806575462)\/"
                           },
                           {
                               "Value":  23896
                           }
                       ],
        "Message":  "Credential Manager credentials were read.\r\n\r\nSubject:\r\n\tSecurity ID:\t\tS-1-5-18\r\n\tAccount Name:\t\tDESKTOP-0KE1UMC$\r\n\tAccount Domain:\t\tWORKGROUP\r\n\tLogon ID:\t\t0x3E7\r\n\tRead Operation:\t\tEnumerate Credentials\r\n\r\nThis event occurs when a user performs a read operation on stored credentials in Credential Manager."
    },
