    {
        "Id":  5379,
        "Version":  0,
        "Qualifiers":  null,
        "Level":  0,
        "Task":  13824,
        "Opcode":  0,
        "Keywords":  -9214364837600034816,
        "RecordId":  459910,
        "ProviderName":  "Microsoft-Windows-Security-Auditing",
        "ProviderId":  "54849625-5478-4994-a5ba-3e3b0328c30d",
        "LogName":  "Security",
        "ProcessId":  1004,
        "ThreadId":  8472,
        "MachineName":  "DESKTOP-0KE1UMC",
        "UserId":  null,
        "TimeCreated":  "\/Date(1788806655260)\/",
        "ActivityId":  "60317226-0f18-0000-6b73-3160180fdd01",
        "RelatedActivityId":  null,
        "ContainerLog":  "Security",
        "MatchedQueryIds":  [

                            ],
        "Bookmark":  {

                     },
        "LevelDisplayName":  "Information",
        "OpcodeDisplayName":  "Info",
        "TaskDisplayName":  "User Account Management",
        "KeywordsDisplayNames":  [
                                     "Audit Success"
                                 ],
        "Properties":  [
                           {
                               "Value":  {
                                             "BinaryLength":  12,
                                             "AccountDomainSid":  null,
                                             "Value":  "S-1-5-18"
                                         }
                           },
                           {
                               "Value":  "DESKTOP-0KE1UMC$"
                           },
                           {
                               "Value":  "WORKGROUP"
                           },
                           {
                               "Value":  999
                           },
                           {
                               "Value":  "MicrosoftAccount:user=02dqiexmmdqeubav"
                           },
                           {
                               "Value":  0
                           },
                           {
                               "Value":  0
                           },
                           {
                               "Value":  "%%8100"
                           },
                           {
                               "Value":  3221226021
                           },
                           {
                               "Value":  "\/Date(1788806575462)\/"
                           },
                           {
                               "Value":  23896
                           }
                       ],
        "Message":  "Credential Manager credentials were read.\r\n\r\nSubject:\r\n\tSecurity ID:\t\tS-1-5-18\r\n\tAccount Name:\t\tDESKTOP-0KE1UMC$\r\n\tAccount Domain:\t\tWORKGROUP\r\n\tLogon ID:\t\t0x3E7\r\n\tRead Operation:\t\tEnumerate Credentials\r\n\r\nThis event occurs when a user performs a read operation on stored credentials in Credential Manager."
    },
    {
        "Id":  5379,
        "Version":  0,
        "Qualifiers":  null,
        "Level":  0,
        "Task":  13824,
        "Opcode":  0,
        "Keywords":  -9214364837600034816,
        "RecordId":  459909,
        "ProviderName":  "Microsoft-Windows-Security-Auditing",
        "ProviderId":  "54849625-5478-4994-a5ba-3e3b0328c30d",
        "LogName":  "Security",
        "ProcessId":  1004,
        "ThreadId":  8472,
        "MachineName":  "DESKTOP-0KE1UMC",
        "UserId":  null,
        "TimeCreated":  "\/Date(1788806655240)\/",
        "ActivityId":  "60317226-0f18-0000-6b73-3160180fdd01",
        "RelatedActivityId":  null,
        "ContainerLog":  "Security",
        "MatchedQueryIds":  [

                            ],
        "Bookmark":  {

                     },
        "LevelDisplayName":  "Information",
        "OpcodeDisplayName":  "Info",
        "TaskDisplayName":  "User Account Management",
        "KeywordsDisplayNames":  [
                                     "Audit Success"
                                 ],
        "Properties":  [
                           {
                               "Value":  {
                                             "BinaryLength":  12,
                                             "AccountDomainSid":  null,
                                             "Value":  "S-1-5-18"
                                         }
                           },
                           {
                               "Value":  "DESKTOP-0KE1UMC$"
                           },
                           {
                               "Value":  "WORKGROUP"
                           },
                           {
                               "Value":  999
                           },
                           {
                               "Value":  "MicrosoftAccount:user=02dqiexmmdqeubav"
                           },
                           {
                               "Value":  0
                           },
                           {
                               "Value":  0
                           },
                           {
                               "Value":  "%%8100"
                           },
                           {
                               "Value":  3221226021
                           },
                           {
                               "Value":  "\/Date(1788806575462)\/"
                           },
                           {
                               "Value":  23896
                           }
                       ],
        "Message":  "Credential Manager credentials were read.\r\n\r\nSubject:\r\n\tSecurity ID:\t\tS-1-5-18\r\n\tAccount Name:\t\tDESKTOP-0KE1UMC$\r\n\tAccount Domain:\t\tWORKGROUP\r\n\tLogon ID:\t\t0x3E7\r\n\tRead Operation:\t\tEnumerate Credentials\r\n\r\nThis event occurs when a user performs a read operation on stored credentials in Credential Manager."
    },
    {
        "Id":  5379,
        "Version":  0,
        "Qualifiers":  null,
        "Level":  0,
        "Task":  13824,
        "Opcode":  0,
        "Keywords":  -9214364837600034816,
        "RecordId":  459908,
        "ProviderName":  "Microsoft-Windows-Security-Auditing",
        "ProviderId":  "54849625-5478-4994-a5ba-3e3b0328c30d",
        "LogName":  "Security",
        "ProcessId":  1004,
        "ThreadId":  8472,
        "MachineName":  "DESKTOP-0KE1UMC",
        "UserId":  null,
        "TimeCreated":  "\/Date(1788806655235)\/",
        "ActivityId":  "60317226-0f18-0000-6b73-3160180fdd01",
        "RelatedActivityId":  null,
        "ContainerLog":  "Security",
        "MatchedQueryIds":  [

                            ],
        "Bookmark":  {

                     },
        "LevelDisplayName":  "Information",
        "OpcodeDisplayName":  "Info",
        "TaskDisplayName":  "User Account Management",
        "KeywordsDisplayNames":  [
                                     "Audit Success"
                                 ],
        "Properties":  [
                           {
                               "Value":  {
                                             "BinaryLength":  12,
                                             "AccountDomainSid":  null,
                                             "Value":  "S-1-5-18"
                                         }
                           },
                           {
                               "Value":  "DESKTOP-0KE1UMC$"
                           },
                           {
                               "Value":  "WORKGROUP"
                           },
                           {
                               "Value":  999
                           },
                           {
                               "Value":  "MicrosoftAccount:user=02dqiexmmdqeubav"
                           },
                           {
                               "Value":  0
                           },
                           {
                               "Value":  0
                           },
                           {
                               "Value":  "%%8100"
                           },
                           {
                               "Value":  3221226021
                           },
                           {
                               "Value":  "\/Date(1788806575462)\/"
                           },
                           {
                               "Value":  23896
                           }
                       ],
        "Message":  "Credential Manager credentials were read.\r\n\r\nSubject:\r\n\tSecurity ID:\t\tS-1-5-18\r\n\tAccount Name:\t\tDESKTOP-0KE1UMC$\r\n\tAccount Domain:\t\tWORKGROUP\r\n\tLogon ID:\t\t0x3E7\r\n\tRead Operation:\t\tEnumerate Credentials\r\n\r\nThis event occurs when a user performs a read operation on stored credentials in Credential Manager."
    },
    {
        "Id":  5379,
        "Version":  0,
        "Qualifiers":  null,
        "Level":  0,
        "Task":  13824,
        "Opcode":  0,
        "Keywords":  -9214364837600034816,
        "RecordId":  459907,
        "ProviderName":  "Microsoft-Windows-Security-Auditing",
        "ProviderId":  "54849625-5478-4994-a5ba-3e3b0328c30d",
        "LogName":  "Security",
        "ProcessId":  1004,
        "ThreadId":  11796,
        "MachineName":  "DESKTOP-0KE1UMC",
        "UserId":  null,
        "TimeCreated":  "\/Date(1788806646576)\/",
        "ActivityId":  "60317226-0f18-0000-6b73-3160180fdd01",
        "RelatedActivityId":  null,
        "ContainerLog":  "Security",
        "MatchedQueryIds":  [

                            ],
        "Bookmark":  {

                     },
        "LevelDisplayName":  "Information",
        "OpcodeDisplayName":  "Info",
        "TaskDisplayName":  "User Account Management",
        "KeywordsDisplayNames":  [
                                     "Audit Success"
                                 ],
        "Properties":  [
                           {
                               "Value":  {
                                             "BinaryLength":  12,
                                             "AccountDomainSid":  null,
                                             "Value":  "S-1-5-18"
                                         }
                           },
                           {
                               "Value":  "DESKTOP-0KE1UMC$"
                           },
                           {
                               "Value":  "WORKGROUP"
                           },
                           {
                               "Value":  999
                           },
                           {
                               "Value":  "WindowsLive:(cert):name=02dqiexmmdqeubav;serviceuri=*"
                           },
                           {
                               "Value":  0
                           },
                           {
                               "Value":  0
                           },
                           {
                               "Value":  "%%8100"
                           },
                           {
                               "Value":  3221226021
                           },
                           {
                               "Value":  "\/Date(1788806575462)\/"
                           },
                           {
                               "Value":  23896
                           }
                       ],
        "Message":  "Credential Manager credentials were read.\r\n\r\nSubject:\r\n\tSecurity ID:\t\tS-1-5-18\r\n\tAccount Name:\t\tDESKTOP-0KE1UMC$\r\n\tAccount Domain:\t\tWORKGROUP\r\n\tLogon ID:\t\t0x3E7\r\n\tRead Operation:\t\tEnumerate Credentials\r\n\r\nThis event occurs when a user performs a read operation on stored credentials in Credential Manager."
    },
    {
        "Id":  5379,
        "Version":  0,
        "Qualifiers":  null,
        "Level":  0,
        "Task":  13824,
        "Opcode":  0,
        "Keywords":  -9214364837600034816,
        "RecordId":  459906,
        "ProviderName":  "Microsoft-Windows-Security-Auditing",
        "ProviderId":  "54849625-5478-4994-a5ba-3e3b0328c30d",
        "LogName":  "Security",
        "ProcessId":  1004,
        "ThreadId":  11796,
        "MachineName":  "DESKTOP-0KE1UMC",
        "UserId":  null,
        "TimeCreated":  "\/Date(1788806646576)\/",
        "ActivityId":  "60317226-0f18-0000-6b73-3160180fdd01",
        "RelatedActivityId":  null,
        "ContainerLog":  "Security",
        "MatchedQueryIds":  [

                            ],
        "Bookmark":  {

                     },
        "LevelDisplayName":  "Information",
        "OpcodeDisplayName":  "Info",
        "TaskDisplayName":  "User Account Management",
        "KeywordsDisplayNames":  [
                                     "Audit Success"
                                 ],
        "Properties":  [
                           {
                               "Value":  {
                                             "BinaryLength":  12,
                                             "AccountDomainSid":  null,
                                             "Value":  "S-1-5-18"
                                         }
                           },
                           {
                               "Value":  "DESKTOP-0KE1UMC$"
                           },
                           {
                               "Value":  "WORKGROUP"
                           },
                           {
                               "Value":  999
                           },
                           {
                               "Value":  "WindowsLive:(token):name=02dqiexmmdqeubav;serviceuri=*"
                           },
                           {
                               "Value":  0
                           },
                           {
                               "Value":  0
                           },
                           {
                               "Value":  "%%8100"
                           },
                           {
                               "Value":  3221226021
                           },
                           {
                               "Value":  "\/Date(1788806575462)\/"
                           },
                           {
                               "Value":  23896
                           }
                       ],
        "Message":  "Credential Manager credentials were read.\r\n\r\nSubject:\r\n\tSecurity ID:\t\tS-1-5-18\r\n\tAccount Name:\t\tDESKTOP-0KE1UMC$\r\n\tAccount Domain:\t\tWORKGROUP\r\n\tLogon ID:\t\t0x3E7\r\n\tRead Operation:\t\tEnumerate Credentials\r\n\r\nThis event occurs when a user performs a read operation on stored credentials in Credential Manager."
    },
    {
        "Id":  5379,
        "Version":  0,
        "Qualifiers":  null,
        "Level":  0,
        "Task":  13824,
        "Opcode":  0,
        "Keywords":  -9214364837600034816,
        "RecordId":  459905,
        "ProviderName":  "Microsoft-Windows-Security-Auditing",
        "ProviderId":  "54849625-5478-4994-a5ba-3e3b0328c30d",
        "LogName":  "Security",
        "ProcessId":  1004,
        "ThreadId":  11796,
        "MachineName":  "DESKTOP-0KE1UMC",
        "UserId":  null,
        "TimeCreated":  "\/Date(1788806646576)\/",
        "ActivityId":  "60317226-0f18-0000-6b73-3160180fdd01",
        "RelatedActivityId":  null,
        "ContainerLog":  "Security",
        "MatchedQueryIds":  [

                            ],
        "Bookmark":  {

                     },
        "LevelDisplayName":  "Information",
        "OpcodeDisplayName":  "Info",
        "TaskDisplayName":  "User Account Management",
        "KeywordsDisplayNames":  [
                                     "Audit Success"
                                 ],
        "Properties":  [
                           {
                               "Value":  {
                                             "BinaryLength":  12,
                                             "AccountDomainSid":  null,
                                             "Value":  "S-1-5-18"
                                         }
                           },
                           {
                               "Value":  "DESKTOP-0KE1UMC$"
                           },
                           {
                               "Value":  "WORKGROUP"
                           },
                           {
                               "Value":  999
                           },
                           {
                               "Value":  "MicrosoftAccount:user=02dqiexmmdqeubav"
                           },
                           {
                               "Value":  0
                           },
                           {
                               "Value":  0
                           },
                           {
                               "Value":  "%%8100"
                           },
                           {
                               "Value":  3221226021
                           },
                           {
                               "Value":  "\/Date(1788806575462)\/"
                           },
                           {
                               "Value":  23896
                           }
                       ],
        "Message":  "Credential Manager credentials were read.\r\n\r\nSubject:\r\n\tSecurity ID:\t\tS-1-5-18\r\n\tAccount Name:\t\tDESKTOP-0KE1UMC$\r\n\tAccount Domain:\t\tWORKGROUP\r\n\tLogon ID:\t\t0x3E7\r\n\tRead Operation:\t\tEnumerate Credentials\r\n\r\nThis event occurs when a user performs a read operation on stored credentials in Credential Manager."
    },
    {
        "Id":  5379,
        "Version":  0,
        "Qualifiers":  null,
        "Level":  0,
        "Task":  13824,
        "Opcode":  0,
        "Keywords":  -9214364837600034816,
        "RecordId":  459904,
        "ProviderName":  "Microsoft-Windows-Security-Auditing",
        "ProviderId":  "54849625-5478-4994-a5ba-3e3b0328c30d",
        "LogName":  "Security",
        "ProcessId":  1004,
        "ThreadId":  11796,
        "MachineName":  "DESKTOP-0KE1UMC",
        "UserId":  null,
        "TimeCreated":  "\/Date(1788806644560)\/",
        "ActivityId":  "60317226-0f18-0000-6b73-3160180fdd01",
        "RelatedActivityId":  null,
        "ContainerLog":  "Security",
        "MatchedQueryIds":  [

                            ],
        "Bookmark":  {

                     },
        "LevelDisplayName":  "Information",
        "OpcodeDisplayName":  "Info",
        "TaskDisplayName":  "User Account Management",
        "KeywordsDisplayNames":  [
                                     "Audit Success"
                                 ],
        "Properties":  [
                           {
                               "Value":  {
                                             "BinaryLength":  12,
                                             "AccountDomainSid":  null,
                                             "Value":  "S-1-5-18"
                                         }
                           },
                           {
                               "Value":  "DESKTOP-0KE1UMC$"
                           },
                           {
                               "Value":  "WORKGROUP"
                           },
                           {
                               "Value":  999
                           },
                           {
                               "Value":  "MicrosoftAccount:user=02dqiexmmdqeubav"
                           },
                           {
                               "Value":  0
                           },
                           {
                               "Value":  0
                           },
                           {
                               "Value":  "%%8100"
                           },
                           {
                               "Value":  3221226021
                           },
                           {
                               "Value":  "\/Date(1788806575462)\/"
                           },
                           {
                               "Value":  23896
                           }
                       ],
        "Message":  "Credential Manager credentials were read.\r\n\r\nSubject:\r\n\tSecurity ID:\t\tS-1-5-18\r\n\tAccount Name:\t\tDESKTOP-0KE1UMC$\r\n\tAccount Domain:\t\tWORKGROUP\r\n\tLogon ID:\t\t0x3E7\r\n\tRead Operation:\t\tEnumerate Credentials\r\n\r\nThis event occurs when a user performs a read operation on stored credentials in Credential Manager."
    },
    {
        "Id":  4799,
        "Version":  0,
        "Qualifiers":  null,
        "Level":  0,
        "Task":  13826,
        "Opcode":  0,
        "Keywords":  -9214364837600034816,
        "RecordId":  459903,
        "ProviderName":  "Microsoft-Windows-Security-Auditing",
        "ProviderId":  "54849625-5478-4994-a5ba-3e3b0328c30d",
        "LogName":  "Security",
        "ProcessId":  1004,
        "ThreadId":  11796,
        "MachineName":  "DESKTOP-0KE1UMC",
        "UserId":  null,
        "TimeCreated":  "\/Date(1788806628137)\/",
        "ActivityId":  "60317226-0f18-0000-6b73-3160180fdd01",
        "RelatedActivityId":  null,
        "ContainerLog":  "Security",
        "MatchedQueryIds":  [

                            ],
        "Bookmark":  {

                     },
        "LevelDisplayName":  "Information",
        "OpcodeDisplayName":  "Info",
        "TaskDisplayName":  "Security Group Management",
        "KeywordsDisplayNames":  [
                                     "Audit Success"
                                 ],
        "Properties":  [
                           {
                               "Value":  "Administrators"
                           },
                           {
                               "Value":  "Builtin"
                           },
                           {
                               "Value":  {
                                             "BinaryLength":  16,
                                             "AccountDomainSid":  null,
                                             "Value":  "S-1-5-32-544"
                                         }
                           },
                           {
                               "Value":  {
                                             "BinaryLength":  28,
                                             "AccountDomainSid":  {
                                                                      "BinaryLength":  24,
                                                                      "AccountDomainSid":  {
                                                                                               "BinaryLength":  24,
                                                                                               "AccountDomainSid":  {
                                                                                                                        "BinaryLength":  24,
                                                                                                                        "AccountDomainSid":  {
                                                                                                                                                 "BinaryLength":  24,
                                                                                                                                                 "AccountDomainSid":  {
                                                                                                                                                                          "BinaryLength":  24,
                                                                                                                                                                          "AccountDomainSid":  {
                                                                                                                                                                                                   "BinaryLength":  24,
                                                                                                                                                                                                   "AccountDomainSid":  "S-1-5-21-1142061746-2163019219-1645668253",
                                                                                                                                                                                                   "Value":  "S-1-5-21-1142061746-2163019219-1645668253"
                                                                                                                                                                                               },
                                                                                                                                                                          "Value":  "S-1-5-21-1142061746-2163019219-1645668253"
                                                                                                                                                                      },
                                                                                                                                                 "Value":  "S-1-5-21-1142061746-2163019219-1645668253"
                                                                                                                                             },
                                                                                                                        "Value":  "S-1-5-21-1142061746-2163019219-1645668253"
                                                                                                                    },
                                                                                               "Value":  "S-1-5-21-1142061746-2163019219-1645668253"
                                                                                           },
                                                                      "Value":  "S-1-5-21-1142061746-2163019219-1645668253"
                                                                  },
                                             "Value":  "S-1-5-21-1142061746-2163019219-1645668253-1001"
                                         }
                           },
                           {
                               "Value":  "Lenovo"
                           },
                           {
                               "Value":  "DESKTOP-0KE1UMC"
                           },
                           {
                               "Value":  304509497
                           },
                           {
                               "Value":  13540
                           },
                           {
                               "Value":  "C:\\Program Files\\ESET\\ESET Security\\egui.exe"
                           }
                       ],
        "Message":  "A security-enabled local group membership was enumerated.\r\n\r\nSubject:\r\n\tSecurity ID:\t\tS-1-5-21-1142061746-2163019219-1645668253-1001\r\n\tAccount Name:\t\tLenovo\r\n\tAccount Domain:\t\tDESKTOP-0KE1UMC\r\n\tLogon ID:\t\t0x12267239\r\n\r\nGroup:\r\n\tSecurity ID:\t\tS-1-5-32-544\r\n\tGroup Name:\t\tAdministrators\r\n\tGroup Domain:\t\tBuiltin\r\n\r\nProcess Information:\r\n\tProcess ID:\t\t0x34e4\r\n\tProcess Name:\t\tC:\\Program Files\\ESET\\ESET Security\\egui.exe"
    },
    {
        "Id":  5379,
        "Version":  0,
        "Qualifiers":  null,
        "Level":  0,
        "Task":  13824,
        "Opcode":  0,
        "Keywords":  -9214364837600034816,
        "RecordId":  459902,
        "ProviderName":  "Microsoft-Windows-Security-Auditing",
        "ProviderId":  "54849625-5478-4994-a5ba-3e3b0328c30d",
        "LogName":  "Security",
        "ProcessId":  1004,
        "ThreadId":  11796,
        "MachineName":  "DESKTOP-0KE1UMC",
        "UserId":  null,
        "TimeCreated":  "\/Date(1788806613421)\/",
        "ActivityId":  "60317226-0f18-0000-6b73-3160180fdd01",
        "RelatedActivityId":  null,
        "ContainerLog":  "Security",
        "MatchedQueryIds":  [

                            ],
        "Bookmark":  {

                     },
        "LevelDisplayName":  "Information",
        "OpcodeDisplayName":  "Info",
        "TaskDisplayName":  "User Account Management",
        "KeywordsDisplayNames":  [
                                     "Audit Success"
                                 ],
        "Properties":  [
                           {
                               "Value":  {
                                             "BinaryLength":  12,
                                             "AccountDomainSid":  null,
                                             "Value":  "S-1-5-18"
                                         }
                           },
                           {
                               "Value":  "DESKTOP-0KE1UMC$"
                           },
                           {
                               "Value":  "WORKGROUP"
                           },
                           {
                               "Value":  999
                           },
                           {
                               "Value":  "WindowsLive:(cert):name=02dqiexmmdqeubav;serviceuri=*"
                           },
                           {
                               "Value":  0
                           },
                           {
                               "Value":  0
                           },
                           {
                               "Value":  "%%8100"
                           },
                           {
                               "Value":  3221226021
                           },
                           {
                               "Value":  "\/Date(1788806575462)\/"
                           },
                           {
                               "Value":  23896
                           }
                       ],
        "Message":  "Credential Manager credentials were read.\r\n\r\nSubject:\r\n\tSecurity ID:\t\tS-1-5-18\r\n\tAccount Name:\t\tDESKTOP-0KE1UMC$\r\n\tAccount Domain:\t\tWORKGROUP\r\n\tLogon ID:\t\t0x3E7\r\n\tRead Operation:\t\tEnumerate Credentials\r\n\r\nThis event occurs when a user performs a read operation on stored credentials in Credential Manager."
    },
    {
        "Id":  5379,
        "Version":  0,
        "Qualifiers":  null,
        "Level":  0,
        "Task":  13824,
        "Opcode":  0,
        "Keywords":  -9214364837600034816,
        "RecordId":  459901,
        "ProviderName":  "Microsoft-Windows-Security-Auditing",
        "ProviderId":  "54849625-5478-4994-a5ba-3e3b0328c30d",
        "LogName":  "Security",
        "ProcessId":  1004,
        "ThreadId":  11796,
        "MachineName":  "DESKTOP-0KE1UMC",
        "UserId":  null,
        "TimeCreated":  "\/Date(1788806613420)\/",
        "ActivityId":  "60317226-0f18-0000-6b73-3160180fdd01",
        "RelatedActivityId":  null,
        "ContainerLog":  "Security",
        "MatchedQueryIds":  [

                            ],
        "Bookmark":  {

                     },
        "LevelDisplayName":  "Information",
        "OpcodeDisplayName":  "Info",
        "TaskDisplayName":  "User Account Management",
        "KeywordsDisplayNames":  [
                                     "Audit Success"
                                 ],
        "Properties":  [
                           {
                               "Value":  {
                                             "BinaryLength":  12,
                                             "AccountDomainSid":  null,
                                             "Value":  "S-1-5-18"
                                         }
                           },
                           {
                               "Value":  "DESKTOP-0KE1UMC$"
                           },
                           {
                               "Value":  "WORKGROUP"
                           },
                           {
                               "Value":  999
                           },
                           {
                               "Value":  "WindowsLive:(token):name=02dqiexmmdqeubav;serviceuri=*"
                           },
                           {
                               "Value":  0
                           },
                           {
                               "Value":  0
                           },
                           {
                               "Value":  "%%8100"
                           },
                           {
                               "Value":  3221226021
                           },
                           {
                               "Value":  "\/Date(1788806575462)\/"
                           },
                           {
                               "Value":  23896
                           }
                       ],
        "Message":  "Credential Manager credentials were read.\r\n\r\nSubject:\r\n\tSecurity ID:\t\tS-1-5-18\r\n\tAccount Name:\t\tDESKTOP-0KE1UMC$\r\n\tAccount Domain:\t\tWORKGROUP\r\n\tLogon ID:\t\t0x3E7\r\n\tRead Operation:\t\tEnumerate Credentials\r\n\r\nThis event occurs when a user performs a read operation on stored credentials in Credential Manager."
    },
    {
        "Id":  5379,
        "Version":  0,
        "Qualifiers":  null,
        "Level":  0,
        "Task":  13824,
        "Opcode":  0,
        "Keywords":  -9214364837600034816,
        "RecordId":  459900,
        "ProviderName":  "Microsoft-Windows-Security-Auditing",
        "ProviderId":  "54849625-5478-4994-a5ba-3e3b0328c30d",
        "LogName":  "Security",
        "ProcessId":  1004,
        "ThreadId":  11796,
        "MachineName":  "DESKTOP-0KE1UMC",
        "UserId":  null,
        "TimeCreated":  "\/Date(1788806613420)\/",
        "ActivityId":  "60317226-0f18-0000-6b73-3160180fdd01",
        "RelatedActivityId":  null,
        "ContainerLog":  "Security",
        "MatchedQueryIds":  [

                            ],
        "Bookmark":  {

                     },
        "LevelDisplayName":  "Information",
        "OpcodeDisplayName":  "Info",
        "TaskDisplayName":  "User Account Management",
        "KeywordsDisplayNames":  [
                                     "Audit Success"
                                 ],
        "Properties":  [
                           {
                               "Value":  {
                                             "BinaryLength":  12,
                                             "AccountDomainSid":  null,
                                             "Value":  "S-1-5-18"
                                         }
                           },
                           {
                               "Value":  "DESKTOP-0KE1UMC$"
                           },
                           {
                               "Value":  "WORKGROUP"
                           },
                           {
                               "Value":  999
                           },
                           {
                               "Value":  "MicrosoftAccount:user=02dqiexmmdqeubav"
                           },
                           {
                               "Value":  0
                           },
                           {
                               "Value":  0
                           },
                           {
                               "Value":  "%%8100"
                           },
                           {
                               "Value":  3221226021
                           },
                           {
                               "Value":  "\/Date(1788806575462)\/"
                           },
                           {
                               "Value":  23896
                           }
                       ],
        "Message":  "Credential Manager credentials were read.\r\n\r\nSubject:\r\n\tSecurity ID:\t\tS-1-5-18\r\n\tAccount Name:\t\tDESKTOP-0KE1UMC$\r\n\tAccount Domain:\t\tWORKGROUP\r\n\tLogon ID:\t\t0x3E7\r\n\tRead Operation:\t\tEnumerate Credentials\r\n\r\nThis event occurs when a user performs a read operation on stored credentials in Credential Manager."
    },
    {
        "Id":  4798,
        "Version":  0,
        "Qualifiers":  null,
        "Level":  0,
        "Task":  13824,
        "Opcode":  0,
        "Keywords":  -9214364837600034816,
        "RecordId":  459899,
        "ProviderName":  "Microsoft-Windows-Security-Auditing",
        "ProviderId":  "54849625-5478-4994-a5ba-3e3b0328c30d",
        "LogName":  "Security",
        "ProcessId":  1004,
        "ThreadId":  8472,
        "MachineName":  "DESKTOP-0KE1UMC",
        "UserId":  null,
        "TimeCreated":  "\/Date(1788806611481)\/",
        "ActivityId":  "60317226-0f18-0000-6b73-3160180fdd01",
        "RelatedActivityId":  null,
        "ContainerLog":  "Security",
        "MatchedQueryIds":  [

                            ],
        "Bookmark":  {

                     },
        "LevelDisplayName":  "Information",
        "OpcodeDisplayName":  "Info",
        "TaskDisplayName":  "User Account Management",
        "KeywordsDisplayNames":  [
                                     "Audit Success"
                                 ],
        "Properties":  [
                           {
                               "Value":  "Lenovo"
                           },
                           {
                               "Value":  "DESKTOP-0KE1UMC"
                           },
                           {
                               "Value":  {
                                             "BinaryLength":  28,
                                             "AccountDomainSid":  {
                                                                      "BinaryLength":  24,
                                                                      "AccountDomainSid":  {
                                                                                               "BinaryLength":  24,
                                                                                               "AccountDomainSid":  {
                                                                                                                        "BinaryLength":  24,
                                                                                                                        "AccountDomainSid":  {
                                                                                                                                                 "BinaryLength":  24,
                                                                                                                                                 "AccountDomainSid":  {
                                                                                                                                                                          "BinaryLength":  24,
                                                                                                                                                                          "AccountDomainSid":  {
                                                                                                                                                                                                   "BinaryLength":  24,
                                                                                                                                                                                                   "AccountDomainSid":  "S-1-5-21-1142061746-2163019219-1645668253",
                                                                                                                                                                                                   "Value":  "S-1-5-21-1142061746-2163019219-1645668253"
                                                                                                                                                                                               },
                                                                                                                                                                          "Value":  "S-1-5-21-1142061746-2163019219-1645668253"
                                                                                                                                                                      },
                                                                                                                                                 "Value":  "S-1-5-21-1142061746-2163019219-1645668253"
                                                                                                                                             },
                                                                                                                        "Value":  "S-1-5-21-1142061746-2163019219-1645668253"
                                                                                                                    },
                                                                                               "Value":  "S-1-5-21-1142061746-2163019219-1645668253"
                                                                                           },
                                                                      "Value":  "S-1-5-21-1142061746-2163019219-1645668253"
                                                                  },
                                             "Value":  "S-1-5-21-1142061746-2163019219-1645668253-1001"
                                         }
                           },
                           {
                               "Value":  {
                                             "BinaryLength":  28,
                                             "AccountDomainSid":  {
                                                                      "BinaryLength":  24,
                                                                      "AccountDomainSid":  {
                                                                                               "BinaryLength":  24,
                                                                                               "AccountDomainSid":  {
                                                                                                                        "BinaryLength":  24,
                                                                                                                        "AccountDomainSid":  {
                                                                                                                                                 "BinaryLength":  24,
                                                                                                                                                 "AccountDomainSid":  {
                                                                                                                                                                          "BinaryLength":  24,
                                                                                                                                                                          "AccountDomainSid":  {
                                                                                                                                                                                                   "BinaryLength":  24,
                                                                                                                                                                                                   "AccountDomainSid":  "S-1-5-21-1142061746-2163019219-1645668253",
                                                                                                                                                                                                   "Value":  "S-1-5-21-1142061746-2163019219-1645668253"
                                                                                                                                                                                               },
                                                                                                                                                                          "Value":  "S-1-5-21-1142061746-2163019219-1645668253"
                                                                                                                                                                      },
                                                                                                                                                 "Value":  "S-1-5-21-1142061746-2163019219-1645668253"
                                                                                                                                             },
                                                                                                                        "Value":  "S-1-5-21-1142061746-2163019219-1645668253"
                                                                                                                    },
                                                                                               "Value":  "S-1-5-21-1142061746-2163019219-1645668253"
                                                                                           },
                                                                      "Value":  "S-1-5-21-1142061746-2163019219-1645668253"
                                                                  },
                                             "Value":  "S-1-5-21-1142061746-2163019219-1645668253-1001"
                                         }
                           },
                           {
                               "Value":  "Lenovo"
                           },
                           {
                               "Value":  "DESKTOP-0KE1UMC"
                           },
                           {
                               "Value":  304509497
                           },
                           {
                               "Value":  16728
                           },
                           {
                               "Value":  "C:\\Program Files\\Git\\usr\\bin\\less.exe"
                           }
                       ],
        "Message":  "A user\u0027s local group membership was enumerated.\r\n\r\nSubject:\r\n\tSecurity ID:\t\tS-1-5-21-1142061746-2163019219-1645668253-1001\r\n\tAccount Name:\t\tLenovo\r\n\tAccount Domain:\t\tDESKTOP-0KE1UMC\r\n\tLogon ID:\t\t0x12267239\r\n\r\nUser:\r\n\tSecurity ID:\t\tS-1-5-21-1142061746-2163019219-1645668253-1001\r\n\tAccount Name:\t\tLenovo\r\n\tAccount Domain:\t\tDESKTOP-0KE1UMC\r\n\r\nProcess Information:\r\n\tProcess ID:\t\t0x4158\r\n\tProcess Name:\t\tC:\\Program Files\\Git\\usr\\bin\\less.exe"
    },
