    {
        "Id":  5379,
        "Version":  0,
        "Qualifiers":  null,
        "Level":  0,
        "Task":  13824,
        "Opcode":  0,
        "Keywords":  -9214364837600034816,
        "RecordId":  459948,
        "ProviderName":  "Microsoft-Windows-Security-Auditing",
        "ProviderId":  "54849625-5478-4994-a5ba-3e3b0328c30d",
        "LogName":  "Security",
        "ProcessId":  1004,
        "ThreadId":  1172,
        "MachineName":  "DESKTOP-0KE1UMC",
        "UserId":  null,
        "TimeCreated":  "\/Date(1788808228884)\/",
        "ActivityId":  "60317226-0f18-0000-6b73-3160180fdd01",
        "RelatedActivityId":  null,
        "ContainerLog":  "Security",
        "MatchedQueryIds":  [

                            ],
        "Bookmark":  {

                     },
        "LevelDisplayName":  "Information",
        "OpcodeDisplayName":  "Info",
        "TaskDisplayName":  "User Account Management",
        "KeywordsDisplayNames":  [
                                     "Audit Success"
                                 ],
        "Properties":  [
                           {
                               "Value":  {
                                             "BinaryLength":  28,
                                             "AccountDomainSid":  {
                                                                      "BinaryLength":  24,
                                                                      "AccountDomainSid":  {
                                                                                               "BinaryLength":  24,
                                                                                               "AccountDomainSid":  {
                                                                                                                        "BinaryLength":  24,
                                                                                                                        "AccountDomainSid":  {
                                                                                                                                                 "BinaryLength":  24,
                                                                                                                                                 "AccountDomainSid":  {
                                                                                                                                                                          "BinaryLength":  24,
                                                                                                                                                                          "AccountDomainSid":  {
                                                                                                                                                                                                   "BinaryLength":  24,
                                                                                                                                                                                                   "AccountDomainSid":  "S-1-5-21-1142061746-2163019219-1645668253",
                                                                                                                                                                                                   "Value":  "S-1-5-21-1142061746-2163019219-1645668253"
                                                                                                                                                                                               },
                                                                                                                                                                          "Value":  "S-1-5-21-1142061746-2163019219-1645668253"
                                                                                                                                                                      },
                                                                                                                                                 "Value":  "S-1-5-21-1142061746-2163019219-1645668253"
                                                                                                                                             },
                                                                                                                        "Value":  "S-1-5-21-1142061746-2163019219-1645668253"
                                                                                                                    },
                                                                                               "Value":  "S-1-5-21-1142061746-2163019219-1645668253"
                                                                                           },
                                                                      "Value":  "S-1-5-21-1142061746-2163019219-1645668253"
                                                                  },
                                             "Value":  "S-1-5-21-1142061746-2163019219-1645668253-1001"
                                         }
                           },
                           {
                               "Value":  "Lenovo"
                           },
                           {
                               "Value":  "DESKTOP-0KE1UMC"
                           },
                           {
                               "Value":  304509497
                           },
                           {
                               "Value":  "WindowsLive:(token):name=02nmmtjuryokfimb;serviceuri=*"
                           },
                           {
                               "Value":  0
                           },
                           {
                               "Value":  0
                           },
                           {
                               "Value":  "%%8100"
                           },
                           {
                               "Value":  3221226021
                           },
                           {
                               "Value":  "\/Date(1788808228708)\/"
                           },
                           {
                               "Value":  19268
                           }
                       ],
        "Message":  "Credential Manager credentials were read.\r\n\r\nSubject:\r\n\tSecurity ID:\t\tS-1-5-21-1142061746-2163019219-1645668253-1001\r\n\tAccount Name:\t\tLenovo\r\n\tAccount Domain:\t\tDESKTOP-0KE1UMC\r\n\tLogon ID:\t\t0x12267239\r\n\tRead Operation:\t\tEnumerate Credentials\r\n\r\nThis event occurs when a user performs a read operation on stored credentials in Credential Manager."
    },
    {
        "Id":  5379,
        "Version":  0,
        "Qualifiers":  null,
        "Level":  0,
        "Task":  13824,
        "Opcode":  0,
        "Keywords":  -9214364837600034816,
        "RecordId":  459947,
        "ProviderName":  "Microsoft-Windows-Security-Auditing",
        "ProviderId":  "54849625-5478-4994-a5ba-3e3b0328c30d",
        "LogName":  "Security",
        "ProcessId":  1004,
        "ThreadId":  1172,
        "MachineName":  "DESKTOP-0KE1UMC",
        "UserId":  null,
        "TimeCreated":  "\/Date(1788808228883)\/",
        "ActivityId":  "60317226-0f18-0000-6b73-3160180fdd01",
        "RelatedActivityId":  null,
        "ContainerLog":  "Security",
        "MatchedQueryIds":  [

                            ],
        "Bookmark":  {

                     },
        "LevelDisplayName":  "Information",
        "OpcodeDisplayName":  "Info",
        "TaskDisplayName":  "User Account Management",
        "KeywordsDisplayNames":  [
                                     "Audit Success"
                                 ],
        "Properties":  [
                           {
                               "Value":  {
                                             "BinaryLength":  28,
                                             "AccountDomainSid":  {
                                                                      "BinaryLength":  24,
                                                                      "AccountDomainSid":  {
                                                                                               "BinaryLength":  24,
                                                                                               "AccountDomainSid":  {
                                                                                                                        "BinaryLength":  24,
                                                                                                                        "AccountDomainSid":  {
                                                                                                                                                 "BinaryLength":  24,
                                                                                                                                                 "AccountDomainSid":  {
                                                                                                                                                                          "BinaryLength":  24,
                                                                                                                                                                          "AccountDomainSid":  {
                                                                                                                                                                                                   "BinaryLength":  24,
                                                                                                                                                                                                   "AccountDomainSid":  "S-1-5-21-1142061746-2163019219-1645668253",
                                                                                                                                                                                                   "Value":  "S-1-5-21-1142061746-2163019219-1645668253"
                                                                                                                                                                                               },
                                                                                                                                                                          "Value":  "S-1-5-21-1142061746-2163019219-1645668253"
                                                                                                                                                                      },
                                                                                                                                                 "Value":  "S-1-5-21-1142061746-2163019219-1645668253"
                                                                                                                                             },
                                                                                                                        "Value":  "S-1-5-21-1142061746-2163019219-1645668253"
                                                                                                                    },
                                                                                               "Value":  "S-1-5-21-1142061746-2163019219-1645668253"
                                                                                           },
                                                                      "Value":  "S-1-5-21-1142061746-2163019219-1645668253"
                                                                  },
                                             "Value":  "S-1-5-21-1142061746-2163019219-1645668253-1001"
                                         }
                           },
                           {
                               "Value":  "Lenovo"
                           },
                           {
                               "Value":  "DESKTOP-0KE1UMC"
                           },
                           {
                               "Value":  304509497
                           },
                           {
                               "Value":  "MicrosoftAccount:user=02nmmtjuryokfimb"
                           },
                           {
                               "Value":  0
                           },
                           {
                               "Value":  0
                           },
                           {
                               "Value":  "%%8100"
                           },
                           {
                               "Value":  3221226021
                           },
                           {
                               "Value":  "\/Date(1788808228708)\/"
                           },
                           {
                               "Value":  19268
                           }
                       ],
        "Message":  "Credential Manager credentials were read.\r\n\r\nSubject:\r\n\tSecurity ID:\t\tS-1-5-21-1142061746-2163019219-1645668253-1001\r\n\tAccount Name:\t\tLenovo\r\n\tAccount Domain:\t\tDESKTOP-0KE1UMC\r\n\tLogon ID:\t\t0x12267239\r\n\tRead Operation:\t\tEnumerate Credentials\r\n\r\nThis event occurs when a user performs a read operation on stored credentials in Credential Manager."
    },
    {
        "Id":  5379,
        "Version":  0,
        "Qualifiers":  null,
        "Level":  0,
        "Task":  13824,
        "Opcode":  0,
        "Keywords":  -9214364837600034816,
        "RecordId":  459946,
        "ProviderName":  "Microsoft-Windows-Security-Auditing",
        "ProviderId":  "54849625-5478-4994-a5ba-3e3b0328c30d",
        "LogName":  "Security",
        "ProcessId":  1004,
        "ThreadId":  1172,
        "MachineName":  "DESKTOP-0KE1UMC",
        "UserId":  null,
        "TimeCreated":  "\/Date(1788808228879)\/",
        "ActivityId":  "60317226-0f18-0000-6b73-3160180fdd01",
        "RelatedActivityId":  null,
        "ContainerLog":  "Security",
        "MatchedQueryIds":  [

                            ],
        "Bookmark":  {

                     },
        "LevelDisplayName":  "Information",
        "OpcodeDisplayName":  "Info",
        "TaskDisplayName":  "User Account Management",
        "KeywordsDisplayNames":  [
                                     "Audit Success"
                                 ],
        "Properties":  [
                           {
                               "Value":  {
                                             "BinaryLength":  28,
                                             "AccountDomainSid":  {
                                                                      "BinaryLength":  24,
                                                                      "AccountDomainSid":  {
                                                                                               "BinaryLength":  24,
                                                                                               "AccountDomainSid":  {
                                                                                                                        "BinaryLength":  24,
                                                                                                                        "AccountDomainSid":  {
                                                                                                                                                 "BinaryLength":  24,
                                                                                                                                                 "AccountDomainSid":  {
                                                                                                                                                                          "BinaryLength":  24,
                                                                                                                                                                          "AccountDomainSid":  {
                                                                                                                                                                                                   "BinaryLength":  24,
                                                                                                                                                                                                   "AccountDomainSid":  "S-1-5-21-1142061746-2163019219-1645668253",
                                                                                                                                                                                                   "Value":  "S-1-5-21-1142061746-2163019219-1645668253"
                                                                                                                                                                                               },
                                                                                                                                                                          "Value":  "S-1-5-21-1142061746-2163019219-1645668253"
                                                                                                                                                                      },
                                                                                                                                                 "Value":  "S-1-5-21-1142061746-2163019219-1645668253"
                                                                                                                                             },
                                                                                                                        "Value":  "S-1-5-21-1142061746-2163019219-1645668253"
                                                                                                                    },
                                                                                               "Value":  "S-1-5-21-1142061746-2163019219-1645668253"
                                                                                           },
                                                                      "Value":  "S-1-5-21-1142061746-2163019219-1645668253"
                                                                  },
                                             "Value":  "S-1-5-21-1142061746-2163019219-1645668253-1001"
                                         }
                           },
                           {
                               "Value":  "Lenovo"
                           },
                           {
                               "Value":  "DESKTOP-0KE1UMC"
                           },
                           {
                               "Value":  304509497
                           },
                           {
                               "Value":  "WindowsLive:target=virtualapp/didlogical"
                           },
                           {
                               "Value":  0
                           },
                           {
                               "Value":  1
                           },
                           {
                               "Value":  "%%8100"
                           },
                           {
                               "Value":  0
                           },
                           {
                               "Value":  "\/Date(1788808228708)\/"
                           },
                           {
                               "Value":  19268
                           }
                       ],
        "Message":  "Credential Manager credentials were read.\r\n\r\nSubject:\r\n\tSecurity ID:\t\tS-1-5-21-1142061746-2163019219-1645668253-1001\r\n\tAccount Name:\t\tLenovo\r\n\tAccount Domain:\t\tDESKTOP-0KE1UMC\r\n\tLogon ID:\t\t0x12267239\r\n\tRead Operation:\t\tEnumerate Credentials\r\n\r\nThis event occurs when a user performs a read operation on stored credentials in Credential Manager."
    },
    {
        "Id":  5379,
        "Version":  0,
        "Qualifiers":  null,
        "Level":  0,
        "Task":  13824,
        "Opcode":  0,
        "Keywords":  -9214364837600034816,
        "RecordId":  459945,
        "ProviderName":  "Microsoft-Windows-Security-Auditing",
        "ProviderId":  "54849625-5478-4994-a5ba-3e3b0328c30d",
        "LogName":  "Security",
        "ProcessId":  1004,
        "ThreadId":  1172,
        "MachineName":  "DESKTOP-0KE1UMC",
        "UserId":  null,
        "TimeCreated":  "\/Date(1788808228879)\/",
        "ActivityId":  "60317226-0f18-0000-6b73-3160180fdd01",
        "RelatedActivityId":  null,
        "ContainerLog":  "Security",
        "MatchedQueryIds":  [

                            ],
        "Bookmark":  {

                     },
        "LevelDisplayName":  "Information",
        "OpcodeDisplayName":  "Info",
        "TaskDisplayName":  "User Account Management",
        "KeywordsDisplayNames":  [
                                     "Audit Success"
                                 ],
        "Properties":  [
                           {
                               "Value":  {
                                             "BinaryLength":  28,
                                             "AccountDomainSid":  {
                                                                      "BinaryLength":  24,
                                                                      "AccountDomainSid":  {
                                                                                               "BinaryLength":  24,
                                                                                               "AccountDomainSid":  {
                                                                                                                        "BinaryLength":  24,
                                                                                                                        "AccountDomainSid":  {
                                                                                                                                                 "BinaryLength":  24,
                                                                                                                                                 "AccountDomainSid":  {
                                                                                                                                                                          "BinaryLength":  24,
                                                                                                                                                                          "AccountDomainSid":  {
                                                                                                                                                                                                   "BinaryLength":  24,
                                                                                                                                                                                                   "AccountDomainSid":  "S-1-5-21-1142061746-2163019219-1645668253",
                                                                                                                                                                                                   "Value":  "S-1-5-21-1142061746-2163019219-1645668253"
                                                                                                                                                                                               },
                                                                                                                                                                          "Value":  "S-1-5-21-1142061746-2163019219-1645668253"
                                                                                                                                                                      },
                                                                                                                                                 "Value":  "S-1-5-21-1142061746-2163019219-1645668253"
                                                                                                                                             },
                                                                                                                        "Value":  "S-1-5-21-1142061746-2163019219-1645668253"
                                                                                                                    },
                                                                                               "Value":  "S-1-5-21-1142061746-2163019219-1645668253"
                                                                                           },
                                                                      "Value":  "S-1-5-21-1142061746-2163019219-1645668253"
                                                                  },
                                             "Value":  "S-1-5-21-1142061746-2163019219-1645668253-1001"
                                         }
                           },
                           {
                               "Value":  "Lenovo"
                           },
                           {
                               "Value":  "DESKTOP-0KE1UMC"
                           },
                           {
                               "Value":  304509497
                           },
                           {
                               "Value":  "WindowsLive:(cert):name=02nmmtjuryokfimb;serviceuri=*"
                           },
                           {
                               "Value":  0
                           },
                           {
                               "Value":  0
                           },
                           {
                               "Value":  "%%8100"
                           },
                           {
                               "Value":  3221226021
                           },
                           {
                               "Value":  "\/Date(1788808228708)\/"
                           },
                           {
                               "Value":  19268
                           }
                       ],
        "Message":  "Credential Manager credentials were read.\r\n\r\nSubject:\r\n\tSecurity ID:\t\tS-1-5-21-1142061746-2163019219-1645668253-1001\r\n\tAccount Name:\t\tLenovo\r\n\tAccount Domain:\t\tDESKTOP-0KE1UMC\r\n\tLogon ID:\t\t0x12267239\r\n\tRead Operation:\t\tEnumerate Credentials\r\n\r\nThis event occurs when a user performs a read operation on stored credentials in Credential Manager."
    },
    {
        "Id":  5379,
        "Version":  0,
        "Qualifiers":  null,
        "Level":  0,
        "Task":  13824,
        "Opcode":  0,
        "Keywords":  -9214364837600034816,
        "RecordId":  459944,
        "ProviderName":  "Microsoft-Windows-Security-Auditing",
        "ProviderId":  "54849625-5478-4994-a5ba-3e3b0328c30d",
        "LogName":  "Security",
        "ProcessId":  1004,
        "ThreadId":  1172,
        "MachineName":  "DESKTOP-0KE1UMC",
        "UserId":  null,
        "TimeCreated":  "\/Date(1788808228878)\/",
        "ActivityId":  "60317226-0f18-0000-6b73-3160180fdd01",
        "RelatedActivityId":  null,
        "ContainerLog":  "Security",
        "MatchedQueryIds":  [

                            ],
        "Bookmark":  {

                     },
        "LevelDisplayName":  "Information",
        "OpcodeDisplayName":  "Info",
        "TaskDisplayName":  "User Account Management",
        "KeywordsDisplayNames":  [
                                     "Audit Success"
                                 ],
        "Properties":  [
                           {
                               "Value":  {
                                             "BinaryLength":  28,
                                             "AccountDomainSid":  {
                                                                      "BinaryLength":  24,
                                                                      "AccountDomainSid":  {
                                                                                               "BinaryLength":  24,
                                                                                               "AccountDomainSid":  {
                                                                                                                        "BinaryLength":  24,
                                                                                                                        "AccountDomainSid":  {
                                                                                                                                                 "BinaryLength":  24,
                                                                                                                                                 "AccountDomainSid":  {
                                                                                                                                                                          "BinaryLength":  24,
                                                                                                                                                                          "AccountDomainSid":  {
                                                                                                                                                                                                   "BinaryLength":  24,
                                                                                                                                                                                                   "AccountDomainSid":  "S-1-5-21-1142061746-2163019219-1645668253",
                                                                                                                                                                                                   "Value":  "S-1-5-21-1142061746-2163019219-1645668253"
                                                                                                                                                                                               },
                                                                                                                                                                          "Value":  "S-1-5-21-1142061746-2163019219-1645668253"
                                                                                                                                                                      },
                                                                                                                                                 "Value":  "S-1-5-21-1142061746-2163019219-1645668253"
                                                                                                                                             },
                                                                                                                        "Value":  "S-1-5-21-1142061746-2163019219-1645668253"
                                                                                                                    },
                                                                                               "Value":  "S-1-5-21-1142061746-2163019219-1645668253"
                                                                                           },
                                                                      "Value":  "S-1-5-21-1142061746-2163019219-1645668253"
                                                                  },
                                             "Value":  "S-1-5-21-1142061746-2163019219-1645668253-1001"
                                         }
                           },
                           {
                               "Value":  "Lenovo"
                           },
                           {
                               "Value":  "DESKTOP-0KE1UMC"
                           },
                           {
                               "Value":  304509497
                           },
                           {
                               "Value":  "WindowsLive:(token):name=02nmmtjuryokfimb;serviceuri=*"
                           },
                           {
                               "Value":  0
                           },
                           {
                               "Value":  0
                           },
                           {
                               "Value":  "%%8100"
                           },
                           {
                               "Value":  3221226021
                           },
                           {
                               "Value":  "\/Date(1788808228708)\/"
                           },
                           {
                               "Value":  19268
                           }
                       ],
        "Message":  "Credential Manager credentials were read.\r\n\r\nSubject:\r\n\tSecurity ID:\t\tS-1-5-21-1142061746-2163019219-1645668253-1001\r\n\tAccount Name:\t\tLenovo\r\n\tAccount Domain:\t\tDESKTOP-0KE1UMC\r\n\tLogon ID:\t\t0x12267239\r\n\tRead Operation:\t\tEnumerate Credentials\r\n\r\nThis event occurs when a user performs a read operation on stored credentials in Credential Manager."
    },
    {
        "Id":  5379,
        "Version":  0,
        "Qualifiers":  null,
        "Level":  0,
        "Task":  13824,
        "Opcode":  0,
        "Keywords":  -9214364837600034816,
        "RecordId":  459943,
        "ProviderName":  "Microsoft-Windows-Security-Auditing",
        "ProviderId":  "54849625-5478-4994-a5ba-3e3b0328c30d",
        "LogName":  "Security",
        "ProcessId":  1004,
        "ThreadId":  1172,
        "MachineName":  "DESKTOP-0KE1UMC",
        "UserId":  null,
        "TimeCreated":  "\/Date(1788808228871)\/",
        "ActivityId":  "60317226-0f18-0000-6b73-3160180fdd01",
        "RelatedActivityId":  null,
        "ContainerLog":  "Security",
        "MatchedQueryIds":  [

                            ],
        "Bookmark":  {

                     },
        "LevelDisplayName":  "Information",
        "OpcodeDisplayName":  "Info",
        "TaskDisplayName":  "User Account Management",
        "KeywordsDisplayNames":  [
                                     "Audit Success"
                                 ],
        "Properties":  [
                           {
                               "Value":  {
                                             "BinaryLength":  12,
                                             "AccountDomainSid":  null,
                                             "Value":  "S-1-5-18"
                                         }
                           },
                           {
                               "Value":  "DESKTOP-0KE1UMC$"
                           },
                           {
                               "Value":  "WORKGROUP"
                           },
                           {
                               "Value":  999
                           },
                           {
                               "Value":  "WindowsLive:target=virtualapp/didlogical"
                           },
                           {
                               "Value":  0
                           },
                           {
                               "Value":  1
                           },
                           {
                               "Value":  "%%8100"
                           },
                           {
                               "Value":  0
                           },
                           {
                               "Value":  "\/Date(1788808228708)\/"
                           },
                           {
                               "Value":  19268
                           }
                       ],
        "Message":  "Credential Manager credentials were read.\r\n\r\nSubject:\r\n\tSecurity ID:\t\tS-1-5-18\r\n\tAccount Name:\t\tDESKTOP-0KE1UMC$\r\n\tAccount Domain:\t\tWORKGROUP\r\n\tLogon ID:\t\t0x3E7\r\n\tRead Operation:\t\tEnumerate Credentials\r\n\r\nThis event occurs when a user performs a read operation on stored credentials in Credential Manager."
    },
    {
        "Id":  5379,
        "Version":  0,
        "Qualifiers":  null,
        "Level":  0,
        "Task":  13824,
        "Opcode":  0,
        "Keywords":  -9214364837600034816,
        "RecordId":  459942,
        "ProviderName":  "Microsoft-Windows-Security-Auditing",
        "ProviderId":  "54849625-5478-4994-a5ba-3e3b0328c30d",
        "LogName":  "Security",
        "ProcessId":  1004,
        "ThreadId":  1172,
        "MachineName":  "DESKTOP-0KE1UMC",
        "UserId":  null,
        "TimeCreated":  "\/Date(1788808228871)\/",
        "ActivityId":  "60317226-0f18-0000-6b73-3160180fdd01",
        "RelatedActivityId":  null,
        "ContainerLog":  "Security",
        "MatchedQueryIds":  [

                            ],
        "Bookmark":  {

                     },
        "LevelDisplayName":  "Information",
        "OpcodeDisplayName":  "Info",
        "TaskDisplayName":  "User Account Management",
        "KeywordsDisplayNames":  [
                                     "Audit Success"
                                 ],
        "Properties":  [
                           {
                               "Value":  {
                                             "BinaryLength":  12,
                                             "AccountDomainSid":  null,
                                             "Value":  "S-1-5-18"
                                         }
                           },
                           {
                               "Value":  "DESKTOP-0KE1UMC$"
                           },
                           {
                               "Value":  "WORKGROUP"
                           },
                           {
                               "Value":  999
                           },
                           {
                               "Value":  "WindowsLive:(cert):name=02dqiexmmdqeubav;serviceuri=*"
                           },
                           {
                               "Value":  0
                           },
                           {
                               "Value":  0
                           },
                           {
                               "Value":  "%%8100"
                           },
                           {
                               "Value":  3221226021
                           },
                           {
                               "Value":  "\/Date(1788808228708)\/"
                           },
                           {
                               "Value":  19268
                           }
                       ],
        "Message":  "Credential Manager credentials were read.\r\n\r\nSubject:\r\n\tSecurity ID:\t\tS-1-5-18\r\n\tAccount Name:\t\tDESKTOP-0KE1UMC$\r\n\tAccount Domain:\t\tWORKGROUP\r\n\tLogon ID:\t\t0x3E7\r\n\tRead Operation:\t\tEnumerate Credentials\r\n\r\nThis event occurs when a user performs a read operation on stored credentials in Credential Manager."
    },
    {
        "Id":  5379,
        "Version":  0,
        "Qualifiers":  null,
        "Level":  0,
        "Task":  13824,
        "Opcode":  0,
        "Keywords":  -9214364837600034816,
        "RecordId":  459941,
        "ProviderName":  "Microsoft-Windows-Security-Auditing",
        "ProviderId":  "54849625-5478-4994-a5ba-3e3b0328c30d",
        "LogName":  "Security",
        "ProcessId":  1004,
        "ThreadId":  1172,
        "MachineName":  "DESKTOP-0KE1UMC",
        "UserId":  null,
        "TimeCreated":  "\/Date(1788808228870)\/",
        "ActivityId":  "60317226-0f18-0000-6b73-3160180fdd01",
        "RelatedActivityId":  null,
        "ContainerLog":  "Security",
        "MatchedQueryIds":  [

                            ],
        "Bookmark":  {

                     },
        "LevelDisplayName":  "Information",
        "OpcodeDisplayName":  "Info",
        "TaskDisplayName":  "User Account Management",
        "KeywordsDisplayNames":  [
                                     "Audit Success"
                                 ],
        "Properties":  [
                           {
                               "Value":  {
                                             "BinaryLength":  12,
                                             "AccountDomainSid":  null,
                                             "Value":  "S-1-5-18"
                                         }
                           },
                           {
                               "Value":  "DESKTOP-0KE1UMC$"
                           },
                           {
                               "Value":  "WORKGROUP"
                           },
                           {
                               "Value":  999
                           },
                           {
                               "Value":  "WindowsLive:(token):name=02dqiexmmdqeubav;serviceuri=*"
                           },
                           {
                               "Value":  0
                           },
                           {
                               "Value":  0
                           },
                           {
                               "Value":  "%%8100"
                           },
                           {
                               "Value":  3221226021
                           },
                           {
                               "Value":  "\/Date(1788808228708)\/"
                           },
                           {
                               "Value":  19268
                           }
                       ],
        "Message":  "Credential Manager credentials were read.\r\n\r\nSubject:\r\n\tSecurity ID:\t\tS-1-5-18\r\n\tAccount Name:\t\tDESKTOP-0KE1UMC$\r\n\tAccount Domain:\t\tWORKGROUP\r\n\tLogon ID:\t\t0x3E7\r\n\tRead Operation:\t\tEnumerate Credentials\r\n\r\nThis event occurs when a user performs a read operation on stored credentials in Credential Manager."
    },
    {
        "Id":  4672,
        "Version":  0,
        "Qualifiers":  null,
        "Level":  0,
        "Task":  12548,
        "Opcode":  0,
        "Keywords":  -9214364837600034816,
        "RecordId":  459940,
        "ProviderName":  "Microsoft-Windows-Security-Auditing",
        "ProviderId":  "54849625-5478-4994-a5ba-3e3b0328c30d",
        "LogName":  "Security",
        "ProcessId":  1004,
        "ThreadId":  1172,
        "MachineName":  "DESKTOP-0KE1UMC",
        "UserId":  null,
        "TimeCreated":  "\/Date(1788808228704)\/",
        "ActivityId":  "60317226-0f18-0000-6b73-3160180fdd01",
        "RelatedActivityId":  null,
        "ContainerLog":  "Security",
        "MatchedQueryIds":  [

                            ],
        "Bookmark":  {

                     },
        "LevelDisplayName":  "Information",
        "OpcodeDisplayName":  "Info",
        "TaskDisplayName":  "Special Logon",
        "KeywordsDisplayNames":  [
                                     "Audit Success"
                                 ],
        "Properties":  [
                           {
                               "Value":  {
                                             "BinaryLength":  12,
                                             "AccountDomainSid":  null,
                                             "Value":  "S-1-5-18"
                                         }
                           },
                           {
                               "Value":  "SYSTEM"
                           },
                           {
                               "Value":  "NT AUTHORITY"
                           },
                           {
                               "Value":  999
                           },
                           {
                               "Value":  "SeAssignPrimaryTokenPrivilege\r\n\t\t\tSeTcbPrivilege\r\n\t\t\tSeSecurityPrivilege\r\n\t\t\tSeTakeOwnershipPrivilege\r\n\t\t\tSeLoadDriverPrivilege\r\n\t\t\tSeBackupPrivilege\r\n\t\t\tSeRestorePrivilege\r\n\t\t\tSeDebugPrivilege\r\n\t\t\tSeAuditPrivilege\r\n\t\t\tSeSystemEnvironmentPrivilege\r\n\t\t\tSeImpersonatePrivilege\r\n\t\t\tSeDelegateSessionUserImpersonatePrivilege"
                           }
                       ],
        "Message":  "Special privileges assigned to new logon.\r\n\r\nSubject:\r\n\tSecurity ID:\t\tS-1-5-18\r\n\tAccount Name:\t\tSYSTEM\r\n\tAccount Domain:\t\tNT AUTHORITY\r\n\tLogon ID:\t\t0x3E7\r\n\r\nPrivileges:\t\tSeAssignPrimaryTokenPrivilege\r\n\t\t\tSeTcbPrivilege\r\n\t\t\tSeSecurityPrivilege\r\n\t\t\tSeTakeOwnershipPrivilege\r\n\t\t\tSeLoadDriverPrivilege\r\n\t\t\tSeBackupPrivilege\r\n\t\t\tSeRestorePrivilege\r\n\t\t\tSeDebugPrivilege\r\n\t\t\tSeAuditPrivilege\r\n\t\t\tSeSystemEnvironmentPrivilege\r\n\t\t\tSeImpersonatePrivilege\r\n\t\t\tSeDelegateSessionUserImpersonatePrivilege"
    },
